<?xml version="1.0" encoding="UTF-8"?>
<robot generator="Robot 6.1.1 (Python 3.12.3 on win32)" generated="20240525 02:31:23.219" rpa="false" schemaversion="4">
<suite id="s1" name="Features" source="C:\ProjetosC\serveRest-robot\features">
<suite id="s1-s1" name="01 - Login" source="C:\ProjetosC\serveRest-robot\features\01 - login.robot">
<kw name="Conectar a API" library="services" type="SETUP">
<arg>/login</arg>
<kw name="Create Session" library="RequestsLibrary">
<arg>apiServeRest</arg>
<arg>${base_url}</arg>
<arg>${headersLogin}</arg>
<doc>Create Session: create a HTTP session to a server</doc>
<msg timestamp="20240525 02:31:23.988" level="INFO">Creating Session using : alias=apiServeRest, url=https://serverest.dev, headers={'accept': 'application/json', 'Content-Type': 'application/json'},                     cookies={}, auth=None, timeout=None, proxies=None, verify=False,                     debug=0 </msg>
<status status="PASS" starttime="20240525 02:31:23.986" endtime="20240525 02:31:23.988"/>
</kw>
<status status="PASS" starttime="20240525 02:31:23.986" endtime="20240525 02:31:23.988"/>
</kw>
<test id="s1-s1-t1" name="Login" line="10">
<kw name="Quando entrar com usuario e senha" library="login">
<kw name="Post in" library="services">
<var>${RESPOSTA}</var>
<arg>/login</arg>
<arg>${bodyLOGIN}</arg>
<kw name="POST" library="RequestsLibrary">
<var>${response}</var>
<arg>${base_url}${endpoint}</arg>
<arg>json=${body}</arg>
<arg>headers=${headersLogin}</arg>
<doc>Sends a POST request.</doc>
<msg timestamp="20240525 02:31:25.014" level="INFO">POST Request : url=https://serverest.dev/login 
 path_url=/login 
 headers={'User-Agent': 'python-requests/2.31.0', 'Accept-Encoding': 'gzip, deflate', 'accept': 'application/json', 'Connection': 'keep-alive', 'Content-Type': 'application/json', 'Content-Length': '54'} 
 body=b'{"email": "sandroteste@qa.com", "password": "testeQA"}' 
 </msg>
<msg timestamp="20240525 02:31:25.015" level="INFO">POST Response : url=https://serverest.dev/login 
 status=200, reason=OK 
 headers={'access-control-allow-origin': '*', 'x-dns-prefetch-control': 'off', 'x-frame-options': 'SAMEORIGIN', 'strict-transport-security': 'max-age=15552000; includeSubDomains', 'x-download-options': 'noopen', 'x-content-type-options': 'nosniff', 'x-xss-protection': '1; mode=block', 'content-type': 'application/json; charset=utf-8', 'X-Cloud-Trace-Context': '22dbd3da3c6fada1045c4e50472c9b0f;o=1', 'Date': 'Sat, 25 May 2024 05:31:25 GMT', 'Server': 'Google Frontend', 'Content-Length': '275'} 
 body={
    "message": "Login realizado com sucesso",
    "authorization": "Bearer eyJhbGciOiJIUzI1NiIsInR5cCI6IkpXVCJ9.eyJlbWFpbCI6InNhbmRyb3Rlc3RlQHFhLmNvbSIsInBhc3N3b3JkIjoidGVzdGVRQSIsImlhdCI6MTcxNjYxNTA4NSwiZXhwIjoxNzE2NjE1Njg1fQ.ys9qecuKVAu3sDrnql8EXdfra6BGpd_GMADEUtyq_ac"
} 
 </msg>
<msg timestamp="20240525 02:31:25.015" level="INFO">${response} = &lt;Response [200]&gt;</msg>
<status status="PASS" starttime="20240525 02:31:23.988" endtime="20240525 02:31:25.015"/>
</kw>
<msg timestamp="20240525 02:31:25.015" level="INFO">${RESPOSTA} = &lt;Response [200]&gt;</msg>
<status status="PASS" starttime="20240525 02:31:23.988" endtime="20240525 02:31:25.015"/>
</kw>
<kw name="Convert To String" library="BuiltIn">
<var>${token}</var>
<arg>${RESPOSTA.json()}[authorization]</arg>
<doc>Converts the given item to a Unicode string.</doc>
<msg timestamp="20240525 02:31:25.017" level="INFO">${token} = Bearer eyJhbGciOiJIUzI1NiIsInR5cCI6IkpXVCJ9.eyJlbWFpbCI6InNhbmRyb3Rlc3RlQHFhLmNvbSIsInBhc3N3b3JkIjoidGVzdGVRQSIsImlhdCI6MTcxNjYxNTA4NSwiZXhwIjoxNzE2NjE1Njg1fQ.ys9qecuKVAu3sDrnql8EXdfra6BGpd_GMADEUtyq_...</msg>
<status status="PASS" starttime="20240525 02:31:25.016" endtime="20240525 02:31:25.017"/>
</kw>
<kw name="Set Global Variable" library="BuiltIn">
<arg>${token}</arg>
<doc>Makes a variable available globally in all tests and suites.</doc>
<msg timestamp="20240525 02:31:25.018" level="INFO">${token} = Bearer eyJhbGciOiJIUzI1NiIsInR5cCI6IkpXVCJ9.eyJlbWFpbCI6InNhbmRyb3Rlc3RlQHFhLmNvbSIsInBhc3N3b3JkIjoidGVzdGVRQSIsImlhdCI6MTcxNjYxNTA4NSwiZXhwIjoxNzE2NjE1Njg1fQ.ys9qecuKVAu3sDrnql8EXdfra6BGpd_GMADEUtyq_...</msg>
<status status="PASS" starttime="20240525 02:31:25.017" endtime="20240525 02:31:25.018"/>
</kw>
<kw name="Set Global Variable" library="BuiltIn">
<arg>${RESPOSTA}</arg>
<doc>Makes a variable available globally in all tests and suites.</doc>
<msg timestamp="20240525 02:31:25.019" level="INFO">${RESPOSTA} = &lt;Response [200]&gt;</msg>
<status status="PASS" starttime="20240525 02:31:25.018" endtime="20240525 02:31:25.019"/>
</kw>
<status status="PASS" starttime="20240525 02:31:23.988" endtime="20240525 02:31:25.019"/>
</kw>
<kw name="Então o Status Code deverá ser" library="login">
<arg>200</arg>
<kw name="Should Be Equal As Strings" library="BuiltIn">
<arg>${RESPOSTA.status_code}</arg>
<arg>${statusCode}</arg>
<doc>Fails if objects are unequal after converting them to strings.</doc>
<msg timestamp="20240525 02:31:25.022" level="INFO">Argument types are:
&lt;class 'int'&gt;
&lt;class 'str'&gt;</msg>
<status status="PASS" starttime="20240525 02:31:25.021" endtime="20240525 02:31:25.022"/>
</kw>
<status status="PASS" starttime="20240525 02:31:25.020" endtime="20240525 02:31:25.023"/>
</kw>
<kw name="E verificar a mensagem" library="login">
<arg>Login realizado com sucesso</arg>
<kw name="Should Be Equal" library="BuiltIn">
<arg>${RESPOSTA.json()}[message]</arg>
<arg>${mensagem}</arg>
<doc>Fails if the given objects are unequal.</doc>
<status status="PASS" starttime="20240525 02:31:25.024" endtime="20240525 02:31:25.026"/>
</kw>
<status status="PASS" starttime="20240525 02:31:25.024" endtime="20240525 02:31:25.026"/>
</kw>
<status status="PASS" starttime="20240525 02:31:23.988" endtime="20240525 02:31:25.027"/>
</test>
<doc>Documentacao da API: ServeRest</doc>
<status status="PASS" starttime="20240525 02:31:23.267" endtime="20240525 02:31:25.030"/>
</suite>
<suite id="s1-s2" name="02 - Get Produtos" source="C:\ProjetosC\serveRest-robot\features\02 - get_produtos.robot">
<kw name="Conectar a API" library="services" type="SETUP">
<arg>/login</arg>
<kw name="Create Session" library="RequestsLibrary">
<arg>apiServeRest</arg>
<arg>${base_url}</arg>
<arg>${headersLogin}</arg>
<doc>Create Session: create a HTTP session to a server</doc>
<msg timestamp="20240525 02:31:25.079" level="INFO">Creating Session using : alias=apiServeRest, url=https://serverest.dev, headers={'accept': 'application/json', 'Content-Type': 'application/json'},                     cookies={}, auth=None, timeout=None, proxies=None, verify=False,                     debug=0 </msg>
<status status="PASS" starttime="20240525 02:31:25.078" endtime="20240525 02:31:25.080"/>
</kw>
<status status="PASS" starttime="20240525 02:31:25.078" endtime="20240525 02:31:25.080"/>
</kw>
<test id="s1-s2-t1" name="Fazer um Get Produtos com sucesso" line="8">
<kw name="Quando verificar os produtos cadastrados" library="get_produtos">
<kw name="Get in" library="services">
<var>${RESPOSTA}</var>
<arg>/produtos</arg>
<kw name="GET" library="RequestsLibrary">
<var>${response}</var>
<arg>${base_url}${endpoint}</arg>
<arg>headers=${headersLogin}</arg>
<doc>Sends a GET request.</doc>
<msg timestamp="20240525 02:31:26.143" level="INFO">GET Request : url=https://serverest.dev/produtos 
 path_url=/produtos 
 headers={'User-Agent': 'python-requests/2.31.0', 'Accept-Encoding': 'gzip, deflate', 'accept': 'application/json', 'Connection': 'keep-alive', 'Content-Type': 'application/json'} 
 body=None 
 </msg>
<msg timestamp="20240525 02:31:26.144" level="INFO">GET Response : url=https://serverest.dev/produtos 
 status=200, reason=OK 
 headers={'access-control-allow-origin': '*', 'x-dns-prefetch-control': 'off', 'x-frame-options': 'SAMEORIGIN', 'strict-transport-security': 'max-age=15552000; includeSubDomains', 'x-download-options': 'noopen', 'x-content-type-options': 'nosniff', 'x-xss-protection': '1; mode=block', 'content-type': 'application/json; charset=utf-8', 'X-Cloud-Trace-Context': 'b439e29d26469ab50c29465d24eb25b5', 'Date': 'Sat, 25 May 2024 05:31:26 GMT', 'Server': 'Google Frontend', 'Content-Length': '7238'} 
 body={
    "quantidade": 35,
    "produtos": [
        {
            "nome": "Brooke Carpenter083",
            "preco": 1010,
            "descricao": "Teste Automation",
            "quantidade": 1049,
            "_id": "0oYuqIPVLk2Kppjm"
        },
        {
            "nome": "Gavin Hampton483",
            "preco": 1010,
            "descricao": "Teste Automation",
            "quantidade": 1049,
            "_id": "2JAmpkNccTphH84r"
        },
        {
            "nome": "Deborah Dennis957",
            "preco": 1010,
            "descricao": "Teste Automation",
            "quantidade": 1049,
            "_id": "4sIzAlHgF7Bp1Q28"
        },
        {
            "nome": "Melissa Boyer853",
            "preco": 1010,
            "descricao": "Teste Automation",
            "quantidade": 1049,
            "_id": "7P4AbLH3ytDtgoDA"
        },
        {
            "descricao": "Aperiam maiores distinctio tenetur. Voluptate nobis rem officiis non.\nIure quae est necessitatibus. Cupiditate nostrum ipsum dolore qui repellendus. Quas ratione sunt.",
            "nome": "Inventore eveniet.",
            "preco": 10,
            "quantidade": 10,
            "_id": "9Pvhm019a7i7lNCF"
        },
        {
            "nome": "as",
            "preco": 10,
            "descricao": "Produto Teste Robot Framework",
            "quantidade": 5,
            "_id": "AWa6AstPzGkep3px"
        },
        {
            "nome": "Logitech MX Vertical",
            "preco": 470,
            "descricao": "Mouse",
            "quantidade": 382,
            "_id": "BeeJh5lz3k6kSIzA"
        },
        {
            "nome": "loopin v3",
            "preco": 47,
            "descricao": "Capa celular",
            "quantidade": 501,
            "_id": "E8fegtfxImAWQPzW"
        },
        {
            "nome": "Jeffrey Russell000",
            "preco": 1010,
            "descricao": "Teste Automation",
            "quantidade": 1049,
            "_id": "GNAwtLxZJoPxnxMl"
        },
        {
            "nome": "speech",
            "preco": 10,
            "descricao": "Produto Teste Robot Framework",
            "quantidade": 5,
            "_id": "GW6NrEmibFnmPPRS"
        },
        {
            "nome": "outside",
            "preco": 10,
            "descricao": "Produto Teste Robot Framework",
            "quantidade": 5,
            "_id": "IpNdQbCMqJISLxpj"
        },
        {
            "nome": "give",
            "preco": 10,
            "descricao": "Produto Teste Robot Framework",
            "quantidade": 5,
            "_id": "Jn8f4jX0walpiumw"
        },
        {
            "nome": "Samsung 60 polegadas",
            "preco": 5240,
            "descricao": "TV",
            "quantidade": 49977,
            "_id": "K6leHdftCeOJj8BJ"
        },
        {
            "nome": "Luis Fuller247",
            "preco": 1010,
            "descricao": "Teste Automation",
            "quantidade": 1049,
            "_id": "OM6PNYhLe4Akepoi"
        },
        {
            "nome": "delectus",
            "preco": 46,
            "descricao": "Cum.",
            "quantidade": 90,
            "_id": "OMY7jCqodBbtC3Lm"
        },
        {
            "nome": "time",
            "preco": 10,
            "descricao": "Produto Teste Robot Framework",
            "quantidade": 5,
            "_id": "Oh6Bf638xcOBDx17"
        },
        {
            "nome": "Jessica Johnson165",
            "preco": 1010,
            "descricao": "Teste Automation",
            "quantidade": 1049,
            "_id": "Ombf9F6E06j2I66v"
        },
        {
            "nome": "Theresa Hines387",
            "preco": 1010,
            "descricao": "Teste Automation",
            "quantidade": 1049,
            "_id": "RGGBhiTjn7ORczHC"
        },
        {
            "nome": "Teresa Cohen764",
            "preco": 1010,
            "descricao": "Teste Automation",
            "quantidade": 1049,
            "_id": "RvFyAREMhO8uziCJ"
        },
        {
            "nome": "Thomas Young688",
            "preco": 1010,
            "descricao": "Teste Automation",
            "quantidade": 1049,
            "_id": "SEBeK4U21zPVYk1q"
        },
        {
            "nome": "Democrat",
            "preco": 10,
            "descricao": "Produto Teste Robot Framework",
            "quantidade": 5,
            "_id": "TDnujoA779osvBL3"
        },
        {
            "nome": "investment",
            "preco": 10,
            "descricao": "Produto Teste Robot Framework",
            "quantidade": 5,
            "_id": "UvQKs3U2UxOlZ6wi"
        },
        {
            "nome": "123",
            "preco": 123,
            "descricao": "123",
            "quantidade": 123,
            "_id": "VZlQ7BYLuoW5d6r6"
        },
        {
            "nome": "Heather Myers707",
            "preco": 1010,
            "descricao": "Teste Automation",
            "quantidade": 1049,
            "_id": "X12vBbISvZ0DnEj0"
        },
        {
            "nome": "Joseph Gross507",
            "preco": 1010,
            "descricao": "Teste Automation",
            "quantidade": 1049,
            "_id": "X2fz73y2IdYmv0UK"
        },
        {
            "nome": "Joanne Figueroa537",
            "preco": 1010,
            "descricao": "Teste Automation",
            "quantidade": 1049,
            "_id": "YGGeUHaIScbgmYTB"
        },
        {
            "nome": "Ryan Novak837",
            "preco": 1010,
            "descricao": "Teste Automation",
            "quantidade": 1049,
            "_id": "ZHNeQbIdgbB0BpFQ"
        },
        {
            "nome": "enjoy",
            "preco": 10,
            "descricao": "Produto Teste Robot Framework",
            "quantidade": 5,
            "_id": "b4woBKBiwY1mDyLw"
        },
        {
            "nome": "Sharon Hickman730",
            "preco": 1010,
            "descricao": "Teste Automation",
            "quantidade": 1049,
            "_id": "cec1w4Ryr2PcQFLK"
        },
        {
            "nome": "loopin v2",
            "preco": 47,
            "descricao": "Capa celular",
            "quantidade": 501,
            "_id": "fkFeS0oL4qQbDNif"
        },
        {
            "nome": "TESTE_Product",
            "preco": 400,
            "descricao": "teste api",
            "quantidade": 505,
            "_id": "jyyIFW9R9AAbnobJ"
        },
        {
            "descricao": "Voluptatibus maiores accusamus doloremque unde quod officiis. In nemo numquam est exercitationem facere.",
            "nome": "Quas voluptatibus.",
            "preco": 10,
            "quantidade": 10,
            "_id": "r4OKysaBOnsX13fD"
        },
        {
            "nome": "amet",
            "preco": 46,
            "descricao": "Odit.",
            "quantidade": 13,
            "_id": "uAAwzVgwE69OFQwL"
        },
        {
            "nome": "Patricia Simon214",
            "preco": 1010,
            "descricao": "Teste Automation",
            "quantidade": 1049,
            "_id": "yAHFYWm55vJ8UltY"
        },
        {
            "nome": "Ronald Miller092",
            "preco": 1010,
            "descricao": "Teste Automation",
            "quantidade": 1049,
            "_id": "zbaH9kfKgDRbttNP"
        }
    ]
} 
 </msg>
<msg timestamp="20240525 02:31:26.146" level="INFO">${response} = &lt;Response [200]&gt;</msg>
<status status="PASS" starttime="20240525 02:31:25.083" endtime="20240525 02:31:26.146"/>
</kw>
<msg timestamp="20240525 02:31:26.147" level="INFO">${RESPOSTA} = &lt;Response [200]&gt;</msg>
<status status="PASS" starttime="20240525 02:31:25.082" endtime="20240525 02:31:26.148"/>
</kw>
<kw name="Set Global Variable" library="BuiltIn">
<arg>${RESPOSTA}</arg>
<doc>Makes a variable available globally in all tests and suites.</doc>
<msg timestamp="20240525 02:31:26.150" level="INFO">${RESPOSTA} = &lt;Response [200]&gt;</msg>
<status status="PASS" starttime="20240525 02:31:26.149" endtime="20240525 02:31:26.150"/>
</kw>
<kw name="Log" library="BuiltIn">
<arg>${RESPOSTA.json()}</arg>
<doc>Logs the given message with the given level.</doc>
<msg timestamp="20240525 02:31:26.153" level="INFO">{'quantidade': 35, 'produtos': [{'nome': 'Brooke Carpenter083', 'preco': 1010, 'descricao': 'Teste Automation', 'quantidade': 1049, '_id': '0oYuqIPVLk2Kppjm'}, {'nome': 'Gavin Hampton483', 'preco': 1010, 'descricao': 'Teste Automation', 'quantidade': 1049, '_id': '2JAmpkNccTphH84r'}, {'nome': 'Deborah Dennis957', 'preco': 1010, 'descricao': 'Teste Automation', 'quantidade': 1049, '_id': '4sIzAlHgF7Bp1Q28'}, {'nome': 'Melissa Boyer853', 'preco': 1010, 'descricao': 'Teste Automation', 'quantidade': 1049, '_id': '7P4AbLH3ytDtgoDA'}, {'descricao': 'Aperiam maiores distinctio tenetur. Voluptate nobis rem officiis non.\nIure quae est necessitatibus. Cupiditate nostrum ipsum dolore qui repellendus. Quas ratione sunt.', 'nome': 'Inventore eveniet.', 'preco': 10, 'quantidade': 10, '_id': '9Pvhm019a7i7lNCF'}, {'nome': 'as', 'preco': 10, 'descricao': 'Produto Teste Robot Framework', 'quantidade': 5, '_id': 'AWa6AstPzGkep3px'}, {'nome': 'Logitech MX Vertical', 'preco': 470, 'descricao': 'Mouse', 'quantidade': 382, '_id': 'BeeJh5lz3k6kSIzA'}, {'nome': 'loopin v3', 'preco': 47, 'descricao': 'Capa celular', 'quantidade': 501, '_id': 'E8fegtfxImAWQPzW'}, {'nome': 'Jeffrey Russell000', 'preco': 1010, 'descricao': 'Teste Automation', 'quantidade': 1049, '_id': 'GNAwtLxZJoPxnxMl'}, {'nome': 'speech', 'preco': 10, 'descricao': 'Produto Teste Robot Framework', 'quantidade': 5, '_id': 'GW6NrEmibFnmPPRS'}, {'nome': 'outside', 'preco': 10, 'descricao': 'Produto Teste Robot Framework', 'quantidade': 5, '_id': 'IpNdQbCMqJISLxpj'}, {'nome': 'give', 'preco': 10, 'descricao': 'Produto Teste Robot Framework', 'quantidade': 5, '_id': 'Jn8f4jX0walpiumw'}, {'nome': 'Samsung 60 polegadas', 'preco': 5240, 'descricao': 'TV', 'quantidade': 49977, '_id': 'K6leHdftCeOJj8BJ'}, {'nome': 'Luis Fuller247', 'preco': 1010, 'descricao': 'Teste Automation', 'quantidade': 1049, '_id': 'OM6PNYhLe4Akepoi'}, {'nome': 'delectus', 'preco': 46, 'descricao': 'Cum.', 'quantidade': 90, '_id': 'OMY7jCqodBbtC3Lm'}, {'nome': 'time', 'preco': 10, 'descricao': 'Produto Teste Robot Framework', 'quantidade': 5, '_id': 'Oh6Bf638xcOBDx17'}, {'nome': 'Jessica Johnson165', 'preco': 1010, 'descricao': 'Teste Automation', 'quantidade': 1049, '_id': 'Ombf9F6E06j2I66v'}, {'nome': 'Theresa Hines387', 'preco': 1010, 'descricao': 'Teste Automation', 'quantidade': 1049, '_id': 'RGGBhiTjn7ORczHC'}, {'nome': 'Teresa Cohen764', 'preco': 1010, 'descricao': 'Teste Automation', 'quantidade': 1049, '_id': 'RvFyAREMhO8uziCJ'}, {'nome': 'Thomas Young688', 'preco': 1010, 'descricao': 'Teste Automation', 'quantidade': 1049, '_id': 'SEBeK4U21zPVYk1q'}, {'nome': 'Democrat', 'preco': 10, 'descricao': 'Produto Teste Robot Framework', 'quantidade': 5, '_id': 'TDnujoA779osvBL3'}, {'nome': 'investment', 'preco': 10, 'descricao': 'Produto Teste Robot Framework', 'quantidade': 5, '_id': 'UvQKs3U2UxOlZ6wi'}, {'nome': '123', 'preco': 123, 'descricao': '123', 'quantidade': 123, '_id': 'VZlQ7BYLuoW5d6r6'}, {'nome': 'Heather Myers707', 'preco': 1010, 'descricao': 'Teste Automation', 'quantidade': 1049, '_id': 'X12vBbISvZ0DnEj0'}, {'nome': 'Joseph Gross507', 'preco': 1010, 'descricao': 'Teste Automation', 'quantidade': 1049, '_id': 'X2fz73y2IdYmv0UK'}, {'nome': 'Joanne Figueroa537', 'preco': 1010, 'descricao': 'Teste Automation', 'quantidade': 1049, '_id': 'YGGeUHaIScbgmYTB'}, {'nome': 'Ryan Novak837', 'preco': 1010, 'descricao': 'Teste Automation', 'quantidade': 1049, '_id': 'ZHNeQbIdgbB0BpFQ'}, {'nome': 'enjoy', 'preco': 10, 'descricao': 'Produto Teste Robot Framework', 'quantidade': 5, '_id': 'b4woBKBiwY1mDyLw'}, {'nome': 'Sharon Hickman730', 'preco': 1010, 'descricao': 'Teste Automation', 'quantidade': 1049, '_id': 'cec1w4Ryr2PcQFLK'}, {'nome': 'loopin v2', 'preco': 47, 'descricao': 'Capa celular', 'quantidade': 501, '_id': 'fkFeS0oL4qQbDNif'}, {'nome': 'TESTE_Product', 'preco': 400, 'descricao': 'teste api', 'quantidade': 505, '_id': 'jyyIFW9R9AAbnobJ'}, {'descricao': 'Voluptatibus maiores accusamus doloremque unde quod officiis. In nemo numquam est exercitationem facere.', 'nome': 'Quas voluptatibus.', 'preco': 10, 'quantidade': 10, '_id': 'r4OKysaBOnsX13fD'}, {'nome': 'amet', 'preco': 46, 'descricao': 'Odit.', 'quantidade': 13, '_id': 'uAAwzVgwE69OFQwL'}, {'nome': 'Patricia Simon214', 'preco': 1010, 'descricao': 'Teste Automation', 'quantidade': 1049, '_id': 'yAHFYWm55vJ8UltY'}, {'nome': 'Ronald Miller092', 'preco': 1010, 'descricao': 'Teste Automation', 'quantidade': 1049, '_id': 'zbaH9kfKgDRbttNP'}]}</msg>
<status status="PASS" starttime="20240525 02:31:26.150" endtime="20240525 02:31:26.153"/>
</kw>
<status status="PASS" starttime="20240525 02:31:25.082" endtime="20240525 02:31:26.153"/>
</kw>
<kw name="Então ira visuazilar o Status Code" library="get_produtos">
<arg>200</arg>
<kw name="Should Be Equal As Strings" library="BuiltIn">
<arg>${RESPOSTA.status_code}</arg>
<arg>${statusCode}</arg>
<doc>Fails if objects are unequal after converting them to strings.</doc>
<msg timestamp="20240525 02:31:26.157" level="INFO">Argument types are:
&lt;class 'int'&gt;
&lt;class 'str'&gt;</msg>
<status status="PASS" starttime="20240525 02:31:26.156" endtime="20240525 02:31:26.158"/>
</kw>
<status status="PASS" starttime="20240525 02:31:26.155" endtime="20240525 02:31:26.158"/>
</kw>
<kw name="E o body não pode está vazio" library="get_produtos">
<kw name="Should Not Be Empty" library="BuiltIn">
<arg>${RESPOSTA.json()}</arg>
<doc>Verifies that the given item is not empty.</doc>
<msg timestamp="20240525 02:31:26.162" level="INFO">Length is 2</msg>
<status status="PASS" starttime="20240525 02:31:26.160" endtime="20240525 02:31:26.162"/>
</kw>
<status status="PASS" starttime="20240525 02:31:26.159" endtime="20240525 02:31:26.162"/>
</kw>
<status status="PASS" starttime="20240525 02:31:25.080" endtime="20240525 02:31:26.163"/>
</test>
<test id="s1-s2-t2" name="Fazer um Get Id Produtos" line="13">
<kw name="Quando verificar o id do produto" library="get_produtos">
<kw name="Set Test Variable" library="BuiltIn">
<arg>${id}</arg>
<arg>${RESPOSTA.json()}[produtos][0][_id]</arg>
<doc>Makes a variable available everywhere within the scope of the current test.</doc>
<msg timestamp="20240525 02:31:26.173" level="INFO">${id} = 0oYuqIPVLk2Kppjm</msg>
<status status="PASS" starttime="20240525 02:31:26.170" endtime="20240525 02:31:26.173"/>
</kw>
<kw name="Log" library="BuiltIn">
<arg>${id}</arg>
<doc>Logs the given message with the given level.</doc>
<msg timestamp="20240525 02:31:26.173" level="INFO">0oYuqIPVLk2Kppjm</msg>
<status status="PASS" starttime="20240525 02:31:26.173" endtime="20240525 02:31:26.173"/>
</kw>
<kw name="Get Id In" library="services">
<var>${RESPOSTA}</var>
<arg>/produtos</arg>
<arg>${id}</arg>
<kw name="GET" library="RequestsLibrary">
<var>${response}</var>
<arg>${base_url}${endpoint}/${id}</arg>
<arg>headers=${headersLogin}</arg>
<doc>Sends a GET request.</doc>
<msg timestamp="20240525 02:31:27.164" level="INFO">GET Request : url=https://serverest.dev/produtos/0oYuqIPVLk2Kppjm 
 path_url=/produtos/0oYuqIPVLk2Kppjm 
 headers={'User-Agent': 'python-requests/2.31.0', 'Accept-Encoding': 'gzip, deflate', 'accept': 'application/json', 'Connection': 'keep-alive', 'Content-Type': 'application/json'} 
 body=None 
 </msg>
<msg timestamp="20240525 02:31:27.164" level="INFO">GET Response : url=https://serverest.dev/produtos/0oYuqIPVLk2Kppjm 
 status=200, reason=OK 
 headers={'access-control-allow-origin': '*', 'x-dns-prefetch-control': 'off', 'x-frame-options': 'SAMEORIGIN', 'strict-transport-security': 'max-age=15552000; includeSubDomains', 'x-download-options': 'noopen', 'x-content-type-options': 'nosniff', 'x-xss-protection': '1; mode=block', 'content-type': 'application/json; charset=utf-8', 'X-Cloud-Trace-Context': '1340c078c8fca8319886063d03ec6086', 'Date': 'Sat, 25 May 2024 05:31:27 GMT', 'Server': 'Google Frontend', 'Content-Length': '148'} 
 body={
    "nome": "Brooke Carpenter083",
    "preco": 1010,
    "descricao": "Teste Automation",
    "quantidade": 1049,
    "_id": "0oYuqIPVLk2Kppjm"
} 
 </msg>
<msg timestamp="20240525 02:31:27.164" level="INFO">${response} = &lt;Response [200]&gt;</msg>
<status status="PASS" starttime="20240525 02:31:26.174" endtime="20240525 02:31:27.164"/>
</kw>
<msg timestamp="20240525 02:31:27.165" level="INFO">${RESPOSTA} = &lt;Response [200]&gt;</msg>
<status status="PASS" starttime="20240525 02:31:26.174" endtime="20240525 02:31:27.165"/>
</kw>
<kw name="Convert To String" library="BuiltIn">
<var>${nome}</var>
<arg>${RESPOSTA.json()}[nome]</arg>
<doc>Converts the given item to a Unicode string.</doc>
<msg timestamp="20240525 02:31:27.167" level="INFO">${nome} = Brooke Carpenter083</msg>
<status status="PASS" starttime="20240525 02:31:27.165" endtime="20240525 02:31:27.167"/>
</kw>
<kw name="Set Test Variable" library="BuiltIn">
<arg>${nome}</arg>
<doc>Makes a variable available everywhere within the scope of the current test.</doc>
<msg timestamp="20240525 02:31:27.168" level="INFO">${nome} = Brooke Carpenter083</msg>
<status status="PASS" starttime="20240525 02:31:27.167" endtime="20240525 02:31:27.168"/>
</kw>
<kw name="Set Test Variable" library="BuiltIn">
<arg>${RESPOSTA}</arg>
<doc>Makes a variable available everywhere within the scope of the current test.</doc>
<msg timestamp="20240525 02:31:27.168" level="INFO">${RESPOSTA} = &lt;Response [200]&gt;</msg>
<status status="PASS" starttime="20240525 02:31:27.168" endtime="20240525 02:31:27.168"/>
</kw>
<kw name="Log" library="BuiltIn">
<arg>${RESPOSTA.json()}</arg>
<doc>Logs the given message with the given level.</doc>
<msg timestamp="20240525 02:31:27.170" level="INFO">{'nome': 'Brooke Carpenter083', 'preco': 1010, 'descricao': 'Teste Automation', 'quantidade': 1049, '_id': '0oYuqIPVLk2Kppjm'}</msg>
<status status="PASS" starttime="20240525 02:31:27.169" endtime="20240525 02:31:27.170"/>
</kw>
<status status="PASS" starttime="20240525 02:31:26.169" endtime="20240525 02:31:27.170"/>
</kw>
<kw name="Então ira visuazilar o Status Code" library="get_produtos">
<arg>200</arg>
<kw name="Should Be Equal As Strings" library="BuiltIn">
<arg>${RESPOSTA.status_code}</arg>
<arg>${statusCode}</arg>
<doc>Fails if objects are unequal after converting them to strings.</doc>
<msg timestamp="20240525 02:31:27.173" level="INFO">Argument types are:
&lt;class 'int'&gt;
&lt;class 'str'&gt;</msg>
<status status="PASS" starttime="20240525 02:31:27.172" endtime="20240525 02:31:27.173"/>
</kw>
<status status="PASS" starttime="20240525 02:31:27.171" endtime="20240525 02:31:27.173"/>
</kw>
<kw name="E validar os campos de retorno do body" library="get_produtos">
<kw name="Set Test Variable" library="BuiltIn">
<arg>${campos}</arg>
<arg>${RESPOSTA.json()}</arg>
<doc>Makes a variable available everywhere within the scope of the current test.</doc>
<msg timestamp="20240525 02:31:27.178" level="INFO">${campos} = {'nome': 'Brooke Carpenter083', 'preco': 1010, 'descricao': 'Teste Automation', 'quantidade': 1049, '_id': '0oYuqIPVLk2Kppjm'}</msg>
<status status="PASS" starttime="20240525 02:31:27.175" endtime="20240525 02:31:27.178"/>
</kw>
<kw name="Dictionary Should Contain Key" library="Collections">
<arg>${campos}</arg>
<arg>descricao</arg>
<doc>Fails if ``key`` is not found from ``dictionary``.</doc>
<status status="PASS" starttime="20240525 02:31:27.179" endtime="20240525 02:31:27.179"/>
</kw>
<kw name="Dictionary Should Contain Key" library="Collections">
<arg>${campos}</arg>
<arg>nome</arg>
<doc>Fails if ``key`` is not found from ``dictionary``.</doc>
<status status="PASS" starttime="20240525 02:31:27.179" endtime="20240525 02:31:27.180"/>
</kw>
<kw name="Dictionary Should Contain Key" library="Collections">
<arg>${campos}</arg>
<arg>preco</arg>
<doc>Fails if ``key`` is not found from ``dictionary``.</doc>
<status status="PASS" starttime="20240525 02:31:27.180" endtime="20240525 02:31:27.180"/>
</kw>
<kw name="Dictionary Should Contain Key" library="Collections">
<arg>${campos}</arg>
<arg>quantidade</arg>
<doc>Fails if ``key`` is not found from ``dictionary``.</doc>
<status status="PASS" starttime="20240525 02:31:27.180" endtime="20240525 02:31:27.181"/>
</kw>
<kw name="Dictionary Should Contain Key" library="Collections">
<arg>${campos}</arg>
<arg>_id</arg>
<doc>Fails if ``key`` is not found from ``dictionary``.</doc>
<status status="PASS" starttime="20240525 02:31:27.181" endtime="20240525 02:31:27.181"/>
</kw>
<kw name="Log" library="BuiltIn">
<arg>${campos}</arg>
<doc>Logs the given message with the given level.</doc>
<msg timestamp="20240525 02:31:27.182" level="INFO">{'nome': 'Brooke Carpenter083', 'preco': 1010, 'descricao': 'Teste Automation', 'quantidade': 1049, '_id': '0oYuqIPVLk2Kppjm'}</msg>
<status status="PASS" starttime="20240525 02:31:27.182" endtime="20240525 02:31:27.182"/>
</kw>
<status status="PASS" starttime="20240525 02:31:27.174" endtime="20240525 02:31:27.182"/>
</kw>
<kw name="E o body não pode está vazio" library="get_produtos">
<kw name="Should Not Be Empty" library="BuiltIn">
<arg>${RESPOSTA.json()}</arg>
<doc>Verifies that the given item is not empty.</doc>
<msg timestamp="20240525 02:31:27.185" level="INFO">Length is 5</msg>
<status status="PASS" starttime="20240525 02:31:27.184" endtime="20240525 02:31:27.185"/>
</kw>
<status status="PASS" starttime="20240525 02:31:27.183" endtime="20240525 02:31:27.185"/>
</kw>
<status status="PASS" starttime="20240525 02:31:26.168" endtime="20240525 02:31:27.186"/>
</test>
<doc>Documentacao da API: ServeRest</doc>
<status status="PASS" starttime="20240525 02:31:25.034" endtime="20240525 02:31:27.189"/>
</suite>
<suite id="s1-s3" name="03 - Post Produtos" source="C:\ProjetosC\serveRest-robot\features\03 - post_produtos.robot">
<kw name="Token" library="services" type="SETUP">
<kw name="Conectar a API" library="services">
<arg>/login</arg>
<kw name="Create Session" library="RequestsLibrary">
<arg>apiServeRest</arg>
<arg>${base_url}</arg>
<arg>${headersLogin}</arg>
<doc>Create Session: create a HTTP session to a server</doc>
<msg timestamp="20240525 02:31:27.237" level="INFO">Creating Session using : alias=apiServeRest, url=https://serverest.dev, headers={'accept': 'application/json', 'Content-Type': 'application/json'},                     cookies={}, auth=None, timeout=None, proxies=None, verify=False,                     debug=0 </msg>
<status status="PASS" starttime="20240525 02:31:27.236" endtime="20240525 02:31:27.237"/>
</kw>
<status status="PASS" starttime="20240525 02:31:27.235" endtime="20240525 02:31:27.237"/>
</kw>
<kw name="Quando entrar com usuario e senha" library="login">
<kw name="Post in" library="services">
<var>${RESPOSTA}</var>
<arg>/login</arg>
<arg>${bodyLOGIN}</arg>
<kw name="POST" library="RequestsLibrary">
<var>${response}</var>
<arg>${base_url}${endpoint}</arg>
<arg>json=${body}</arg>
<arg>headers=${headersLogin}</arg>
<doc>Sends a POST request.</doc>
<msg timestamp="20240525 02:31:28.391" level="INFO">POST Request : url=https://serverest.dev/login 
 path_url=/login 
 headers={'User-Agent': 'python-requests/2.31.0', 'Accept-Encoding': 'gzip, deflate', 'accept': 'application/json', 'Connection': 'keep-alive', 'Content-Type': 'application/json', 'Content-Length': '54'} 
 body=b'{"email": "sandroteste@qa.com", "password": "testeQA"}' 
 </msg>
<msg timestamp="20240525 02:31:28.392" level="INFO">POST Response : url=https://serverest.dev/login 
 status=200, reason=OK 
 headers={'access-control-allow-origin': '*', 'x-dns-prefetch-control': 'off', 'x-frame-options': 'SAMEORIGIN', 'strict-transport-security': 'max-age=15552000; includeSubDomains', 'x-download-options': 'noopen', 'x-content-type-options': 'nosniff', 'x-xss-protection': '1; mode=block', 'content-type': 'application/json; charset=utf-8', 'X-Cloud-Trace-Context': 'b7df498b51ba19e5395120c8c4e84d7e', 'Date': 'Sat, 25 May 2024 05:31:28 GMT', 'Server': 'Google Frontend', 'Content-Length': '275'} 
 body={
    "message": "Login realizado com sucesso",
    "authorization": "Bearer eyJhbGciOiJIUzI1NiIsInR5cCI6IkpXVCJ9.eyJlbWFpbCI6InNhbmRyb3Rlc3RlQHFhLmNvbSIsInBhc3N3b3JkIjoidGVzdGVRQSIsImlhdCI6MTcxNjYxNTA4OCwiZXhwIjoxNzE2NjE1Njg4fQ.RFrgXkoxesr1iYC3QqYqdN6w78Q9h8qKQu4YgS9F2F0"
} 
 </msg>
<msg timestamp="20240525 02:31:28.393" level="INFO">${response} = &lt;Response [200]&gt;</msg>
<status status="PASS" starttime="20240525 02:31:27.239" endtime="20240525 02:31:28.393"/>
</kw>
<msg timestamp="20240525 02:31:28.393" level="INFO">${RESPOSTA} = &lt;Response [200]&gt;</msg>
<status status="PASS" starttime="20240525 02:31:27.238" endtime="20240525 02:31:28.393"/>
</kw>
<kw name="Convert To String" library="BuiltIn">
<var>${token}</var>
<arg>${RESPOSTA.json()}[authorization]</arg>
<doc>Converts the given item to a Unicode string.</doc>
<msg timestamp="20240525 02:31:28.394" level="INFO">${token} = Bearer eyJhbGciOiJIUzI1NiIsInR5cCI6IkpXVCJ9.eyJlbWFpbCI6InNhbmRyb3Rlc3RlQHFhLmNvbSIsInBhc3N3b3JkIjoidGVzdGVRQSIsImlhdCI6MTcxNjYxNTA4OCwiZXhwIjoxNzE2NjE1Njg4fQ.RFrgXkoxesr1iYC3QqYqdN6w78Q9h8qKQu4YgS9F2...</msg>
<status status="PASS" starttime="20240525 02:31:28.394" endtime="20240525 02:31:28.394"/>
</kw>
<kw name="Set Global Variable" library="BuiltIn">
<arg>${token}</arg>
<doc>Makes a variable available globally in all tests and suites.</doc>
<msg timestamp="20240525 02:31:28.395" level="INFO">${token} = Bearer eyJhbGciOiJIUzI1NiIsInR5cCI6IkpXVCJ9.eyJlbWFpbCI6InNhbmRyb3Rlc3RlQHFhLmNvbSIsInBhc3N3b3JkIjoidGVzdGVRQSIsImlhdCI6MTcxNjYxNTA4OCwiZXhwIjoxNzE2NjE1Njg4fQ.RFrgXkoxesr1iYC3QqYqdN6w78Q9h8qKQu4YgS9F2...</msg>
<status status="PASS" starttime="20240525 02:31:28.394" endtime="20240525 02:31:28.395"/>
</kw>
<kw name="Set Global Variable" library="BuiltIn">
<arg>${RESPOSTA}</arg>
<doc>Makes a variable available globally in all tests and suites.</doc>
<msg timestamp="20240525 02:31:28.395" level="INFO">${RESPOSTA} = &lt;Response [200]&gt;</msg>
<status status="PASS" starttime="20240525 02:31:28.395" endtime="20240525 02:31:28.395"/>
</kw>
<status status="PASS" starttime="20240525 02:31:27.238" endtime="20240525 02:31:28.395"/>
</kw>
<status status="PASS" starttime="20240525 02:31:27.235" endtime="20240525 02:31:28.395"/>
</kw>
<test id="s1-s3-t1" name="Cadastrar Produto com sucesso" line="8">
<kw name="Fakers" library="Utils">
<kw name="Name" library="FakerLibrary">
<var>${FakeNome}</var>
<doc>:example: 'John Doe'</doc>
<msg timestamp="20240525 02:31:28.397" level="INFO">${FakeNome} = Andrew Wolfe</msg>
<status status="PASS" starttime="20240525 02:31:28.396" endtime="20240525 02:31:28.397"/>
</kw>
<kw name="Set Test Variable" library="BuiltIn">
<arg>${FakeNome}</arg>
<doc>Makes a variable available everywhere within the scope of the current test.</doc>
<msg timestamp="20240525 02:31:28.397" level="INFO">${FakeNome} = Andrew Wolfe</msg>
<status status="PASS" starttime="20240525 02:31:28.397" endtime="20240525 02:31:28.397"/>
</kw>
<kw name="Email" library="FakerLibrary">
<var>${FakeEmail}</var>
<msg timestamp="20240525 02:31:28.398" level="INFO">${FakeEmail} = mariosmith@example.org</msg>
<status status="PASS" starttime="20240525 02:31:28.397" endtime="20240525 02:31:28.398"/>
</kw>
<kw name="Set Test Variable" library="BuiltIn">
<arg>${FakeEmail}</arg>
<doc>Makes a variable available everywhere within the scope of the current test.</doc>
<msg timestamp="20240525 02:31:28.398" level="INFO">${FakeEmail} = mariosmith@example.org</msg>
<status status="PASS" starttime="20240525 02:31:28.398" endtime="20240525 02:31:28.398"/>
</kw>
<kw name="Numerify" library="FakerLibrary">
<var>${compSenha}</var>
<arg>text=##</arg>
<doc>Generate a string with each placeholder in ``text`` replaced according
to the following rules:</doc>
<msg timestamp="20240525 02:31:28.399" level="INFO">${compSenha} = 34</msg>
<status status="PASS" starttime="20240525 02:31:28.398" endtime="20240525 02:31:28.399"/>
</kw>
<kw name="Catenate" library="BuiltIn">
<var>${FakeSenha}</var>
<arg>Seubarriga</arg>
<arg>${compSenha}</arg>
<doc>Catenates the given items together and returns the resulted string.</doc>
<msg timestamp="20240525 02:31:28.399" level="INFO">${FakeSenha} = Seubarriga 34</msg>
<status status="PASS" starttime="20240525 02:31:28.399" endtime="20240525 02:31:28.399"/>
</kw>
<kw name="Set Test Variable" library="BuiltIn">
<arg>${FakeSenha}</arg>
<doc>Makes a variable available everywhere within the scope of the current test.</doc>
<msg timestamp="20240525 02:31:28.399" level="INFO">${FakeSenha} = Seubarriga 34</msg>
<status status="PASS" starttime="20240525 02:31:28.399" endtime="20240525 02:31:28.399"/>
</kw>
<kw name="Sentence" library="FakerLibrary">
<var>${FakerDescricao}</var>
<doc>Generate a sentence.</doc>
<msg timestamp="20240525 02:31:28.400" level="INFO">${FakerDescricao} = Western community indicate example data.</msg>
<status status="PASS" starttime="20240525 02:31:28.400" endtime="20240525 02:31:28.400"/>
</kw>
<kw name="Set Test Variable" library="BuiltIn">
<arg>${FakerDescricao}</arg>
<doc>Makes a variable available everywhere within the scope of the current test.</doc>
<msg timestamp="20240525 02:31:28.400" level="INFO">${FakerDescricao} = Western community indicate example data.</msg>
<status status="PASS" starttime="20240525 02:31:28.400" endtime="20240525 02:31:28.400"/>
</kw>
<kw name="Numerify" library="FakerLibrary">
<var>${FakerValor}</var>
<doc>Generate a string with each placeholder in ``text`` replaced according
to the following rules:</doc>
<msg timestamp="20240525 02:31:28.400" level="INFO">${FakerValor} = 517</msg>
<status status="PASS" starttime="20240525 02:31:28.400" endtime="20240525 02:31:28.400"/>
</kw>
<kw name="Set Test Variable" library="BuiltIn">
<arg>${FakerValor}</arg>
<doc>Makes a variable available everywhere within the scope of the current test.</doc>
<msg timestamp="20240525 02:31:28.401" level="INFO">${FakerValor} = 517</msg>
<status status="PASS" starttime="20240525 02:31:28.401" endtime="20240525 02:31:28.401"/>
</kw>
<status status="PASS" starttime="20240525 02:31:28.396" endtime="20240525 02:31:28.401"/>
</kw>
<kw name="Quando enviar uma requisição Post" library="post_produtos">
<arg>${token}</arg>
<arg>${FakeNome}${FakerValor}</arg>
<arg>1010</arg>
<arg>Teste Automation</arg>
<arg>1049</arg>
<kw name="Factory New Produtos" library="produtos_fac">
<var>${bodyPostProd}</var>
<arg>cnome=${cnome}</arg>
<arg>cpreco=${cpreco}</arg>
<arg>cdescricao=${cdescricao}</arg>
<arg>cquantidade=${cquantidade}</arg>
<kw name="Create Dictionary" library="BuiltIn">
<var>${produtos}</var>
<doc>Creates and returns a dictionary based on the given ``items``.</doc>
<msg timestamp="20240525 02:31:28.402" level="INFO">${produtos} = {}</msg>
<status status="PASS" starttime="20240525 02:31:28.402" endtime="20240525 02:31:28.402"/>
</kw>
<kw name="Run Keyword If" library="BuiltIn">
<arg>"${cnome}" != 'None'</arg>
<arg>Set To Dictionary</arg>
<arg>${produtos}</arg>
<arg>nome</arg>
<arg>${cnome}</arg>
<doc>Runs the given keyword with the given arguments, if ``condition`` is true.</doc>
<kw name="Set To Dictionary" library="Collections">
<arg>${produtos}</arg>
<arg>nome</arg>
<arg>${cnome}</arg>
<doc>Adds the given ``key_value_pairs`` and/or ``items`` to the ``dictionary``.</doc>
<status status="PASS" starttime="20240525 02:31:28.403" endtime="20240525 02:31:28.403"/>
</kw>
<status status="PASS" starttime="20240525 02:31:28.403" endtime="20240525 02:31:28.403"/>
</kw>
<kw name="Run Keyword If" library="BuiltIn">
<arg>"${cpreco}" != "None"</arg>
<arg>Set To Dictionary</arg>
<arg>${produtos}</arg>
<arg>preco</arg>
<arg>${cpreco}</arg>
<doc>Runs the given keyword with the given arguments, if ``condition`` is true.</doc>
<kw name="Set To Dictionary" library="Collections">
<arg>${produtos}</arg>
<arg>preco</arg>
<arg>${cpreco}</arg>
<doc>Adds the given ``key_value_pairs`` and/or ``items`` to the ``dictionary``.</doc>
<status status="PASS" starttime="20240525 02:31:28.404" endtime="20240525 02:31:28.404"/>
</kw>
<status status="PASS" starttime="20240525 02:31:28.403" endtime="20240525 02:31:28.404"/>
</kw>
<kw name="Run Keyword If" library="BuiltIn">
<arg>"${cdescricao}" != "None"</arg>
<arg>Set To Dictionary</arg>
<arg>${produtos}</arg>
<arg>descricao</arg>
<arg>${cdescricao}</arg>
<doc>Runs the given keyword with the given arguments, if ``condition`` is true.</doc>
<kw name="Set To Dictionary" library="Collections">
<arg>${produtos}</arg>
<arg>descricao</arg>
<arg>${cdescricao}</arg>
<doc>Adds the given ``key_value_pairs`` and/or ``items`` to the ``dictionary``.</doc>
<status status="PASS" starttime="20240525 02:31:28.404" endtime="20240525 02:31:28.405"/>
</kw>
<status status="PASS" starttime="20240525 02:31:28.404" endtime="20240525 02:31:28.405"/>
</kw>
<kw name="Run Keyword If" library="BuiltIn">
<arg>"${cquantidade}" != "None"</arg>
<arg>Set To Dictionary</arg>
<arg>${produtos}</arg>
<arg>quantidade</arg>
<arg>${cquantidade}</arg>
<doc>Runs the given keyword with the given arguments, if ``condition`` is true.</doc>
<kw name="Set To Dictionary" library="Collections">
<arg>${produtos}</arg>
<arg>quantidade</arg>
<arg>${cquantidade}</arg>
<doc>Adds the given ``key_value_pairs`` and/or ``items`` to the ``dictionary``.</doc>
<status status="PASS" starttime="20240525 02:31:28.405" endtime="20240525 02:31:28.405"/>
</kw>
<status status="PASS" starttime="20240525 02:31:28.405" endtime="20240525 02:31:28.405"/>
</kw>
<msg timestamp="20240525 02:31:28.406" level="INFO">${bodyPostProd} = {'nome': 'Andrew Wolfe517', 'preco': '1010', 'descricao': 'Teste Automation', 'quantidade': '1049'}</msg>
<status status="PASS" starttime="20240525 02:31:28.402" endtime="20240525 02:31:28.406"/>
</kw>
<kw name="Log" library="BuiltIn">
<arg>${bodyPostProd}</arg>
<doc>Logs the given message with the given level.</doc>
<msg timestamp="20240525 02:31:28.406" level="INFO">{'nome': 'Andrew Wolfe517', 'preco': '1010', 'descricao': 'Teste Automation', 'quantidade': '1049'}</msg>
<status status="PASS" starttime="20240525 02:31:28.406" endtime="20240525 02:31:28.406"/>
</kw>
<kw name="HeadersAuth" library="services">
<arg>${token}</arg>
<kw name="Create Dictionary" library="BuiltIn">
<var>${headersAuth}</var>
<arg>Authorization=${token}</arg>
<doc>Creates and returns a dictionary based on the given ``items``.</doc>
<msg timestamp="20240525 02:31:28.407" level="INFO">${headersAuth} = {'Authorization': 'Bearer eyJhbGciOiJIUzI1NiIsInR5cCI6IkpXVCJ9.eyJlbWFpbCI6InNhbmRyb3Rlc3RlQHFhLmNvbSIsInBhc3N3b3JkIjoidGVzdGVRQSIsImlhdCI6MTcxNjYxNTA4OCwiZXhwIjoxNzE2NjE1Njg4fQ.RFrgXkoxesr1iYC3QqYqdN...</msg>
<status status="PASS" starttime="20240525 02:31:28.406" endtime="20240525 02:31:28.407"/>
</kw>
<kw name="Set Test Variable" library="BuiltIn">
<arg>${headersAuth}</arg>
<doc>Makes a variable available everywhere within the scope of the current test.</doc>
<msg timestamp="20240525 02:31:28.407" level="INFO">${headersAuth} = {'Authorization': 'Bearer eyJhbGciOiJIUzI1NiIsInR5cCI6IkpXVCJ9.eyJlbWFpbCI6InNhbmRyb3Rlc3RlQHFhLmNvbSIsInBhc3N3b3JkIjoidGVzdGVRQSIsImlhdCI6MTcxNjYxNTA4OCwiZXhwIjoxNzE2NjE1Njg4fQ.RFrgXkoxesr1iYC3QqYqdN...</msg>
<status status="PASS" starttime="20240525 02:31:28.407" endtime="20240525 02:31:28.407"/>
</kw>
<status status="PASS" starttime="20240525 02:31:28.406" endtime="20240525 02:31:28.407"/>
</kw>
<kw name="Post Cadastrar" library="services">
<var>${RESPOSTA}</var>
<arg>/produtos</arg>
<arg>${headersAuth}</arg>
<arg>${bodyPostProd}</arg>
<kw name="POST" library="RequestsLibrary">
<var>${response}</var>
<arg>${base_url}${endpoint}</arg>
<arg>json=${body}</arg>
<arg>headers=${headers}</arg>
<arg>expected_status=any</arg>
<doc>Sends a POST request.</doc>
<msg timestamp="20240525 02:31:29.519" level="INFO">POST Request : url=https://serverest.dev/produtos 
 path_url=/produtos 
 headers={'User-Agent': 'python-requests/2.31.0', 'Accept-Encoding': 'gzip, deflate', 'Accept': '*/*', 'Connection': 'keep-alive', 'Authorization': 'Bearer eyJhbGciOiJIUzI1NiIsInR5cCI6IkpXVCJ9.eyJlbWFpbCI6InNhbmRyb3Rlc3RlQHFhLmNvbSIsInBhc3N3b3JkIjoidGVzdGVRQSIsImlhdCI6MTcxNjYxNTA4OCwiZXhwIjoxNzE2NjE1Njg4fQ.RFrgXkoxesr1iYC3QqYqdN6w78Q9h8qKQu4YgS9F2F0', 'Content-Length': '99', 'Content-Type': 'application/json'} 
 body=b'{"nome": "Andrew Wolfe517", "preco": "1010", "descricao": "Teste Automation", "quantidade": "1049"}' 
 </msg>
<msg timestamp="20240525 02:31:29.519" level="INFO">POST Response : url=https://serverest.dev/produtos 
 status=201, reason=Created 
 headers={'access-control-allow-origin': '*', 'x-dns-prefetch-control': 'off', 'x-frame-options': 'SAMEORIGIN', 'strict-transport-security': 'max-age=15552000; includeSubDomains', 'x-download-options': 'noopen', 'x-content-type-options': 'nosniff', 'x-xss-protection': '1; mode=block', 'content-type': 'application/json; charset=utf-8', 'X-Cloud-Trace-Context': '6110f89c12ed5083e61a2f2eb3aafd13', 'Date': 'Sat, 25 May 2024 05:31:29 GMT', 'Server': 'Google Frontend', 'Content-Length': '82'} 
 body={
    "message": "Cadastro realizado com sucesso",
    "_id": "6nx1Aue2BcYFfsju"
} 
 </msg>
<msg timestamp="20240525 02:31:29.519" level="INFO">${response} = &lt;Response [201]&gt;</msg>
<status status="PASS" starttime="20240525 02:31:28.408" endtime="20240525 02:31:29.519"/>
</kw>
<msg timestamp="20240525 02:31:29.520" level="INFO">${RESPOSTA} = &lt;Response [201]&gt;</msg>
<status status="PASS" starttime="20240525 02:31:28.407" endtime="20240525 02:31:29.520"/>
</kw>
<kw name="Set Test Variable" library="BuiltIn">
<arg>${RESPOSTA}</arg>
<doc>Makes a variable available everywhere within the scope of the current test.</doc>
<msg timestamp="20240525 02:31:29.520" level="INFO">${RESPOSTA} = &lt;Response [201]&gt;</msg>
<status status="PASS" starttime="20240525 02:31:29.520" endtime="20240525 02:31:29.521"/>
</kw>
<kw name="Log" library="BuiltIn">
<arg>${RESPOSTA.json()}</arg>
<doc>Logs the given message with the given level.</doc>
<msg timestamp="20240525 02:31:29.522" level="INFO">{'message': 'Cadastro realizado com sucesso', '_id': '6nx1Aue2BcYFfsju'}</msg>
<status status="PASS" starttime="20240525 02:31:29.521" endtime="20240525 02:31:29.522"/>
</kw>
<status status="PASS" starttime="20240525 02:31:28.401" endtime="20240525 02:31:29.523"/>
</kw>
<kw name="Então ira visuazilar o Status Code" library="get_produtos">
<arg>201</arg>
<kw name="Should Be Equal As Strings" library="BuiltIn">
<arg>${RESPOSTA.status_code}</arg>
<arg>${statusCode}</arg>
<doc>Fails if objects are unequal after converting them to strings.</doc>
<msg timestamp="20240525 02:31:29.526" level="INFO">Argument types are:
&lt;class 'int'&gt;
&lt;class 'str'&gt;</msg>
<status status="PASS" starttime="20240525 02:31:29.524" endtime="20240525 02:31:29.526"/>
</kw>
<status status="PASS" starttime="20240525 02:31:29.523" endtime="20240525 02:31:29.526"/>
</kw>
<kw name="E verificar a mensagem de validação" library="post_produtos">
<arg>Cadastro realizado com sucesso</arg>
<kw name="Should Be Equal As Strings" library="BuiltIn">
<arg>${RESPOSTA.json()}[message]</arg>
<arg>${mensagem}</arg>
<doc>Fails if objects are unequal after converting them to strings.</doc>
<status status="PASS" starttime="20240525 02:31:29.527" endtime="20240525 02:31:29.529"/>
</kw>
<status status="PASS" starttime="20240525 02:31:29.527" endtime="20240525 02:31:29.529"/>
</kw>
<kw name="Excluir Produto" library="services">
<kw name="Set Test Variable" library="BuiltIn">
<arg>${id}</arg>
<arg>${RESPOSTA.json()}[_id]</arg>
<doc>Makes a variable available everywhere within the scope of the current test.</doc>
<msg timestamp="20240525 02:31:29.533" level="INFO">${id} = 6nx1Aue2BcYFfsju</msg>
<status status="PASS" starttime="20240525 02:31:29.531" endtime="20240525 02:31:29.533"/>
</kw>
<kw name="Quando enviar uma requisição pra excluir um produto" library="delete_produtos">
<arg>${token}</arg>
<kw name="HeadersAuth" library="services">
<arg>${token}</arg>
<kw name="Create Dictionary" library="BuiltIn">
<var>${headersAuth}</var>
<arg>Authorization=${token}</arg>
<doc>Creates and returns a dictionary based on the given ``items``.</doc>
<msg timestamp="20240525 02:31:29.536" level="INFO">${headersAuth} = {'Authorization': 'Bearer eyJhbGciOiJIUzI1NiIsInR5cCI6IkpXVCJ9.eyJlbWFpbCI6InNhbmRyb3Rlc3RlQHFhLmNvbSIsInBhc3N3b3JkIjoidGVzdGVRQSIsImlhdCI6MTcxNjYxNTA4OCwiZXhwIjoxNzE2NjE1Njg4fQ.RFrgXkoxesr1iYC3QqYqdN...</msg>
<status status="PASS" starttime="20240525 02:31:29.535" endtime="20240525 02:31:29.536"/>
</kw>
<kw name="Set Test Variable" library="BuiltIn">
<arg>${headersAuth}</arg>
<doc>Makes a variable available everywhere within the scope of the current test.</doc>
<msg timestamp="20240525 02:31:29.537" level="INFO">${headersAuth} = {'Authorization': 'Bearer eyJhbGciOiJIUzI1NiIsInR5cCI6IkpXVCJ9.eyJlbWFpbCI6InNhbmRyb3Rlc3RlQHFhLmNvbSIsInBhc3N3b3JkIjoidGVzdGVRQSIsImlhdCI6MTcxNjYxNTA4OCwiZXhwIjoxNzE2NjE1Njg4fQ.RFrgXkoxesr1iYC3QqYqdN...</msg>
<status status="PASS" starttime="20240525 02:31:29.536" endtime="20240525 02:31:29.537"/>
</kw>
<status status="PASS" starttime="20240525 02:31:29.534" endtime="20240525 02:31:29.537"/>
</kw>
<kw name="Delete in" library="services">
<var>${RESPOSTA}</var>
<arg>/produtos</arg>
<arg>${headersAuth}</arg>
<arg>${id}</arg>
<kw name="DELETE" library="RequestsLibrary">
<var>${response}</var>
<arg>${base_url}${endpoint}/${id}</arg>
<arg>headers=${headers}</arg>
<arg>expected_status=any</arg>
<doc>Sends a DELETE request.</doc>
<msg timestamp="20240525 02:31:30.855" level="INFO">DELETE Request : url=https://serverest.dev/produtos/6nx1Aue2BcYFfsju 
 path_url=/produtos/6nx1Aue2BcYFfsju 
 headers={'User-Agent': 'python-requests/2.31.0', 'Accept-Encoding': 'gzip, deflate', 'Accept': '*/*', 'Connection': 'keep-alive', 'Authorization': 'Bearer eyJhbGciOiJIUzI1NiIsInR5cCI6IkpXVCJ9.eyJlbWFpbCI6InNhbmRyb3Rlc3RlQHFhLmNvbSIsInBhc3N3b3JkIjoidGVzdGVRQSIsImlhdCI6MTcxNjYxNTA4OCwiZXhwIjoxNzE2NjE1Njg4fQ.RFrgXkoxesr1iYC3QqYqdN6w78Q9h8qKQu4YgS9F2F0', 'Content-Length': '0'} 
 body=None 
 </msg>
<msg timestamp="20240525 02:31:30.856" level="INFO">DELETE Response : url=https://serverest.dev/produtos/6nx1Aue2BcYFfsju 
 status=200, reason=OK 
 headers={'access-control-allow-origin': '*', 'x-dns-prefetch-control': 'off', 'x-frame-options': 'SAMEORIGIN', 'strict-transport-security': 'max-age=15552000; includeSubDomains', 'x-download-options': 'noopen', 'x-content-type-options': 'nosniff', 'x-xss-protection': '1; mode=block', 'content-type': 'application/json; charset=utf-8', 'X-Cloud-Trace-Context': '50737cf1c896cdb8ba7f5aac17c6e529', 'Date': 'Sat, 25 May 2024 05:31:31 GMT', 'Server': 'Google Frontend', 'Content-Length': '51'} 
 body={
    "message": "Registro excluído com sucesso"
} 
 </msg>
<msg timestamp="20240525 02:31:30.856" level="INFO">${response} = &lt;Response [200]&gt;</msg>
<status status="PASS" starttime="20240525 02:31:29.538" endtime="20240525 02:31:30.856"/>
</kw>
<msg timestamp="20240525 02:31:30.856" level="INFO">${RESPOSTA} = &lt;Response [200]&gt;</msg>
<status status="PASS" starttime="20240525 02:31:29.537" endtime="20240525 02:31:30.856"/>
</kw>
<kw name="Set Test Variable" library="BuiltIn">
<arg>${RESPOSTA}</arg>
<doc>Makes a variable available everywhere within the scope of the current test.</doc>
<msg timestamp="20240525 02:31:30.857" level="INFO">${RESPOSTA} = &lt;Response [200]&gt;</msg>
<status status="PASS" starttime="20240525 02:31:30.857" endtime="20240525 02:31:30.857"/>
</kw>
<kw name="Log" library="BuiltIn">
<arg>${RESPOSTA.json()}</arg>
<doc>Logs the given message with the given level.</doc>
<msg timestamp="20240525 02:31:30.860" level="INFO">{'message': 'Registro excluído com sucesso'}</msg>
<status status="PASS" starttime="20240525 02:31:30.858" endtime="20240525 02:31:30.860"/>
</kw>
<status status="PASS" starttime="20240525 02:31:29.534" endtime="20240525 02:31:30.860"/>
</kw>
<status status="PASS" starttime="20240525 02:31:29.530" endtime="20240525 02:31:30.860"/>
</kw>
<kw name="E verificar a mensagem de exclusão" library="delete_produtos">
<arg>Registro excluído com sucesso</arg>
<kw name="Should Be Equal" library="BuiltIn">
<arg>${RESPOSTA.json()}[message]</arg>
<arg>${mensagem}</arg>
<doc>Fails if the given objects are unequal.</doc>
<status status="PASS" starttime="20240525 02:31:30.862" endtime="20240525 02:31:30.864"/>
</kw>
<status status="PASS" starttime="20240525 02:31:30.861" endtime="20240525 02:31:30.864"/>
</kw>
<status status="PASS" starttime="20240525 02:31:28.395" endtime="20240525 02:31:30.865"/>
</test>
<test id="s1-s3-t2" name="Cadastrar Produto sem o Token" line="16">
<kw name="Fakers" library="Utils">
<kw name="Name" library="FakerLibrary">
<var>${FakeNome}</var>
<doc>:example: 'John Doe'</doc>
<msg timestamp="20240525 02:31:30.871" level="INFO">${FakeNome} = Cynthia Burch</msg>
<status status="PASS" starttime="20240525 02:31:30.870" endtime="20240525 02:31:30.872"/>
</kw>
<kw name="Set Test Variable" library="BuiltIn">
<arg>${FakeNome}</arg>
<doc>Makes a variable available everywhere within the scope of the current test.</doc>
<msg timestamp="20240525 02:31:30.873" level="INFO">${FakeNome} = Cynthia Burch</msg>
<status status="PASS" starttime="20240525 02:31:30.872" endtime="20240525 02:31:30.873"/>
</kw>
<kw name="Email" library="FakerLibrary">
<var>${FakeEmail}</var>
<msg timestamp="20240525 02:31:30.875" level="INFO">${FakeEmail} = walkerjacob@example.com</msg>
<status status="PASS" starttime="20240525 02:31:30.873" endtime="20240525 02:31:30.875"/>
</kw>
<kw name="Set Test Variable" library="BuiltIn">
<arg>${FakeEmail}</arg>
<doc>Makes a variable available everywhere within the scope of the current test.</doc>
<msg timestamp="20240525 02:31:30.876" level="INFO">${FakeEmail} = walkerjacob@example.com</msg>
<status status="PASS" starttime="20240525 02:31:30.875" endtime="20240525 02:31:30.876"/>
</kw>
<kw name="Numerify" library="FakerLibrary">
<var>${compSenha}</var>
<arg>text=##</arg>
<doc>Generate a string with each placeholder in ``text`` replaced according
to the following rules:</doc>
<msg timestamp="20240525 02:31:30.877" level="INFO">${compSenha} = 91</msg>
<status status="PASS" starttime="20240525 02:31:30.876" endtime="20240525 02:31:30.877"/>
</kw>
<kw name="Catenate" library="BuiltIn">
<var>${FakeSenha}</var>
<arg>Seubarriga</arg>
<arg>${compSenha}</arg>
<doc>Catenates the given items together and returns the resulted string.</doc>
<msg timestamp="20240525 02:31:30.877" level="INFO">${FakeSenha} = Seubarriga 91</msg>
<status status="PASS" starttime="20240525 02:31:30.877" endtime="20240525 02:31:30.878"/>
</kw>
<kw name="Set Test Variable" library="BuiltIn">
<arg>${FakeSenha}</arg>
<doc>Makes a variable available everywhere within the scope of the current test.</doc>
<msg timestamp="20240525 02:31:30.878" level="INFO">${FakeSenha} = Seubarriga 91</msg>
<status status="PASS" starttime="20240525 02:31:30.878" endtime="20240525 02:31:30.878"/>
</kw>
<kw name="Sentence" library="FakerLibrary">
<var>${FakerDescricao}</var>
<doc>Generate a sentence.</doc>
<msg timestamp="20240525 02:31:30.879" level="INFO">${FakerDescricao} = Whom front sense traditional son trouble meet.</msg>
<status status="PASS" starttime="20240525 02:31:30.879" endtime="20240525 02:31:30.879"/>
</kw>
<kw name="Set Test Variable" library="BuiltIn">
<arg>${FakerDescricao}</arg>
<doc>Makes a variable available everywhere within the scope of the current test.</doc>
<msg timestamp="20240525 02:31:30.880" level="INFO">${FakerDescricao} = Whom front sense traditional son trouble meet.</msg>
<status status="PASS" starttime="20240525 02:31:30.879" endtime="20240525 02:31:30.880"/>
</kw>
<kw name="Numerify" library="FakerLibrary">
<var>${FakerValor}</var>
<doc>Generate a string with each placeholder in ``text`` replaced according
to the following rules:</doc>
<msg timestamp="20240525 02:31:30.881" level="INFO">${FakerValor} = 750</msg>
<status status="PASS" starttime="20240525 02:31:30.880" endtime="20240525 02:31:30.881"/>
</kw>
<kw name="Set Test Variable" library="BuiltIn">
<arg>${FakerValor}</arg>
<doc>Makes a variable available everywhere within the scope of the current test.</doc>
<msg timestamp="20240525 02:31:30.882" level="INFO">${FakerValor} = 750</msg>
<status status="PASS" starttime="20240525 02:31:30.881" endtime="20240525 02:31:30.882"/>
</kw>
<status status="PASS" starttime="20240525 02:31:30.870" endtime="20240525 02:31:30.883"/>
</kw>
<kw name="Quando enviar uma requisição Post" library="post_produtos">
<arg>${EMPTY}</arg>
<arg>${FakeNome}${FakerValor}</arg>
<arg>1010</arg>
<arg>Teste Automation</arg>
<arg>1049</arg>
<kw name="Factory New Produtos" library="produtos_fac">
<var>${bodyPostProd}</var>
<arg>cnome=${cnome}</arg>
<arg>cpreco=${cpreco}</arg>
<arg>cdescricao=${cdescricao}</arg>
<arg>cquantidade=${cquantidade}</arg>
<kw name="Create Dictionary" library="BuiltIn">
<var>${produtos}</var>
<doc>Creates and returns a dictionary based on the given ``items``.</doc>
<msg timestamp="20240525 02:31:30.889" level="INFO">${produtos} = {}</msg>
<status status="PASS" starttime="20240525 02:31:30.888" endtime="20240525 02:31:30.890"/>
</kw>
<kw name="Run Keyword If" library="BuiltIn">
<arg>"${cnome}" != 'None'</arg>
<arg>Set To Dictionary</arg>
<arg>${produtos}</arg>
<arg>nome</arg>
<arg>${cnome}</arg>
<doc>Runs the given keyword with the given arguments, if ``condition`` is true.</doc>
<kw name="Set To Dictionary" library="Collections">
<arg>${produtos}</arg>
<arg>nome</arg>
<arg>${cnome}</arg>
<doc>Adds the given ``key_value_pairs`` and/or ``items`` to the ``dictionary``.</doc>
<status status="PASS" starttime="20240525 02:31:30.891" endtime="20240525 02:31:30.891"/>
</kw>
<status status="PASS" starttime="20240525 02:31:30.890" endtime="20240525 02:31:30.891"/>
</kw>
<kw name="Run Keyword If" library="BuiltIn">
<arg>"${cpreco}" != "None"</arg>
<arg>Set To Dictionary</arg>
<arg>${produtos}</arg>
<arg>preco</arg>
<arg>${cpreco}</arg>
<doc>Runs the given keyword with the given arguments, if ``condition`` is true.</doc>
<kw name="Set To Dictionary" library="Collections">
<arg>${produtos}</arg>
<arg>preco</arg>
<arg>${cpreco}</arg>
<doc>Adds the given ``key_value_pairs`` and/or ``items`` to the ``dictionary``.</doc>
<status status="PASS" starttime="20240525 02:31:30.892" endtime="20240525 02:31:30.893"/>
</kw>
<status status="PASS" starttime="20240525 02:31:30.892" endtime="20240525 02:31:30.893"/>
</kw>
<kw name="Run Keyword If" library="BuiltIn">
<arg>"${cdescricao}" != "None"</arg>
<arg>Set To Dictionary</arg>
<arg>${produtos}</arg>
<arg>descricao</arg>
<arg>${cdescricao}</arg>
<doc>Runs the given keyword with the given arguments, if ``condition`` is true.</doc>
<kw name="Set To Dictionary" library="Collections">
<arg>${produtos}</arg>
<arg>descricao</arg>
<arg>${cdescricao}</arg>
<doc>Adds the given ``key_value_pairs`` and/or ``items`` to the ``dictionary``.</doc>
<status status="PASS" starttime="20240525 02:31:30.894" endtime="20240525 02:31:30.895"/>
</kw>
<status status="PASS" starttime="20240525 02:31:30.893" endtime="20240525 02:31:30.896"/>
</kw>
<kw name="Run Keyword If" library="BuiltIn">
<arg>"${cquantidade}" != "None"</arg>
<arg>Set To Dictionary</arg>
<arg>${produtos}</arg>
<arg>quantidade</arg>
<arg>${cquantidade}</arg>
<doc>Runs the given keyword with the given arguments, if ``condition`` is true.</doc>
<kw name="Set To Dictionary" library="Collections">
<arg>${produtos}</arg>
<arg>quantidade</arg>
<arg>${cquantidade}</arg>
<doc>Adds the given ``key_value_pairs`` and/or ``items`` to the ``dictionary``.</doc>
<status status="PASS" starttime="20240525 02:31:30.898" endtime="20240525 02:31:30.898"/>
</kw>
<status status="PASS" starttime="20240525 02:31:30.896" endtime="20240525 02:31:30.899"/>
</kw>
<msg timestamp="20240525 02:31:30.899" level="INFO">${bodyPostProd} = {'nome': 'Cynthia Burch750', 'preco': '1010', 'descricao': 'Teste Automation', 'quantidade': '1049'}</msg>
<status status="PASS" starttime="20240525 02:31:30.886" endtime="20240525 02:31:30.899"/>
</kw>
<kw name="Log" library="BuiltIn">
<arg>${bodyPostProd}</arg>
<doc>Logs the given message with the given level.</doc>
<msg timestamp="20240525 02:31:30.900" level="INFO">{'nome': 'Cynthia Burch750', 'preco': '1010', 'descricao': 'Teste Automation', 'quantidade': '1049'}</msg>
<status status="PASS" starttime="20240525 02:31:30.900" endtime="20240525 02:31:30.901"/>
</kw>
<kw name="HeadersAuth" library="services">
<arg>${token}</arg>
<kw name="Create Dictionary" library="BuiltIn">
<var>${headersAuth}</var>
<arg>Authorization=${token}</arg>
<doc>Creates and returns a dictionary based on the given ``items``.</doc>
<msg timestamp="20240525 02:31:30.904" level="INFO">${headersAuth} = {'Authorization': ''}</msg>
<status status="PASS" starttime="20240525 02:31:30.903" endtime="20240525 02:31:30.904"/>
</kw>
<kw name="Set Test Variable" library="BuiltIn">
<arg>${headersAuth}</arg>
<doc>Makes a variable available everywhere within the scope of the current test.</doc>
<msg timestamp="20240525 02:31:30.906" level="INFO">${headersAuth} = {'Authorization': ''}</msg>
<status status="PASS" starttime="20240525 02:31:30.905" endtime="20240525 02:31:30.906"/>
</kw>
<status status="PASS" starttime="20240525 02:31:30.901" endtime="20240525 02:31:30.906"/>
</kw>
<kw name="Post Cadastrar" library="services">
<var>${RESPOSTA}</var>
<arg>/produtos</arg>
<arg>${headersAuth}</arg>
<arg>${bodyPostProd}</arg>
<kw name="POST" library="RequestsLibrary">
<var>${response}</var>
<arg>${base_url}${endpoint}</arg>
<arg>json=${body}</arg>
<arg>headers=${headers}</arg>
<arg>expected_status=any</arg>
<doc>Sends a POST request.</doc>
<msg timestamp="20240525 02:31:31.932" level="INFO">POST Request : url=https://serverest.dev/produtos 
 path_url=/produtos 
 headers={'User-Agent': 'python-requests/2.31.0', 'Accept-Encoding': 'gzip, deflate', 'Accept': '*/*', 'Connection': 'keep-alive', 'Authorization': '', 'Content-Length': '100', 'Content-Type': 'application/json'} 
 body=b'{"nome": "Cynthia Burch750", "preco": "1010", "descricao": "Teste Automation", "quantidade": "1049"}' 
 </msg>
<msg timestamp="20240525 02:31:31.932" level="INFO">POST Response : url=https://serverest.dev/produtos 
 status=401, reason=Unauthorized 
 headers={'access-control-allow-origin': '*', 'x-dns-prefetch-control': 'off', 'x-frame-options': 'SAMEORIGIN', 'strict-transport-security': 'max-age=15552000; includeSubDomains', 'x-download-options': 'noopen', 'x-content-type-options': 'nosniff', 'x-xss-protection': '1; mode=block', 'content-type': 'application/json; charset=utf-8', 'X-Cloud-Trace-Context': 'bd443c807b212ca0d442f4745208441c', 'Date': 'Sat, 25 May 2024 05:31:32 GMT', 'Server': 'Google Frontend', 'Content-Length': '103'} 
 body={
    "message": "Token de acesso ausente, inválido, expirado ou usuário do token não existe mais"
} 
 </msg>
<msg timestamp="20240525 02:31:31.933" level="INFO">${response} = &lt;Response [401]&gt;</msg>
<status status="PASS" starttime="20240525 02:31:30.908" endtime="20240525 02:31:31.933"/>
</kw>
<msg timestamp="20240525 02:31:31.933" level="INFO">${RESPOSTA} = &lt;Response [401]&gt;</msg>
<status status="PASS" starttime="20240525 02:31:30.907" endtime="20240525 02:31:31.933"/>
</kw>
<kw name="Set Test Variable" library="BuiltIn">
<arg>${RESPOSTA}</arg>
<doc>Makes a variable available everywhere within the scope of the current test.</doc>
<msg timestamp="20240525 02:31:31.934" level="INFO">${RESPOSTA} = &lt;Response [401]&gt;</msg>
<status status="PASS" starttime="20240525 02:31:31.934" endtime="20240525 02:31:31.934"/>
</kw>
<kw name="Log" library="BuiltIn">
<arg>${RESPOSTA.json()}</arg>
<doc>Logs the given message with the given level.</doc>
<msg timestamp="20240525 02:31:31.937" level="INFO">{'message': 'Token de acesso ausente, inválido, expirado ou usuário do token não existe mais'}</msg>
<status status="PASS" starttime="20240525 02:31:31.935" endtime="20240525 02:31:31.937"/>
</kw>
<status status="PASS" starttime="20240525 02:31:30.884" endtime="20240525 02:31:31.937"/>
</kw>
<kw name="Então ira visuazilar o Status Code" library="get_produtos">
<arg>401</arg>
<kw name="Should Be Equal As Strings" library="BuiltIn">
<arg>${RESPOSTA.status_code}</arg>
<arg>${statusCode}</arg>
<doc>Fails if objects are unequal after converting them to strings.</doc>
<msg timestamp="20240525 02:31:31.941" level="INFO">Argument types are:
&lt;class 'int'&gt;
&lt;class 'str'&gt;</msg>
<status status="PASS" starttime="20240525 02:31:31.939" endtime="20240525 02:31:31.941"/>
</kw>
<status status="PASS" starttime="20240525 02:31:31.938" endtime="20240525 02:31:31.941"/>
</kw>
<kw name="E verificar a mensagem de validação" library="post_produtos">
<arg>Token de acesso ausente, inválido, expirado ou usuário do token não existe mais</arg>
<kw name="Should Be Equal As Strings" library="BuiltIn">
<arg>${RESPOSTA.json()}[message]</arg>
<arg>${mensagem}</arg>
<doc>Fails if objects are unequal after converting them to strings.</doc>
<status status="PASS" starttime="20240525 02:31:31.943" endtime="20240525 02:31:31.945"/>
</kw>
<status status="PASS" starttime="20240525 02:31:31.942" endtime="20240525 02:31:31.945"/>
</kw>
<status status="PASS" starttime="20240525 02:31:30.868" endtime="20240525 02:31:31.946"/>
</test>
<test id="s1-s3-t3" name="Cadastro Protudo com Token Invalido" line="22">
<kw name="Fakers" library="Utils">
<kw name="Name" library="FakerLibrary">
<var>${FakeNome}</var>
<doc>:example: 'John Doe'</doc>
<msg timestamp="20240525 02:31:31.952" level="INFO">${FakeNome} = Mr. Frank Santos MD</msg>
<status status="PASS" starttime="20240525 02:31:31.951" endtime="20240525 02:31:31.952"/>
</kw>
<kw name="Set Test Variable" library="BuiltIn">
<arg>${FakeNome}</arg>
<doc>Makes a variable available everywhere within the scope of the current test.</doc>
<msg timestamp="20240525 02:31:31.953" level="INFO">${FakeNome} = Mr. Frank Santos MD</msg>
<status status="PASS" starttime="20240525 02:31:31.952" endtime="20240525 02:31:31.953"/>
</kw>
<kw name="Email" library="FakerLibrary">
<var>${FakeEmail}</var>
<msg timestamp="20240525 02:31:31.954" level="INFO">${FakeEmail} = erika41@example.com</msg>
<status status="PASS" starttime="20240525 02:31:31.953" endtime="20240525 02:31:31.954"/>
</kw>
<kw name="Set Test Variable" library="BuiltIn">
<arg>${FakeEmail}</arg>
<doc>Makes a variable available everywhere within the scope of the current test.</doc>
<msg timestamp="20240525 02:31:31.955" level="INFO">${FakeEmail} = erika41@example.com</msg>
<status status="PASS" starttime="20240525 02:31:31.955" endtime="20240525 02:31:31.955"/>
</kw>
<kw name="Numerify" library="FakerLibrary">
<var>${compSenha}</var>
<arg>text=##</arg>
<doc>Generate a string with each placeholder in ``text`` replaced according
to the following rules:</doc>
<msg timestamp="20240525 02:31:31.956" level="INFO">${compSenha} = 37</msg>
<status status="PASS" starttime="20240525 02:31:31.956" endtime="20240525 02:31:31.956"/>
</kw>
<kw name="Catenate" library="BuiltIn">
<var>${FakeSenha}</var>
<arg>Seubarriga</arg>
<arg>${compSenha}</arg>
<doc>Catenates the given items together and returns the resulted string.</doc>
<msg timestamp="20240525 02:31:31.958" level="INFO">${FakeSenha} = Seubarriga 37</msg>
<status status="PASS" starttime="20240525 02:31:31.957" endtime="20240525 02:31:31.958"/>
</kw>
<kw name="Set Test Variable" library="BuiltIn">
<arg>${FakeSenha}</arg>
<doc>Makes a variable available everywhere within the scope of the current test.</doc>
<msg timestamp="20240525 02:31:31.959" level="INFO">${FakeSenha} = Seubarriga 37</msg>
<status status="PASS" starttime="20240525 02:31:31.958" endtime="20240525 02:31:31.959"/>
</kw>
<kw name="Sentence" library="FakerLibrary">
<var>${FakerDescricao}</var>
<doc>Generate a sentence.</doc>
<msg timestamp="20240525 02:31:31.960" level="INFO">${FakerDescricao} = Congress various campaign most audience suddenly.</msg>
<status status="PASS" starttime="20240525 02:31:31.959" endtime="20240525 02:31:31.960"/>
</kw>
<kw name="Set Test Variable" library="BuiltIn">
<arg>${FakerDescricao}</arg>
<doc>Makes a variable available everywhere within the scope of the current test.</doc>
<msg timestamp="20240525 02:31:31.962" level="INFO">${FakerDescricao} = Congress various campaign most audience suddenly.</msg>
<status status="PASS" starttime="20240525 02:31:31.961" endtime="20240525 02:31:31.962"/>
</kw>
<kw name="Numerify" library="FakerLibrary">
<var>${FakerValor}</var>
<doc>Generate a string with each placeholder in ``text`` replaced according
to the following rules:</doc>
<msg timestamp="20240525 02:31:31.963" level="INFO">${FakerValor} = 771</msg>
<status status="PASS" starttime="20240525 02:31:31.962" endtime="20240525 02:31:31.963"/>
</kw>
<kw name="Set Test Variable" library="BuiltIn">
<arg>${FakerValor}</arg>
<doc>Makes a variable available everywhere within the scope of the current test.</doc>
<msg timestamp="20240525 02:31:31.964" level="INFO">${FakerValor} = 771</msg>
<status status="PASS" starttime="20240525 02:31:31.963" endtime="20240525 02:31:31.964"/>
</kw>
<status status="PASS" starttime="20240525 02:31:31.950" endtime="20240525 02:31:31.964"/>
</kw>
<kw name="Quando enviar uma requisição Post" library="post_produtos">
<arg>token_invalido</arg>
<arg>${FakeNome}${FakerValor}</arg>
<arg>1010</arg>
<arg>Teste Automation</arg>
<arg>1049</arg>
<kw name="Factory New Produtos" library="produtos_fac">
<var>${bodyPostProd}</var>
<arg>cnome=${cnome}</arg>
<arg>cpreco=${cpreco}</arg>
<arg>cdescricao=${cdescricao}</arg>
<arg>cquantidade=${cquantidade}</arg>
<kw name="Create Dictionary" library="BuiltIn">
<var>${produtos}</var>
<doc>Creates and returns a dictionary based on the given ``items``.</doc>
<msg timestamp="20240525 02:31:31.970" level="INFO">${produtos} = {}</msg>
<status status="PASS" starttime="20240525 02:31:31.969" endtime="20240525 02:31:31.971"/>
</kw>
<kw name="Run Keyword If" library="BuiltIn">
<arg>"${cnome}" != 'None'</arg>
<arg>Set To Dictionary</arg>
<arg>${produtos}</arg>
<arg>nome</arg>
<arg>${cnome}</arg>
<doc>Runs the given keyword with the given arguments, if ``condition`` is true.</doc>
<kw name="Set To Dictionary" library="Collections">
<arg>${produtos}</arg>
<arg>nome</arg>
<arg>${cnome}</arg>
<doc>Adds the given ``key_value_pairs`` and/or ``items`` to the ``dictionary``.</doc>
<status status="PASS" starttime="20240525 02:31:31.972" endtime="20240525 02:31:31.973"/>
</kw>
<status status="PASS" starttime="20240525 02:31:31.971" endtime="20240525 02:31:31.974"/>
</kw>
<kw name="Run Keyword If" library="BuiltIn">
<arg>"${cpreco}" != "None"</arg>
<arg>Set To Dictionary</arg>
<arg>${produtos}</arg>
<arg>preco</arg>
<arg>${cpreco}</arg>
<doc>Runs the given keyword with the given arguments, if ``condition`` is true.</doc>
<kw name="Set To Dictionary" library="Collections">
<arg>${produtos}</arg>
<arg>preco</arg>
<arg>${cpreco}</arg>
<doc>Adds the given ``key_value_pairs`` and/or ``items`` to the ``dictionary``.</doc>
<status status="PASS" starttime="20240525 02:31:31.975" endtime="20240525 02:31:31.976"/>
</kw>
<status status="PASS" starttime="20240525 02:31:31.974" endtime="20240525 02:31:31.976"/>
</kw>
<kw name="Run Keyword If" library="BuiltIn">
<arg>"${cdescricao}" != "None"</arg>
<arg>Set To Dictionary</arg>
<arg>${produtos}</arg>
<arg>descricao</arg>
<arg>${cdescricao}</arg>
<doc>Runs the given keyword with the given arguments, if ``condition`` is true.</doc>
<kw name="Set To Dictionary" library="Collections">
<arg>${produtos}</arg>
<arg>descricao</arg>
<arg>${cdescricao}</arg>
<doc>Adds the given ``key_value_pairs`` and/or ``items`` to the ``dictionary``.</doc>
<status status="PASS" starttime="20240525 02:31:31.978" endtime="20240525 02:31:31.979"/>
</kw>
<status status="PASS" starttime="20240525 02:31:31.977" endtime="20240525 02:31:31.979"/>
</kw>
<kw name="Run Keyword If" library="BuiltIn">
<arg>"${cquantidade}" != "None"</arg>
<arg>Set To Dictionary</arg>
<arg>${produtos}</arg>
<arg>quantidade</arg>
<arg>${cquantidade}</arg>
<doc>Runs the given keyword with the given arguments, if ``condition`` is true.</doc>
<kw name="Set To Dictionary" library="Collections">
<arg>${produtos}</arg>
<arg>quantidade</arg>
<arg>${cquantidade}</arg>
<doc>Adds the given ``key_value_pairs`` and/or ``items`` to the ``dictionary``.</doc>
<status status="PASS" starttime="20240525 02:31:31.980" endtime="20240525 02:31:31.981"/>
</kw>
<status status="PASS" starttime="20240525 02:31:31.979" endtime="20240525 02:31:31.982"/>
</kw>
<msg timestamp="20240525 02:31:31.982" level="INFO">${bodyPostProd} = {'nome': 'Mr. Frank Santos MD771', 'preco': '1010', 'descricao': 'Teste Automation', 'quantidade': '1049'}</msg>
<status status="PASS" starttime="20240525 02:31:31.967" endtime="20240525 02:31:31.982"/>
</kw>
<kw name="Log" library="BuiltIn">
<arg>${bodyPostProd}</arg>
<doc>Logs the given message with the given level.</doc>
<msg timestamp="20240525 02:31:31.984" level="INFO">{'nome': 'Mr. Frank Santos MD771', 'preco': '1010', 'descricao': 'Teste Automation', 'quantidade': '1049'}</msg>
<status status="PASS" starttime="20240525 02:31:31.983" endtime="20240525 02:31:31.985"/>
</kw>
<kw name="HeadersAuth" library="services">
<arg>${token}</arg>
<kw name="Create Dictionary" library="BuiltIn">
<var>${headersAuth}</var>
<arg>Authorization=${token}</arg>
<doc>Creates and returns a dictionary based on the given ``items``.</doc>
<msg timestamp="20240525 02:31:31.991" level="INFO">${headersAuth} = {'Authorization': 'token_invalido'}</msg>
<status status="PASS" starttime="20240525 02:31:31.989" endtime="20240525 02:31:31.991"/>
</kw>
<kw name="Set Test Variable" library="BuiltIn">
<arg>${headersAuth}</arg>
<doc>Makes a variable available everywhere within the scope of the current test.</doc>
<msg timestamp="20240525 02:31:31.993" level="INFO">${headersAuth} = {'Authorization': 'token_invalido'}</msg>
<status status="PASS" starttime="20240525 02:31:31.992" endtime="20240525 02:31:31.993"/>
</kw>
<status status="PASS" starttime="20240525 02:31:31.986" endtime="20240525 02:31:31.993"/>
</kw>
<kw name="Post Cadastrar" library="services">
<var>${RESPOSTA}</var>
<arg>/produtos</arg>
<arg>${headersAuth}</arg>
<arg>${bodyPostProd}</arg>
<kw name="POST" library="RequestsLibrary">
<var>${response}</var>
<arg>${base_url}${endpoint}</arg>
<arg>json=${body}</arg>
<arg>headers=${headers}</arg>
<arg>expected_status=any</arg>
<doc>Sends a POST request.</doc>
<msg timestamp="20240525 02:31:33.080" level="INFO">POST Request : url=https://serverest.dev/produtos 
 path_url=/produtos 
 headers={'User-Agent': 'python-requests/2.31.0', 'Accept-Encoding': 'gzip, deflate', 'Accept': '*/*', 'Connection': 'keep-alive', 'Authorization': 'token_invalido', 'Content-Length': '106', 'Content-Type': 'application/json'} 
 body=b'{"nome": "Mr. Frank Santos MD771", "preco": "1010", "descricao": "Teste Automation", "quantidade": "1049"}' 
 </msg>
<msg timestamp="20240525 02:31:33.080" level="INFO">POST Response : url=https://serverest.dev/produtos 
 status=401, reason=Unauthorized 
 headers={'access-control-allow-origin': '*', 'x-dns-prefetch-control': 'off', 'x-frame-options': 'SAMEORIGIN', 'strict-transport-security': 'max-age=15552000; includeSubDomains', 'x-download-options': 'noopen', 'x-content-type-options': 'nosniff', 'x-xss-protection': '1; mode=block', 'content-type': 'application/json; charset=utf-8', 'X-Cloud-Trace-Context': '4fab02a4cc824abecb20f2b97398741e', 'Date': 'Sat, 25 May 2024 05:31:33 GMT', 'Server': 'Google Frontend', 'Content-Length': '103'} 
 body={
    "message": "Token de acesso ausente, inválido, expirado ou usuário do token não existe mais"
} 
 </msg>
<msg timestamp="20240525 02:31:33.080" level="INFO">${response} = &lt;Response [401]&gt;</msg>
<status status="PASS" starttime="20240525 02:31:31.995" endtime="20240525 02:31:33.081"/>
</kw>
<msg timestamp="20240525 02:31:33.081" level="INFO">${RESPOSTA} = &lt;Response [401]&gt;</msg>
<status status="PASS" starttime="20240525 02:31:31.993" endtime="20240525 02:31:33.081"/>
</kw>
<kw name="Set Test Variable" library="BuiltIn">
<arg>${RESPOSTA}</arg>
<doc>Makes a variable available everywhere within the scope of the current test.</doc>
<msg timestamp="20240525 02:31:33.082" level="INFO">${RESPOSTA} = &lt;Response [401]&gt;</msg>
<status status="PASS" starttime="20240525 02:31:33.081" endtime="20240525 02:31:33.082"/>
</kw>
<kw name="Log" library="BuiltIn">
<arg>${RESPOSTA.json()}</arg>
<doc>Logs the given message with the given level.</doc>
<msg timestamp="20240525 02:31:33.084" level="INFO">{'message': 'Token de acesso ausente, inválido, expirado ou usuário do token não existe mais'}</msg>
<status status="PASS" starttime="20240525 02:31:33.082" endtime="20240525 02:31:33.084"/>
</kw>
<status status="PASS" starttime="20240525 02:31:31.965" endtime="20240525 02:31:33.084"/>
</kw>
<kw name="Então ira visuazilar o Status Code" library="get_produtos">
<arg>401</arg>
<kw name="Should Be Equal As Strings" library="BuiltIn">
<arg>${RESPOSTA.status_code}</arg>
<arg>${statusCode}</arg>
<doc>Fails if objects are unequal after converting them to strings.</doc>
<msg timestamp="20240525 02:31:33.087" level="INFO">Argument types are:
&lt;class 'int'&gt;
&lt;class 'str'&gt;</msg>
<status status="PASS" starttime="20240525 02:31:33.086" endtime="20240525 02:31:33.088"/>
</kw>
<status status="PASS" starttime="20240525 02:31:33.085" endtime="20240525 02:31:33.088"/>
</kw>
<kw name="E verificar a mensagem de validação" library="post_produtos">
<arg>Token de acesso ausente, inválido, expirado ou usuário do token não existe mais</arg>
<kw name="Should Be Equal As Strings" library="BuiltIn">
<arg>${RESPOSTA.json()}[message]</arg>
<arg>${mensagem}</arg>
<doc>Fails if objects are unequal after converting them to strings.</doc>
<status status="PASS" starttime="20240525 02:31:33.090" endtime="20240525 02:31:33.091"/>
</kw>
<status status="PASS" starttime="20240525 02:31:33.089" endtime="20240525 02:31:33.092"/>
</kw>
<status status="PASS" starttime="20240525 02:31:31.948" endtime="20240525 02:31:33.093"/>
</test>
<test id="s1-s3-t4" name="Validar Produto duplicado" line="28">
<kw name="Fakers" library="Utils">
<kw name="Name" library="FakerLibrary">
<var>${FakeNome}</var>
<doc>:example: 'John Doe'</doc>
<msg timestamp="20240525 02:31:33.099" level="INFO">${FakeNome} = Catherine Stephenson</msg>
<status status="PASS" starttime="20240525 02:31:33.098" endtime="20240525 02:31:33.099"/>
</kw>
<kw name="Set Test Variable" library="BuiltIn">
<arg>${FakeNome}</arg>
<doc>Makes a variable available everywhere within the scope of the current test.</doc>
<msg timestamp="20240525 02:31:33.100" level="INFO">${FakeNome} = Catherine Stephenson</msg>
<status status="PASS" starttime="20240525 02:31:33.099" endtime="20240525 02:31:33.100"/>
</kw>
<kw name="Email" library="FakerLibrary">
<var>${FakeEmail}</var>
<msg timestamp="20240525 02:31:33.101" level="INFO">${FakeEmail} = nathan96@example.net</msg>
<status status="PASS" starttime="20240525 02:31:33.100" endtime="20240525 02:31:33.101"/>
</kw>
<kw name="Set Test Variable" library="BuiltIn">
<arg>${FakeEmail}</arg>
<doc>Makes a variable available everywhere within the scope of the current test.</doc>
<msg timestamp="20240525 02:31:33.102" level="INFO">${FakeEmail} = nathan96@example.net</msg>
<status status="PASS" starttime="20240525 02:31:33.101" endtime="20240525 02:31:33.102"/>
</kw>
<kw name="Numerify" library="FakerLibrary">
<var>${compSenha}</var>
<arg>text=##</arg>
<doc>Generate a string with each placeholder in ``text`` replaced according
to the following rules:</doc>
<msg timestamp="20240525 02:31:33.103" level="INFO">${compSenha} = 39</msg>
[...]
</kw>
<kw name="Set Test Variable" library="BuiltIn">
<arg>${FakerValor}</arg>
<doc>Makes a variable available everywhere within the scope of the current test.</doc>
<msg timestamp="20240525 02:32:03.549" level="INFO">${FakerValor} = 121</msg>
<status status="PASS" starttime="20240525 02:32:03.548" endtime="20240525 02:32:03.549"/>
</kw>
<status status="PASS" starttime="20240525 02:32:03.537" endtime="20240525 02:32:03.549"/>
</kw>
<kw name="Quando enviar uma requisição Post" library="post_produtos">
<arg>${token}</arg>
<arg>${FakeNome}${FakerValor}</arg>
<arg>1010</arg>
<arg>Teste Automation</arg>
<arg>1049</arg>
<kw name="Factory New Produtos" library="produtos_fac">
<var>${bodyPostProd}</var>
<arg>cnome=${cnome}</arg>
<arg>cpreco=${cpreco}</arg>
<arg>cdescricao=${cdescricao}</arg>
<arg>cquantidade=${cquantidade}</arg>
<kw name="Create Dictionary" library="BuiltIn">
<var>${produtos}</var>
<doc>Creates and returns a dictionary based on the given ``items``.</doc>
<msg timestamp="20240525 02:32:03.553" level="INFO">${produtos} = {}</msg>
<status status="PASS" starttime="20240525 02:32:03.552" endtime="20240525 02:32:03.553"/>
</kw>
<kw name="Run Keyword If" library="BuiltIn">
<arg>"${cnome}" != 'None'</arg>
<arg>Set To Dictionary</arg>
<arg>${produtos}</arg>
<arg>nome</arg>
<arg>${cnome}</arg>
<doc>Runs the given keyword with the given arguments, if ``condition`` is true.</doc>
<kw name="Set To Dictionary" library="Collections">
<arg>${produtos}</arg>
<arg>nome</arg>
<arg>${cnome}</arg>
<doc>Adds the given ``key_value_pairs`` and/or ``items`` to the ``dictionary``.</doc>
<status status="PASS" starttime="20240525 02:32:03.554" endtime="20240525 02:32:03.554"/>
</kw>
<status status="PASS" starttime="20240525 02:32:03.553" endtime="20240525 02:32:03.555"/>
</kw>
<kw name="Run Keyword If" library="BuiltIn">
<arg>"${cpreco}" != "None"</arg>
<arg>Set To Dictionary</arg>
<arg>${produtos}</arg>
<arg>preco</arg>
<arg>${cpreco}</arg>
<doc>Runs the given keyword with the given arguments, if ``condition`` is true.</doc>
<kw name="Set To Dictionary" library="Collections">
<arg>${produtos}</arg>
<arg>preco</arg>
<arg>${cpreco}</arg>
<doc>Adds the given ``key_value_pairs`` and/or ``items`` to the ``dictionary``.</doc>
<status status="PASS" starttime="20240525 02:32:03.556" endtime="20240525 02:32:03.556"/>
</kw>
<status status="PASS" starttime="20240525 02:32:03.555" endtime="20240525 02:32:03.556"/>
</kw>
<kw name="Run Keyword If" library="BuiltIn">
<arg>"${cdescricao}" != "None"</arg>
<arg>Set To Dictionary</arg>
<arg>${produtos}</arg>
<arg>descricao</arg>
<arg>${cdescricao}</arg>
<doc>Runs the given keyword with the given arguments, if ``condition`` is true.</doc>
<kw name="Set To Dictionary" library="Collections">
<arg>${produtos}</arg>
<arg>descricao</arg>
<arg>${cdescricao}</arg>
<doc>Adds the given ``key_value_pairs`` and/or ``items`` to the ``dictionary``.</doc>
<status status="PASS" starttime="20240525 02:32:03.557" endtime="20240525 02:32:03.559"/>
</kw>
<status status="PASS" starttime="20240525 02:32:03.557" endtime="20240525 02:32:03.559"/>
</kw>
<kw name="Run Keyword If" library="BuiltIn">
<arg>"${cquantidade}" != "None"</arg>
<arg>Set To Dictionary</arg>
<arg>${produtos}</arg>
<arg>quantidade</arg>
<arg>${cquantidade}</arg>
<doc>Runs the given keyword with the given arguments, if ``condition`` is true.</doc>
<kw name="Set To Dictionary" library="Collections">
<arg>${produtos}</arg>
<arg>quantidade</arg>
<arg>${cquantidade}</arg>
<doc>Adds the given ``key_value_pairs`` and/or ``items`` to the ``dictionary``.</doc>
<status status="PASS" starttime="20240525 02:32:03.560" endtime="20240525 02:32:03.560"/>
</kw>
<status status="PASS" starttime="20240525 02:32:03.559" endtime="20240525 02:32:03.560"/>
</kw>
<msg timestamp="20240525 02:32:03.561" level="INFO">${bodyPostProd} = {'nome': 'Amber Miller121', 'preco': '1010', 'descricao': 'Teste Automation', 'quantidade': '1049'}</msg>
<status status="PASS" starttime="20240525 02:32:03.550" endtime="20240525 02:32:03.562"/>
</kw>
<kw name="Log" library="BuiltIn">
<arg>${bodyPostProd}</arg>
<doc>Logs the given message with the given level.</doc>
<msg timestamp="20240525 02:32:03.563" level="INFO">{'nome': 'Amber Miller121', 'preco': '1010', 'descricao': 'Teste Automation', 'quantidade': '1049'}</msg>
<status status="PASS" starttime="20240525 02:32:03.562" endtime="20240525 02:32:03.563"/>
</kw>
<kw name="HeadersAuth" library="services">
<arg>${token}</arg>
<kw name="Create Dictionary" library="BuiltIn">
<var>${headersAuth}</var>
<arg>Authorization=${token}</arg>
<doc>Creates and returns a dictionary based on the given ``items``.</doc>
<msg timestamp="20240525 02:32:03.565" level="INFO">${headersAuth} = {'Authorization': 'Bearer eyJhbGciOiJIUzI1NiIsInR5cCI6IkpXVCJ9.eyJlbWFpbCI6InNhbmRyb3Rlc3RlQHFhLmNvbSIsInBhc3N3b3JkIjoidGVzdGVRQSIsImlhdCI6MTcxNjYxNTExNywiZXhwIjoxNzE2NjE1NzE3fQ.xk2A1DJqFK6qRKFtjS0c4M...</msg>
<status status="PASS" starttime="20240525 02:32:03.564" endtime="20240525 02:32:03.565"/>
</kw>
<kw name="Set Test Variable" library="BuiltIn">
<arg>${headersAuth}</arg>
<doc>Makes a variable available everywhere within the scope of the current test.</doc>
<msg timestamp="20240525 02:32:03.566" level="INFO">${headersAuth} = {'Authorization': 'Bearer eyJhbGciOiJIUzI1NiIsInR5cCI6IkpXVCJ9.eyJlbWFpbCI6InNhbmRyb3Rlc3RlQHFhLmNvbSIsInBhc3N3b3JkIjoidGVzdGVRQSIsImlhdCI6MTcxNjYxNTExNywiZXhwIjoxNzE2NjE1NzE3fQ.xk2A1DJqFK6qRKFtjS0c4M...</msg>
<status status="PASS" starttime="20240525 02:32:03.565" endtime="20240525 02:32:03.566"/>
</kw>
<status status="PASS" starttime="20240525 02:32:03.563" endtime="20240525 02:32:03.566"/>
</kw>
<kw name="Post Cadastrar" library="services">
<var>${RESPOSTA}</var>
<arg>/produtos</arg>
<arg>${headersAuth}</arg>
<arg>${bodyPostProd}</arg>
<kw name="POST" library="RequestsLibrary">
<var>${response}</var>
<arg>${base_url}${endpoint}</arg>
<arg>json=${body}</arg>
<arg>headers=${headers}</arg>
<arg>expected_status=any</arg>
<doc>Sends a POST request.</doc>
<msg timestamp="20240525 02:32:04.643" level="INFO">POST Request : url=https://serverest.dev/produtos 
 path_url=/produtos 
 headers={'User-Agent': 'python-requests/2.31.0', 'Accept-Encoding': 'gzip, deflate', 'Accept': '*/*', 'Connection': 'keep-alive', 'Authorization': 'Bearer eyJhbGciOiJIUzI1NiIsInR5cCI6IkpXVCJ9.eyJlbWFpbCI6InNhbmRyb3Rlc3RlQHFhLmNvbSIsInBhc3N3b3JkIjoidGVzdGVRQSIsImlhdCI6MTcxNjYxNTExNywiZXhwIjoxNzE2NjE1NzE3fQ.xk2A1DJqFK6qRKFtjS0c4MBxfaz1dzy25tRATTRV-D8', 'Content-Length': '99', 'Content-Type': 'application/json'} 
 body=b'{"nome": "Amber Miller121", "preco": "1010", "descricao": "Teste Automation", "quantidade": "1049"}' 
 </msg>
<msg timestamp="20240525 02:32:04.643" level="INFO">POST Response : url=https://serverest.dev/produtos 
 status=201, reason=Created 
 headers={'access-control-allow-origin': '*', 'x-dns-prefetch-control': 'off', 'x-frame-options': 'SAMEORIGIN', 'strict-transport-security': 'max-age=15552000; includeSubDomains', 'x-download-options': 'noopen', 'x-content-type-options': 'nosniff', 'x-xss-protection': '1; mode=block', 'content-type': 'application/json; charset=utf-8', 'X-Cloud-Trace-Context': '26877cebd615ce61c0bb5f1c8e9e2e4a', 'Date': 'Sat, 25 May 2024 05:32:04 GMT', 'Server': 'Google Frontend', 'Content-Length': '82'} 
 body={
    "message": "Cadastro realizado com sucesso",
    "_id": "oBD4CxGFhvsUQ6l2"
} 
 </msg>
<msg timestamp="20240525 02:32:04.644" level="INFO">${response} = &lt;Response [201]&gt;</msg>
<status status="PASS" starttime="20240525 02:32:03.569" endtime="20240525 02:32:04.644"/>
</kw>
<msg timestamp="20240525 02:32:04.644" level="INFO">${RESPOSTA} = &lt;Response [201]&gt;</msg>
<status status="PASS" starttime="20240525 02:32:03.566" endtime="20240525 02:32:04.644"/>
</kw>
<kw name="Set Test Variable" library="BuiltIn">
<arg>${RESPOSTA}</arg>
<doc>Makes a variable available everywhere within the scope of the current test.</doc>
<msg timestamp="20240525 02:32:04.645" level="INFO">${RESPOSTA} = &lt;Response [201]&gt;</msg>
<status status="PASS" starttime="20240525 02:32:04.645" endtime="20240525 02:32:04.646"/>
</kw>
<kw name="Log" library="BuiltIn">
<arg>${RESPOSTA.json()}</arg>
<doc>Logs the given message with the given level.</doc>
<msg timestamp="20240525 02:32:04.648" level="INFO">{'message': 'Cadastro realizado com sucesso', '_id': 'oBD4CxGFhvsUQ6l2'}</msg>
<status status="PASS" starttime="20240525 02:32:04.646" endtime="20240525 02:32:04.648"/>
</kw>
<status status="PASS" starttime="20240525 02:32:03.549" endtime="20240525 02:32:04.648"/>
</kw>
<kw name="Set Test Variable" library="BuiltIn">
<arg>${id}</arg>
<arg>${RESPOSTA.json()}[_id]</arg>
<doc>Makes a variable available everywhere within the scope of the current test.</doc>
<msg timestamp="20240525 02:32:04.651" level="INFO">${id} = oBD4CxGFhvsUQ6l2</msg>
<status status="PASS" starttime="20240525 02:32:04.648" endtime="20240525 02:32:04.652"/>
</kw>
<status status="PASS" starttime="20240525 02:32:03.536" endtime="20240525 02:32:04.652"/>
</kw>
<kw name="Excluir Produto" library="services">
<kw name="Set Test Variable" library="BuiltIn">
<arg>${id}</arg>
<arg>${RESPOSTA.json()}[_id]</arg>
<doc>Makes a variable available everywhere within the scope of the current test.</doc>
<msg timestamp="20240525 02:32:04.656" level="INFO">${id} = oBD4CxGFhvsUQ6l2</msg>
<status status="PASS" starttime="20240525 02:32:04.654" endtime="20240525 02:32:04.656"/>
</kw>
<kw name="Quando enviar uma requisição pra excluir um produto" library="delete_produtos">
<arg>${token}</arg>
<kw name="HeadersAuth" library="services">
<arg>${token}</arg>
<kw name="Create Dictionary" library="BuiltIn">
<var>${headersAuth}</var>
<arg>Authorization=${token}</arg>
<doc>Creates and returns a dictionary based on the given ``items``.</doc>
<msg timestamp="20240525 02:32:04.659" level="INFO">${headersAuth} = {'Authorization': 'Bearer eyJhbGciOiJIUzI1NiIsInR5cCI6IkpXVCJ9.eyJlbWFpbCI6InNhbmRyb3Rlc3RlQHFhLmNvbSIsInBhc3N3b3JkIjoidGVzdGVRQSIsImlhdCI6MTcxNjYxNTExNywiZXhwIjoxNzE2NjE1NzE3fQ.xk2A1DJqFK6qRKFtjS0c4M...</msg>
<status status="PASS" starttime="20240525 02:32:04.658" endtime="20240525 02:32:04.659"/>
</kw>
<kw name="Set Test Variable" library="BuiltIn">
<arg>${headersAuth}</arg>
<doc>Makes a variable available everywhere within the scope of the current test.</doc>
<msg timestamp="20240525 02:32:04.660" level="INFO">${headersAuth} = {'Authorization': 'Bearer eyJhbGciOiJIUzI1NiIsInR5cCI6IkpXVCJ9.eyJlbWFpbCI6InNhbmRyb3Rlc3RlQHFhLmNvbSIsInBhc3N3b3JkIjoidGVzdGVRQSIsImlhdCI6MTcxNjYxNTExNywiZXhwIjoxNzE2NjE1NzE3fQ.xk2A1DJqFK6qRKFtjS0c4M...</msg>
<status status="PASS" starttime="20240525 02:32:04.659" endtime="20240525 02:32:04.660"/>
</kw>
<status status="PASS" starttime="20240525 02:32:04.657" endtime="20240525 02:32:04.660"/>
</kw>
<kw name="Delete in" library="services">
<var>${RESPOSTA}</var>
<arg>/produtos</arg>
<arg>${headersAuth}</arg>
<arg>${id}</arg>
<kw name="DELETE" library="RequestsLibrary">
<var>${response}</var>
<arg>${base_url}${endpoint}/${id}</arg>
<arg>headers=${headers}</arg>
<arg>expected_status=any</arg>
<doc>Sends a DELETE request.</doc>
<msg timestamp="20240525 02:32:05.667" level="INFO">DELETE Request : url=https://serverest.dev/produtos/oBD4CxGFhvsUQ6l2 
 path_url=/produtos/oBD4CxGFhvsUQ6l2 
 headers={'User-Agent': 'python-requests/2.31.0', 'Accept-Encoding': 'gzip, deflate', 'Accept': '*/*', 'Connection': 'keep-alive', 'Authorization': 'Bearer eyJhbGciOiJIUzI1NiIsInR5cCI6IkpXVCJ9.eyJlbWFpbCI6InNhbmRyb3Rlc3RlQHFhLmNvbSIsInBhc3N3b3JkIjoidGVzdGVRQSIsImlhdCI6MTcxNjYxNTExNywiZXhwIjoxNzE2NjE1NzE3fQ.xk2A1DJqFK6qRKFtjS0c4MBxfaz1dzy25tRATTRV-D8', 'Content-Length': '0'} 
 body=None 
 </msg>
<msg timestamp="20240525 02:32:05.667" level="INFO">DELETE Response : url=https://serverest.dev/produtos/oBD4CxGFhvsUQ6l2 
 status=200, reason=OK 
 headers={'access-control-allow-origin': '*', 'x-dns-prefetch-control': 'off', 'x-frame-options': 'SAMEORIGIN', 'strict-transport-security': 'max-age=15552000; includeSubDomains', 'x-download-options': 'noopen', 'x-content-type-options': 'nosniff', 'x-xss-protection': '1; mode=block', 'content-type': 'application/json; charset=utf-8', 'X-Cloud-Trace-Context': 'a931d537ce5458edcd2e278a97e5bd43', 'Date': 'Sat, 25 May 2024 05:32:05 GMT', 'Server': 'Google Frontend', 'Content-Length': '51'} 
 body={
    "message": "Registro excluído com sucesso"
} 
 </msg>
<msg timestamp="20240525 02:32:05.667" level="INFO">${response} = &lt;Response [200]&gt;</msg>
<status status="PASS" starttime="20240525 02:32:04.662" endtime="20240525 02:32:05.667"/>
</kw>
<msg timestamp="20240525 02:32:05.668" level="INFO">${RESPOSTA} = &lt;Response [200]&gt;</msg>
<status status="PASS" starttime="20240525 02:32:04.661" endtime="20240525 02:32:05.668"/>
</kw>
<kw name="Set Test Variable" library="BuiltIn">
<arg>${RESPOSTA}</arg>
<doc>Makes a variable available everywhere within the scope of the current test.</doc>
<msg timestamp="20240525 02:32:05.669" level="INFO">${RESPOSTA} = &lt;Response [200]&gt;</msg>
<status status="PASS" starttime="20240525 02:32:05.668" endtime="20240525 02:32:05.669"/>
</kw>
<kw name="Log" library="BuiltIn">
<arg>${RESPOSTA.json()}</arg>
<doc>Logs the given message with the given level.</doc>
<msg timestamp="20240525 02:32:05.672" level="INFO">{'message': 'Registro excluído com sucesso'}</msg>
<status status="PASS" starttime="20240525 02:32:05.670" endtime="20240525 02:32:05.672"/>
</kw>
<status status="PASS" starttime="20240525 02:32:04.656" endtime="20240525 02:32:05.672"/>
</kw>
<status status="PASS" starttime="20240525 02:32:04.653" endtime="20240525 02:32:05.672"/>
</kw>
<kw name="Quando enviar uma requisição pra excluir um produto" library="delete_produtos">
<arg>${token}</arg>
<kw name="HeadersAuth" library="services">
<arg>${token}</arg>
<kw name="Create Dictionary" library="BuiltIn">
<var>${headersAuth}</var>
<arg>Authorization=${token}</arg>
<doc>Creates and returns a dictionary based on the given ``items``.</doc>
<msg timestamp="20240525 02:32:05.676" level="INFO">${headersAuth} = {'Authorization': 'Bearer eyJhbGciOiJIUzI1NiIsInR5cCI6IkpXVCJ9.eyJlbWFpbCI6InNhbmRyb3Rlc3RlQHFhLmNvbSIsInBhc3N3b3JkIjoidGVzdGVRQSIsImlhdCI6MTcxNjYxNTExNywiZXhwIjoxNzE2NjE1NzE3fQ.xk2A1DJqFK6qRKFtjS0c4M...</msg>
<status status="PASS" starttime="20240525 02:32:05.675" endtime="20240525 02:32:05.676"/>
</kw>
<kw name="Set Test Variable" library="BuiltIn">
<arg>${headersAuth}</arg>
<doc>Makes a variable available everywhere within the scope of the current test.</doc>
<msg timestamp="20240525 02:32:05.677" level="INFO">${headersAuth} = {'Authorization': 'Bearer eyJhbGciOiJIUzI1NiIsInR5cCI6IkpXVCJ9.eyJlbWFpbCI6InNhbmRyb3Rlc3RlQHFhLmNvbSIsInBhc3N3b3JkIjoidGVzdGVRQSIsImlhdCI6MTcxNjYxNTExNywiZXhwIjoxNzE2NjE1NzE3fQ.xk2A1DJqFK6qRKFtjS0c4M...</msg>
<status status="PASS" starttime="20240525 02:32:05.676" endtime="20240525 02:32:05.677"/>
</kw>
<status status="PASS" starttime="20240525 02:32:05.674" endtime="20240525 02:32:05.677"/>
</kw>
<kw name="Delete in" library="services">
<var>${RESPOSTA}</var>
<arg>/produtos</arg>
<arg>${headersAuth}</arg>
<arg>${id}</arg>
<kw name="DELETE" library="RequestsLibrary">
<var>${response}</var>
<arg>${base_url}${endpoint}/${id}</arg>
<arg>headers=${headers}</arg>
<arg>expected_status=any</arg>
<doc>Sends a DELETE request.</doc>
<msg timestamp="20240525 02:32:06.792" level="INFO">DELETE Request : url=https://serverest.dev/produtos/oBD4CxGFhvsUQ6l2 
 path_url=/produtos/oBD4CxGFhvsUQ6l2 
 headers={'User-Agent': 'python-requests/2.31.0', 'Accept-Encoding': 'gzip, deflate', 'Accept': '*/*', 'Connection': 'keep-alive', 'Authorization': 'Bearer eyJhbGciOiJIUzI1NiIsInR5cCI6IkpXVCJ9.eyJlbWFpbCI6InNhbmRyb3Rlc3RlQHFhLmNvbSIsInBhc3N3b3JkIjoidGVzdGVRQSIsImlhdCI6MTcxNjYxNTExNywiZXhwIjoxNzE2NjE1NzE3fQ.xk2A1DJqFK6qRKFtjS0c4MBxfaz1dzy25tRATTRV-D8', 'Content-Length': '0'} 
 body=None 
 </msg>
<msg timestamp="20240525 02:32:06.792" level="INFO">DELETE Response : url=https://serverest.dev/produtos/oBD4CxGFhvsUQ6l2 
 status=200, reason=OK 
 headers={'access-control-allow-origin': '*', 'x-dns-prefetch-control': 'off', 'x-frame-options': 'SAMEORIGIN', 'strict-transport-security': 'max-age=15552000; includeSubDomains', 'x-download-options': 'noopen', 'x-content-type-options': 'nosniff', 'x-xss-protection': '1; mode=block', 'content-type': 'application/json; charset=utf-8', 'X-Cloud-Trace-Context': '495f29a159c33bdf089e8819ce561355;o=1', 'Date': 'Sat, 25 May 2024 05:32:07 GMT', 'Server': 'Google Frontend', 'Content-Length': '46'} 
 body={
    "message": "Nenhum registro excluído"
} 
 </msg>
<msg timestamp="20240525 02:32:06.792" level="INFO">${response} = &lt;Response [200]&gt;</msg>
<status status="PASS" starttime="20240525 02:32:05.678" endtime="20240525 02:32:06.793"/>
</kw>
<msg timestamp="20240525 02:32:06.793" level="INFO">${RESPOSTA} = &lt;Response [200]&gt;</msg>
<status status="PASS" starttime="20240525 02:32:05.677" endtime="20240525 02:32:06.793"/>
</kw>
<kw name="Set Test Variable" library="BuiltIn">
<arg>${RESPOSTA}</arg>
<doc>Makes a variable available everywhere within the scope of the current test.</doc>
<msg timestamp="20240525 02:32:06.793" level="INFO">${RESPOSTA} = &lt;Response [200]&gt;</msg>
<status status="PASS" starttime="20240525 02:32:06.793" endtime="20240525 02:32:06.793"/>
</kw>
<kw name="Log" library="BuiltIn">
<arg>${RESPOSTA.json()}</arg>
<doc>Logs the given message with the given level.</doc>
<msg timestamp="20240525 02:32:06.794" level="INFO">{'message': 'Nenhum registro excluído'}</msg>
<status status="PASS" starttime="20240525 02:32:06.793" endtime="20240525 02:32:06.794"/>
</kw>
<status status="PASS" starttime="20240525 02:32:05.673" endtime="20240525 02:32:06.794"/>
</kw>
<kw name="Então ira visuazilar o Status Code" library="get_produtos">
<arg>200</arg>
<kw name="Should Be Equal As Strings" library="BuiltIn">
<arg>${RESPOSTA.status_code}</arg>
<arg>${statusCode}</arg>
<doc>Fails if objects are unequal after converting them to strings.</doc>
<msg timestamp="20240525 02:32:06.795" level="INFO">Argument types are:
&lt;class 'int'&gt;
&lt;class 'str'&gt;</msg>
<status status="PASS" starttime="20240525 02:32:06.795" endtime="20240525 02:32:06.795"/>
</kw>
<status status="PASS" starttime="20240525 02:32:06.794" endtime="20240525 02:32:06.795"/>
</kw>
<kw name="E verificar a mensagem de validação" library="post_produtos">
<arg>Nenhum registro excluído</arg>
<kw name="Should Be Equal As Strings" library="BuiltIn">
<arg>${RESPOSTA.json()}[message]</arg>
<arg>${mensagem}</arg>
<doc>Fails if objects are unequal after converting them to strings.</doc>
<status status="PASS" starttime="20240525 02:32:06.796" endtime="20240525 02:32:06.797"/>
</kw>
<status status="PASS" starttime="20240525 02:32:06.796" endtime="20240525 02:32:06.797"/>
</kw>
<status status="PASS" starttime="20240525 02:32:03.535" endtime="20240525 02:32:06.797"/>
</test>
<doc>Documentacao do POST da API: ServeRest</doc>
<status status="PASS" starttime="20240525 02:31:55.742" endtime="20240525 02:32:06.799"/>
</suite>
<status status="PASS" starttime="20240525 02:31:23.220" endtime="20240525 02:32:06.801"/>
</suite>
<statistics>
<total>
<stat pass="22" fail="0" skip="0">All Tests</stat>
</total>
<tag>
</tag>
<suite>
<stat pass="22" fail="0" skip="0" id="s1" name="Features">Features</stat>
<stat pass="1" fail="0" skip="0" id="s1-s1" name="01 - Login">Features.01 - Login</stat>
<stat pass="2" fail="0" skip="0" id="s1-s2" name="02 - Get Produtos">Features.02 - Get Produtos</stat>
<stat pass="12" fail="0" skip="0" id="s1-s3" name="03 - Post Produtos">Features.03 - Post Produtos</stat>
<stat pass="3" fail="0" skip="0" id="s1-s4" name="04 - Put Produtos">Features.04 - Put Produtos</stat>
<stat pass="4" fail="0" skip="0" id="s1-s5" name="05 - Delete Produtos">Features.05 - Delete Produtos</stat>
</suite>
</statistics>
<errors>
</errors>
</robot>
