<?xml version="1.0" encoding="UTF-8"?>
<robot generator="Robot 7.0 (Python 3.12.2 on win32)" generated="2024-05-29T15:32:28.070188" rpa="false" schemaversion="5">
<suite id="s1" name="01 - Login" source="C:\Users\Marillia\Desktop\Projetos legais atualizados para estudo\Projetos base-sandro\serverest-robot\Features\01 - login.robot">
<kw name="Conectar a API" owner="services" type="SETUP">
<kw name="Create Session" owner="RequestsLibrary">
<msg time="2024-05-29T15:32:28.906872" level="INFO">Creating Session using : alias=apiServeRest, url=https://serverest.dev, headers={'accept': 'application/json', 'Content-Type': 'application/json'},                     cookies={}, auth=None, timeout=None, proxies=None, verify=False,                     debug=0 </msg>
<arg>apiServeRest</arg>
<arg>${base_url}</arg>
<arg>${headersLogin}</arg>
<doc>Create Session: create a HTTP session to a server</doc>
<status status="PASS" start="2024-05-29T15:32:28.905836" elapsed="0.001036"/>
</kw>
<arg>/login</arg>
<status status="PASS" start="2024-05-29T15:32:28.904837" elapsed="0.002035"/>
</kw>
<test id="s1-t1" name="Login" line="10">
<kw name="Quando entrar com usuario e senha" owner="login">
<kw name="Post in" owner="services">
<kw name="POST" owner="RequestsLibrary">
<msg time="2024-05-29T15:32:29.720659" level="INFO">POST Request : url=https://serverest.dev/login 
 path_url=/login 
 headers={'User-Agent': 'python-requests/2.31.0', 'Accept-Encoding': 'gzip, deflate', 'accept': 'application/json', 'Connection': 'keep-alive', 'Content-Type': 'application/json', 'Content-Length': '54'} 
 body=b'{"email": "sandroteste@qa.com", "password": "testeQA"}' 
 </msg>
<msg time="2024-05-29T15:32:29.720659" level="INFO">POST Response : url=https://serverest.dev/login 
 status=401, reason=Unauthorized 
 headers={'access-control-allow-origin': '*', 'x-dns-prefetch-control': 'off', 'x-frame-options': 'SAMEORIGIN', 'strict-transport-security': 'max-age=15552000; includeSubDomains', 'x-download-options': 'noopen', 'x-content-type-options': 'nosniff', 'x-xss-protection': '1; mode=block', 'content-type': 'application/json; charset=utf-8', 'X-Cloud-Trace-Context': 'd528dca613c537ef155c5a56e5f761ea;o=1', 'Date': 'Wed, 29 May 2024 18:32:28 GMT', 'Server': 'Google Frontend', 'Content-Length': '48'} 
 body={
    "message": "Email e/ou senha inválidos"
} 
 </msg>
<msg time="2024-05-29T15:32:29.720659" level="FAIL">HTTPError: 401 Client Error: Unauthorized for url: https://serverest.dev/login</msg>
<var>${response}</var>
<arg>${base_url}${endpoint}</arg>
<arg>json=${body}</arg>
<arg>headers=${headersLogin}</arg>
<doc>Sends a POST request.</doc>
<status status="FAIL" start="2024-05-29T15:32:28.908833" elapsed="0.916074">HTTPError: 401 Client Error: Unauthorized for url: https://serverest.dev/login</status>
</kw>
<return>
<value>${response}</value>
<status status="NOT RUN" start="2024-05-29T15:32:29.825950" elapsed="0.000000"/>
</return>
<var>${RESPOSTA}</var>
<arg>/login</arg>
<arg>${bodyLOGIN}</arg>
<status status="FAIL" start="2024-05-29T15:32:28.907838" elapsed="0.918112">HTTPError: 401 Client Error: Unauthorized for url: https://serverest.dev/login</status>
</kw>
<kw name="Convert To String" owner="BuiltIn">
<var>${token}</var>
<arg>${RESPOSTA.json()}[authorization]</arg>
<doc>Converts the given item to a Unicode string.</doc>
<status status="NOT RUN" start="2024-05-29T15:32:29.825950" elapsed="0.000000"/>
</kw>
<kw name="Set Global Variable" owner="BuiltIn">
<arg>${token}</arg>
<doc>Makes a variable available globally in all tests and suites.</doc>
<status status="NOT RUN" start="2024-05-29T15:32:29.825950" elapsed="0.000000"/>
</kw>
<kw name="Set Global Variable" owner="BuiltIn">
<arg>${RESPOSTA}</arg>
<doc>Makes a variable available globally in all tests and suites.</doc>
<status status="NOT RUN" start="2024-05-29T15:32:29.825950" elapsed="0.000000"/>
</kw>
<status status="FAIL" start="2024-05-29T15:32:28.907838" elapsed="0.918112">HTTPError: 401 Client Error: Unauthorized for url: https://serverest.dev/login</status>
</kw>
<kw name="Então o Status Code deverá ser" owner="login">
<arg>200</arg>
<status status="NOT RUN" start="2024-05-29T15:32:29.827071" elapsed="0.000000"/>
</kw>
<kw name="E verificar a mensagem" owner="login">
<arg>Login realizado com sucesso</arg>
<status status="NOT RUN" start="2024-05-29T15:32:29.827071" elapsed="0.000000"/>
</kw>
<status status="FAIL" start="2024-05-29T15:32:28.907838" elapsed="0.920243">HTTPError: 401 Client Error: Unauthorized for url: https://serverest.dev/login</status>
</test>
<doc>Documentacao da API: ServeRest</doc>
<status status="FAIL" start="2024-05-29T15:32:28.071191" elapsed="1.758395"/>
</suite>
<statistics>
<total>
<stat pass="0" fail="1" skip="0">All Tests</stat>
</total>
<tag>
</tag>
<suite>
<stat pass="0" fail="1" skip="0" id="s1" name="01 - Login">01 - Login</stat>
</suite>
</statistics>
<errors>
<msg time="2024-05-29T15:32:28.099646" level="WARN">Error in file 'C:\Users\Marillia\Desktop\Projetos legais atualizados para estudo\Projetos base-sandro\serverest-robot\resources\services.robot' on line 29: The '[Return]' setting is deprecated. Use the 'RETURN' statement instead.</msg>
<msg time="2024-05-29T15:32:28.100616" level="WARN">Error in file 'C:\Users\Marillia\Desktop\Projetos legais atualizados para estudo\Projetos base-sandro\serverest-robot\resources\services.robot' on line 39: The '[Return]' setting is deprecated. Use the 'RETURN' statement instead.</msg>
<msg time="2024-05-29T15:32:28.100616" level="WARN">Error in file 'C:\Users\Marillia\Desktop\Projetos legais atualizados para estudo\Projetos base-sandro\serverest-robot\resources\services.robot' on line 47: The '[Return]' setting is deprecated. Use the 'RETURN' statement instead.</msg>
<msg time="2024-05-29T15:32:28.101614" level="WARN">Error in file 'C:\Users\Marillia\Desktop\Projetos legais atualizados para estudo\Projetos base-sandro\serverest-robot\resources\services.robot' on line 54: The '[Return]' setting is deprecated. Use the 'RETURN' statement instead.</msg>
<msg time="2024-05-29T15:32:28.102616" level="WARN">Error in file 'C:\Users\Marillia\Desktop\Projetos legais atualizados para estudo\Projetos base-sandro\serverest-robot\resources\services.robot' on line 63: The '[Return]' setting is deprecated. Use the 'RETURN' statement instead.</msg>
<msg time="2024-05-29T15:32:28.102616" level="WARN">Error in file 'C:\Users\Marillia\Desktop\Projetos legais atualizados para estudo\Projetos base-sandro\serverest-robot\resources\services.robot' on line 71: The '[Return]' setting is deprecated. Use the 'RETURN' statement instead.</msg>
<msg time="2024-05-29T15:32:28.897573" level="WARN">Error in file 'C:\Users\Marillia\Desktop\Projetos legais atualizados para estudo\Projetos base-sandro\serverest-robot\resources\factories\produtos_fac.resource' on line 13: The '[Return]' setting is deprecated. Use the 'RETURN' statement instead.</msg>
</errors>
</robot>
