<?xml version="1.0" encoding="UTF-8"?>
<robot generator="Robot 6.1.1 (Python 3.12.3 on win32)" generated="20240518 12:40:11.517" rpa="false" schemaversion="4">
<suite id="s1" name="Features" source="C:\ProjetosC\serveRest-robot\Features">
<suite id="s1-s1" name="Delete Produtos" source="C:\ProjetosC\serveRest-robot\Features\delete_produtos.robot">
<kw name="Token" library="services" type="SETUP">
<kw name="Conectar a API" library="services">
<arg>/login</arg>
<kw name="Create Session" library="RequestsLibrary">
<arg>apiServeRest</arg>
<arg>${base_url}</arg>
<arg>${headersLogin}</arg>
<doc>Create Session: create a HTTP session to a server</doc>
<msg timestamp="20240518 12:40:12.028" level="INFO">Creating Session using : alias=apiServeRest, url=http://localhost:3000, headers={'accept': 'application/json', 'Content-Type': 'application/json'},                     cookies={}, auth=None, timeout=None, proxies=None, verify=False,                     debug=0 </msg>
<status status="PASS" starttime="20240518 12:40:12.028" endtime="20240518 12:40:12.028"/>
</kw>
<status status="PASS" starttime="20240518 12:40:12.028" endtime="20240518 12:40:12.028"/>
</kw>
<kw name="Quando entrar com usuario e senha" library="login">
<kw name="Post in" library="services">
<var>${RESPOSTA}</var>
<arg>/login</arg>
<arg>${bodyLOGIN}</arg>
<kw name="POST" library="RequestsLibrary">
<var>${response}</var>
<arg>${base_url}${endpoint}</arg>
<arg>json=${body}</arg>
<arg>headers=${headersLogin}</arg>
<doc>Sends a POST request.</doc>
<msg timestamp="20240518 12:40:12.039" level="INFO">POST Request : url=http://localhost:3000/login 
 path_url=/login 
 headers={'User-Agent': 'python-requests/2.31.0', 'Accept-Encoding': 'gzip, deflate', 'accept': 'application/json', 'Connection': 'keep-alive', 'Content-Type': 'application/json', 'Content-Length': '55'} 
 body=b'{"email": "Joseaugusto10@qa.com", "password": "051049"}' 
 </msg>
<msg timestamp="20240518 12:40:12.039" level="INFO">POST Response : url=http://localhost:3000/login 
 status=200, reason=OK 
 headers={'Access-Control-Allow-Origin': '*', 'x-dns-prefetch-control': 'off', 'x-frame-options': 'SAMEORIGIN', 'strict-transport-security': 'max-age=15552000; includeSubDomains', 'x-download-options': 'noopen', 'x-content-type-options': 'nosniff', 'x-xss-protection': '1; mode=block', 'x-moesif-transaction-id': 'e6129723-8170-494c-bbbb-43c3b64ac0ad', 'Content-Type': 'application/json; charset=utf-8', 'Content-Length': '276', 'Date': 'Sat, 18 May 2024 15:40:12 GMT', 'Connection': 'keep-alive', 'Keep-Alive': 'timeout=5'} 
 body={
    "message": "Login realizado com sucesso",
    "authorization": "Bearer eyJhbGciOiJIUzI1NiIsInR5cCI6IkpXVCJ9.eyJlbWFpbCI6Ikpvc2VhdWd1c3RvMTBAcWEuY29tIiwicGFzc3dvcmQiOiIwNTEwNDkiLCJpYXQiOjE3MTYwNDY4MTIsImV4cCI6MTcxNjA0NzQxMn0.DT_8vN9g_YlwSLQtiiDPvnMrL9bH_2bqpOyTA8wvVlc"
} 
 </msg>
<msg timestamp="20240518 12:40:12.039" level="INFO">${response} = &lt;Response [200]&gt;</msg>
<status status="PASS" starttime="20240518 12:40:12.029" endtime="20240518 12:40:12.039"/>
</kw>
<msg timestamp="20240518 12:40:12.039" level="INFO">${RESPOSTA} = &lt;Response [200]&gt;</msg>
<status status="PASS" starttime="20240518 12:40:12.028" endtime="20240518 12:40:12.039"/>
</kw>
<kw name="Convert To String" library="BuiltIn">
<var>${token}</var>
<arg>${RESPOSTA.json()}[authorization]</arg>
<doc>Converts the given item to a Unicode string.</doc>
<msg timestamp="20240518 12:40:12.040" level="INFO">${token} = Bearer eyJhbGciOiJIUzI1NiIsInR5cCI6IkpXVCJ9.eyJlbWFpbCI6Ikpvc2VhdWd1c3RvMTBAcWEuY29tIiwicGFzc3dvcmQiOiIwNTEwNDkiLCJpYXQiOjE3MTYwNDY4MTIsImV4cCI6MTcxNjA0NzQxMn0.DT_8vN9g_YlwSLQtiiDPvnMrL9bH_2bqpOyTA8wv...</msg>
<status status="PASS" starttime="20240518 12:40:12.040" endtime="20240518 12:40:12.040"/>
</kw>
<kw name="Set Global Variable" library="BuiltIn">
<arg>${token}</arg>
<doc>Makes a variable available globally in all tests and suites.</doc>
<msg timestamp="20240518 12:40:12.042" level="INFO">${token} = Bearer eyJhbGciOiJIUzI1NiIsInR5cCI6IkpXVCJ9.eyJlbWFpbCI6Ikpvc2VhdWd1c3RvMTBAcWEuY29tIiwicGFzc3dvcmQiOiIwNTEwNDkiLCJpYXQiOjE3MTYwNDY4MTIsImV4cCI6MTcxNjA0NzQxMn0.DT_8vN9g_YlwSLQtiiDPvnMrL9bH_2bqpOyTA8wv...</msg>
<status status="PASS" starttime="20240518 12:40:12.041" endtime="20240518 12:40:12.042"/>
</kw>
<kw name="Set Global Variable" library="BuiltIn">
<arg>${RESPOSTA}</arg>
<doc>Makes a variable available globally in all tests and suites.</doc>
<msg timestamp="20240518 12:40:12.042" level="INFO">${RESPOSTA} = &lt;Response [200]&gt;</msg>
<status status="PASS" starttime="20240518 12:40:12.042" endtime="20240518 12:40:12.042"/>
</kw>
<status status="PASS" starttime="20240518 12:40:12.028" endtime="20240518 12:40:12.042"/>
</kw>
<status status="PASS" starttime="20240518 12:40:12.027" endtime="20240518 12:40:12.042"/>
</kw>
<test id="s1-s1-t1" name="Deletar produto com sucesso" line="9">
<kw name="Dado que tenha uma massa configurada" library="delete_produtos">
<kw name="Cadastro produtos com sucesso" library="services">
<kw name="Fakers" library="Utils">
<kw name="Name" library="FakerLibrary">
<var>${FakeNome}</var>
<doc>:example: 'John Doe'</doc>
<msg timestamp="20240518 12:40:12.045" level="INFO">${FakeNome} = Amy Peterson</msg>
<status status="PASS" starttime="20240518 12:40:12.044" endtime="20240518 12:40:12.045"/>
</kw>
<kw name="Set Test Variable" library="BuiltIn">
<arg>${FakeNome}</arg>
<doc>Makes a variable available everywhere within the scope of the current test.</doc>
<msg timestamp="20240518 12:40:12.045" level="INFO">${FakeNome} = Amy Peterson</msg>
<status status="PASS" starttime="20240518 12:40:12.045" endtime="20240518 12:40:12.045"/>
</kw>
<kw name="Email" library="FakerLibrary">
<var>${FakeEmail}</var>
<msg timestamp="20240518 12:40:12.045" level="INFO">${FakeEmail} = tylerfitzgerald@example.net</msg>
<status status="PASS" starttime="20240518 12:40:12.045" endtime="20240518 12:40:12.045"/>
</kw>
<kw name="Set Test Variable" library="BuiltIn">
<arg>${FakeEmail}</arg>
<doc>Makes a variable available everywhere within the scope of the current test.</doc>
<msg timestamp="20240518 12:40:12.046" level="INFO">${FakeEmail} = tylerfitzgerald@example.net</msg>
<status status="PASS" starttime="20240518 12:40:12.045" endtime="20240518 12:40:12.046"/>
</kw>
<kw name="Numerify" library="FakerLibrary">
<var>${compSenha}</var>
<arg>text=##</arg>
<doc>Generate a string with each placeholder in ``text`` replaced according
to the following rules:</doc>
<msg timestamp="20240518 12:40:12.046" level="INFO">${compSenha} = 48</msg>
<status status="PASS" starttime="20240518 12:40:12.046" endtime="20240518 12:40:12.046"/>
</kw>
<kw name="Catenate" library="BuiltIn">
<var>${FakeSenha}</var>
<arg>Seubarriga</arg>
<arg>${compSenha}</arg>
<doc>Catenates the given items together and returns the resulted string.</doc>
<msg timestamp="20240518 12:40:12.046" level="INFO">${FakeSenha} = Seubarriga 48</msg>
<status status="PASS" starttime="20240518 12:40:12.046" endtime="20240518 12:40:12.046"/>
</kw>
<kw name="Set Test Variable" library="BuiltIn">
<arg>${FakeSenha}</arg>
<doc>Makes a variable available everywhere within the scope of the current test.</doc>
<msg timestamp="20240518 12:40:12.047" level="INFO">${FakeSenha} = Seubarriga 48</msg>
<status status="PASS" starttime="20240518 12:40:12.046" endtime="20240518 12:40:12.047"/>
</kw>
<kw name="Sentence" library="FakerLibrary">
<var>${FakerDescricao}</var>
<doc>Generate a sentence.</doc>
<msg timestamp="20240518 12:40:12.047" level="INFO">${FakerDescricao} = Pm build only mention.</msg>
<status status="PASS" starttime="20240518 12:40:12.047" endtime="20240518 12:40:12.047"/>
</kw>
<kw name="Set Test Variable" library="BuiltIn">
<arg>${FakerDescricao}</arg>
<doc>Makes a variable available everywhere within the scope of the current test.</doc>
<msg timestamp="20240518 12:40:12.048" level="INFO">${FakerDescricao} = Pm build only mention.</msg>
<status status="PASS" starttime="20240518 12:40:12.047" endtime="20240518 12:40:12.048"/>
</kw>
<kw name="Numerify" library="FakerLibrary">
<var>${FakerValor}</var>
<doc>Generate a string with each placeholder in ``text`` replaced according
to the following rules:</doc>
<msg timestamp="20240518 12:40:12.049" level="INFO">${FakerValor} = 499</msg>
<status status="PASS" starttime="20240518 12:40:12.048" endtime="20240518 12:40:12.049"/>
</kw>
<kw name="Set Test Variable" library="BuiltIn">
<arg>${FakerValor}</arg>
<doc>Makes a variable available everywhere within the scope of the current test.</doc>
<msg timestamp="20240518 12:40:12.049" level="INFO">${FakerValor} = 499</msg>
<status status="PASS" starttime="20240518 12:40:12.049" endtime="20240518 12:40:12.049"/>
</kw>
<status status="PASS" starttime="20240518 12:40:12.044" endtime="20240518 12:40:12.049"/>
</kw>
<kw name="Quando enviar uma requisição Post" library="post_produtos">
<arg>${FakeNome}${FakerValor}</arg>
<arg>1010</arg>
<arg>Teste Automation</arg>
<arg>1049</arg>
<kw name="Factory New Produtos" library="produtos_fac">
<var>${bodyPostProd}</var>
<arg>cnome=${cnome}</arg>
<arg>cpreco=${cpreco}</arg>
<arg>cdescricao=${cdescricao}</arg>
<arg>cquantidade=${cquantidade}</arg>
<kw name="Create Dictionary" library="BuiltIn">
<var>${produtos}</var>
<doc>Creates and returns a dictionary based on the given ``items``.</doc>
<msg timestamp="20240518 12:40:12.050" level="INFO">${produtos} = {}</msg>
<status status="PASS" starttime="20240518 12:40:12.050" endtime="20240518 12:40:12.050"/>
</kw>
<kw name="Run Keyword If" library="BuiltIn">
<arg>"${cnome}" != 'None'</arg>
<arg>Set To Dictionary</arg>
<arg>${produtos}</arg>
<arg>nome</arg>
<arg>${cnome}</arg>
<doc>Runs the given keyword with the given arguments, if ``condition`` is true.</doc>
<kw name="Set To Dictionary" library="Collections">
<arg>${produtos}</arg>
<arg>nome</arg>
<arg>${cnome}</arg>
<doc>Adds the given ``key_value_pairs`` and/or ``items`` to the ``dictionary``.</doc>
<status status="PASS" starttime="20240518 12:40:12.050" endtime="20240518 12:40:12.051"/>
</kw>
<status status="PASS" starttime="20240518 12:40:12.050" endtime="20240518 12:40:12.051"/>
</kw>
<kw name="Run Keyword If" library="BuiltIn">
<arg>"${cpreco}" != "None"</arg>
<arg>Set To Dictionary</arg>
<arg>${produtos}</arg>
<arg>preco</arg>
<arg>${cpreco}</arg>
<doc>Runs the given keyword with the given arguments, if ``condition`` is true.</doc>
<kw name="Set To Dictionary" library="Collections">
<arg>${produtos}</arg>
<arg>preco</arg>
<arg>${cpreco}</arg>
<doc>Adds the given ``key_value_pairs`` and/or ``items`` to the ``dictionary``.</doc>
<status status="PASS" starttime="20240518 12:40:12.051" endtime="20240518 12:40:12.052"/>
</kw>
<status status="PASS" starttime="20240518 12:40:12.051" endtime="20240518 12:40:12.052"/>
</kw>
<kw name="Run Keyword If" library="BuiltIn">
<arg>"${cdescricao}" != "None"</arg>
<arg>Set To Dictionary</arg>
<arg>${produtos}</arg>
<arg>descricao</arg>
<arg>${cdescricao}</arg>
<doc>Runs the given keyword with the given arguments, if ``condition`` is true.</doc>
<kw name="Set To Dictionary" library="Collections">
<arg>${produtos}</arg>
<arg>descricao</arg>
<arg>${cdescricao}</arg>
<doc>Adds the given ``key_value_pairs`` and/or ``items`` to the ``dictionary``.</doc>
<status status="PASS" starttime="20240518 12:40:12.052" endtime="20240518 12:40:12.052"/>
</kw>
<status status="PASS" starttime="20240518 12:40:12.052" endtime="20240518 12:40:12.052"/>
</kw>
<kw name="Run Keyword If" library="BuiltIn">
<arg>"${cquantidade}" != "None"</arg>
<arg>Set To Dictionary</arg>
<arg>${produtos}</arg>
<arg>quantidade</arg>
<arg>${cquantidade}</arg>
<doc>Runs the given keyword with the given arguments, if ``condition`` is true.</doc>
<kw name="Set To Dictionary" library="Collections">
<arg>${produtos}</arg>
<arg>quantidade</arg>
<arg>${cquantidade}</arg>
<doc>Adds the given ``key_value_pairs`` and/or ``items`` to the ``dictionary``.</doc>
<status status="PASS" starttime="20240518 12:40:12.053" endtime="20240518 12:40:12.053"/>
</kw>
<status status="PASS" starttime="20240518 12:40:12.052" endtime="20240518 12:40:12.053"/>
</kw>
<msg timestamp="20240518 12:40:12.053" level="INFO">${bodyPostProd} = {'nome': 'Amy Peterson499', 'preco': '1010', 'descricao': 'Teste Automation', 'quantidade': '1049'}</msg>
<status status="PASS" starttime="20240518 12:40:12.050" endtime="20240518 12:40:12.053"/>
</kw>
<kw name="Log" library="BuiltIn">
<arg>${bodyPostProd}</arg>
<doc>Logs the given message with the given level.</doc>
<msg timestamp="20240518 12:40:12.053" level="INFO">{'nome': 'Amy Peterson499', 'preco': '1010', 'descricao': 'Teste Automation', 'quantidade': '1049'}</msg>
<status status="PASS" starttime="20240518 12:40:12.053" endtime="20240518 12:40:12.053"/>
</kw>
<kw name="HeadersAuth" library="services">
<kw name="Create Dictionary" library="BuiltIn">
<var>${headersAuth}</var>
<arg>Authorization=${token}</arg>
<doc>Creates and returns a dictionary based on the given ``items``.</doc>
<msg timestamp="20240518 12:40:12.054" level="INFO">${headersAuth} = {'Authorization': 'Bearer eyJhbGciOiJIUzI1NiIsInR5cCI6IkpXVCJ9.eyJlbWFpbCI6Ikpvc2VhdWd1c3RvMTBAcWEuY29tIiwicGFzc3dvcmQiOiIwNTEwNDkiLCJpYXQiOjE3MTYwNDY4MTIsImV4cCI6MTcxNjA0NzQxMn0.DT_8vN9g_YlwSLQtiiDPv...</msg>
<status status="PASS" starttime="20240518 12:40:12.054" endtime="20240518 12:40:12.054"/>
</kw>
<kw name="Set Test Variable" library="BuiltIn">
<arg>${headersAuth}</arg>
<doc>Makes a variable available everywhere within the scope of the current test.</doc>
<msg timestamp="20240518 12:40:12.054" level="INFO">${headersAuth} = {'Authorization': 'Bearer eyJhbGciOiJIUzI1NiIsInR5cCI6IkpXVCJ9.eyJlbWFpbCI6Ikpvc2VhdWd1c3RvMTBAcWEuY29tIiwicGFzc3dvcmQiOiIwNTEwNDkiLCJpYXQiOjE3MTYwNDY4MTIsImV4cCI6MTcxNjA0NzQxMn0.DT_8vN9g_YlwSLQtiiDPv...</msg>
<status status="PASS" starttime="20240518 12:40:12.054" endtime="20240518 12:40:12.054"/>
</kw>
<status status="PASS" starttime="20240518 12:40:12.053" endtime="20240518 12:40:12.054"/>
</kw>
<kw name="Post Cadastrar" library="services">
<var>${RESPOSTA}</var>
<arg>/produtos</arg>
<arg>${headersAuth}</arg>
<arg>${bodyPostProd}</arg>
<kw name="POST" library="RequestsLibrary">
<var>${response}</var>
<arg>${base_url}${endpoint}</arg>
<arg>json=${body}</arg>
<arg>headers=${headers}</arg>
<arg>expected_status=any</arg>
<doc>Sends a POST request.</doc>
<msg timestamp="20240518 12:40:12.063" level="INFO">POST Request : url=http://localhost:3000/produtos 
 path_url=/produtos 
 headers={'User-Agent': 'python-requests/2.31.0', 'Accept-Encoding': 'gzip, deflate', 'Accept': '*/*', 'Connection': 'keep-alive', 'Authorization': 'Bearer eyJhbGciOiJIUzI1NiIsInR5cCI6IkpXVCJ9.eyJlbWFpbCI6Ikpvc2VhdWd1c3RvMTBAcWEuY29tIiwicGFzc3dvcmQiOiIwNTEwNDkiLCJpYXQiOjE3MTYwNDY4MTIsImV4cCI6MTcxNjA0NzQxMn0.DT_8vN9g_YlwSLQtiiDPvnMrL9bH_2bqpOyTA8wvVlc', 'Content-Length': '99', 'Content-Type': 'application/json'} 
 body=b'{"nome": "Amy Peterson499", "preco": "1010", "descricao": "Teste Automation", "quantidade": "1049"}' 
 </msg>
<msg timestamp="20240518 12:40:12.063" level="INFO">POST Response : url=http://localhost:3000/produtos 
 status=201, reason=Created 
 headers={'Access-Control-Allow-Origin': '*', 'x-dns-prefetch-control': 'off', 'x-frame-options': 'SAMEORIGIN', 'strict-transport-security': 'max-age=15552000; includeSubDomains', 'x-download-options': 'noopen', 'x-content-type-options': 'nosniff', 'x-xss-protection': '1; mode=block', 'x-moesif-transaction-id': 'dce806c6-bc75-43d7-a906-414e8b76d3ca', 'Content-Type': 'application/json; charset=utf-8', 'Content-Length': '82', 'Date': 'Sat, 18 May 2024 15:40:12 GMT', 'Connection': 'keep-alive', 'Keep-Alive': 'timeout=5'} 
 body={
    "message": "Cadastro realizado com sucesso",
    "_id": "wbA9jeDQMmsJD5L4"
} 
 </msg>
<msg timestamp="20240518 12:40:12.063" level="INFO">${response} = &lt;Response [201]&gt;</msg>
<status status="PASS" starttime="20240518 12:40:12.055" endtime="20240518 12:40:12.063"/>
</kw>
<msg timestamp="20240518 12:40:12.064" level="INFO">${RESPOSTA} = &lt;Response [201]&gt;</msg>
<status status="PASS" starttime="20240518 12:40:12.054" endtime="20240518 12:40:12.064"/>
</kw>
<kw name="Set Test Variable" library="BuiltIn">
<arg>${RESPOSTA}</arg>
<doc>Makes a variable available everywhere within the scope of the current test.</doc>
<msg timestamp="20240518 12:40:12.065" level="INFO">${RESPOSTA} = &lt;Response [201]&gt;</msg>
<status status="PASS" starttime="20240518 12:40:12.064" endtime="20240518 12:40:12.065"/>
</kw>
<kw name="Log" library="BuiltIn">
<arg>${RESPOSTA.json()}</arg>
<doc>Logs the given message with the given level.</doc>
<msg timestamp="20240518 12:40:12.066" level="INFO">{'message': 'Cadastro realizado com sucesso', '_id': 'wbA9jeDQMmsJD5L4'}</msg>
<status status="PASS" starttime="20240518 12:40:12.065" endtime="20240518 12:40:12.066"/>
</kw>
<status status="PASS" starttime="20240518 12:40:12.049" endtime="20240518 12:40:12.066"/>
</kw>
<kw name="Set Test Variable" library="BuiltIn">
<arg>${id}</arg>
<arg>${RESPOSTA.json()}[_id]</arg>
<doc>Makes a variable available everywhere within the scope of the current test.</doc>
<msg timestamp="20240518 12:40:12.067" level="INFO">${id} = wbA9jeDQMmsJD5L4</msg>
<status status="PASS" starttime="20240518 12:40:12.066" endtime="20240518 12:40:12.067"/>
</kw>
<status status="PASS" starttime="20240518 12:40:12.044" endtime="20240518 12:40:12.067"/>
</kw>
<status status="PASS" starttime="20240518 12:40:12.043" endtime="20240518 12:40:12.067"/>
</kw>
<kw name="Quando enviar uma requisição pra excluir um produto" library="delete_produtos">
<kw name="Delete in" library="services">
<var>${RESPOSTA}</var>
<arg>/produtos</arg>
<arg>${headersAuth}</arg>
<arg>${id}</arg>
<kw name="DELETE" library="RequestsLibrary">
<var>${response}</var>
<arg>${base_url}${endpoint}/${id}</arg>
<arg>headers=${headers}</arg>
<doc>Sends a DELETE request.</doc>
<msg timestamp="20240518 12:40:12.072" level="INFO">DELETE Request : url=http://localhost:3000/produtos/wbA9jeDQMmsJD5L4 
 path_url=/produtos/wbA9jeDQMmsJD5L4 
 headers={'User-Agent': 'python-requests/2.31.0', 'Accept-Encoding': 'gzip, deflate', 'Accept': '*/*', 'Connection': 'keep-alive', 'Authorization': 'Bearer eyJhbGciOiJIUzI1NiIsInR5cCI6IkpXVCJ9.eyJlbWFpbCI6Ikpvc2VhdWd1c3RvMTBAcWEuY29tIiwicGFzc3dvcmQiOiIwNTEwNDkiLCJpYXQiOjE3MTYwNDY4MTIsImV4cCI6MTcxNjA0NzQxMn0.DT_8vN9g_YlwSLQtiiDPvnMrL9bH_2bqpOyTA8wvVlc', 'Content-Length': '0'} 
 body=None 
 </msg>
<msg timestamp="20240518 12:40:12.072" level="INFO">DELETE Response : url=http://localhost:3000/produtos/wbA9jeDQMmsJD5L4 
 status=200, reason=OK 
 headers={'Access-Control-Allow-Origin': '*', 'x-dns-prefetch-control': 'off', 'x-frame-options': 'SAMEORIGIN', 'strict-transport-security': 'max-age=15552000; includeSubDomains', 'x-download-options': 'noopen', 'x-content-type-options': 'nosniff', 'x-xss-protection': '1; mode=block', 'x-moesif-transaction-id': '1f650741-a9e0-4b5b-9114-24dc75de083d', 'Content-Type': 'application/json; charset=utf-8', 'Content-Length': '51', 'Date': 'Sat, 18 May 2024 15:40:12 GMT', 'Connection': 'keep-alive', 'Keep-Alive': 'timeout=5'} 
 body={
    "message": "Registro excluído com sucesso"
} 
 </msg>
<msg timestamp="20240518 12:40:12.072" level="INFO">${response} = &lt;Response [200]&gt;</msg>
<status status="PASS" starttime="20240518 12:40:12.068" endtime="20240518 12:40:12.072"/>
</kw>
<msg timestamp="20240518 12:40:12.073" level="INFO">${RESPOSTA} = &lt;Response [200]&gt;</msg>
<status status="PASS" starttime="20240518 12:40:12.067" endtime="20240518 12:40:12.073"/>
</kw>
<kw name="Set Test Variable" library="BuiltIn">
<arg>${RESPOSTA}</arg>
<doc>Makes a variable available everywhere within the scope of the current test.</doc>
<msg timestamp="20240518 12:40:12.073" level="INFO">${RESPOSTA} = &lt;Response [200]&gt;</msg>
<status status="PASS" starttime="20240518 12:40:12.073" endtime="20240518 12:40:12.073"/>
</kw>
<kw name="Log" library="BuiltIn">
<arg>${RESPOSTA.json()}</arg>
<doc>Logs the given message with the given level.</doc>
<msg timestamp="20240518 12:40:12.074" level="INFO">{'message': 'Registro excluído com sucesso'}</msg>
<status status="PASS" starttime="20240518 12:40:12.073" endtime="20240518 12:40:12.074"/>
</kw>
<status status="PASS" starttime="20240518 12:40:12.067" endtime="20240518 12:40:12.074"/>
</kw>
<kw name="Então ira visuazilar o Status Code" library="get_produtos">
<arg>200</arg>
<kw name="Should Be Equal As Strings" library="BuiltIn">
<arg>${RESPOSTA.status_code}</arg>
<arg>${statusCode}</arg>
<doc>Fails if objects are unequal after converting them to strings.</doc>
<msg timestamp="20240518 12:40:12.075" level="INFO">Argument types are:
&lt;class 'int'&gt;
&lt;class 'str'&gt;</msg>
<status status="PASS" starttime="20240518 12:40:12.074" endtime="20240518 12:40:12.075"/>
</kw>
<status status="PASS" starttime="20240518 12:40:12.074" endtime="20240518 12:40:12.075"/>
</kw>
<kw name="E verificar a mensagem de exclusão" library="delete_produtos">
<arg>Registro excluído com sucesso</arg>
<kw name="Should Be Equal" library="BuiltIn">
<arg>${RESPOSTA.json()}[message]</arg>
<arg>${mensagem}</arg>
<doc>Fails if the given objects are unequal.</doc>
<status status="PASS" starttime="20240518 12:40:12.077" endtime="20240518 12:40:12.078"/>
</kw>
<status status="PASS" starttime="20240518 12:40:12.076" endtime="20240518 12:40:12.078"/>
</kw>
<status status="PASS" starttime="20240518 12:40:12.043" endtime="20240518 12:40:12.079"/>
</test>
<test id="s1-s1-t2" name="Validar se o Produto foi excluido com sucesso" line="15">
<kw name="Cadastro produtos com sucesso" library="services">
<kw name="Fakers" library="Utils">
<kw name="Name" library="FakerLibrary">
<var>${FakeNome}</var>
<doc>:example: 'John Doe'</doc>
<msg timestamp="20240518 12:40:12.081" level="INFO">${FakeNome} = Michelle Bailey</msg>
<status status="PASS" starttime="20240518 12:40:12.081" endtime="20240518 12:40:12.081"/>
</kw>
<kw name="Set Test Variable" library="BuiltIn">
<arg>${FakeNome}</arg>
<doc>Makes a variable available everywhere within the scope of the current test.</doc>
<msg timestamp="20240518 12:40:12.081" level="INFO">${FakeNome} = Michelle Bailey</msg>
<status status="PASS" starttime="20240518 12:40:12.081" endtime="20240518 12:40:12.081"/>
</kw>
<kw name="Email" library="FakerLibrary">
<var>${FakeEmail}</var>
<msg timestamp="20240518 12:40:12.082" level="INFO">${FakeEmail} = johnstonjoseph@example.net</msg>
<status status="PASS" starttime="20240518 12:40:12.081" endtime="20240518 12:40:12.082"/>
</kw>
<kw name="Set Test Variable" library="BuiltIn">
<arg>${FakeEmail}</arg>
<doc>Makes a variable available everywhere within the scope of the current test.</doc>
<msg timestamp="20240518 12:40:12.082" level="INFO">${FakeEmail} = johnstonjoseph@example.net</msg>
<status status="PASS" starttime="20240518 12:40:12.082" endtime="20240518 12:40:12.082"/>
</kw>
<kw name="Numerify" library="FakerLibrary">
<var>${compSenha}</var>
<arg>text=##</arg>
<doc>Generate a string with each placeholder in ``text`` replaced according
to the following rules:</doc>
<msg timestamp="20240518 12:40:12.083" level="INFO">${compSenha} = 59</msg>
<status status="PASS" starttime="20240518 12:40:12.082" endtime="20240518 12:40:12.083"/>
</kw>
<kw name="Catenate" library="BuiltIn">
<var>${FakeSenha}</var>
<arg>Seubarriga</arg>
<arg>${compSenha}</arg>
<doc>Catenates the given items together and returns the resulted string.</doc>
<msg timestamp="20240518 12:40:12.083" level="INFO">${FakeSenha} = Seubarriga 59</msg>
<status status="PASS" starttime="20240518 12:40:12.083" endtime="20240518 12:40:12.083"/>
</kw>
<kw name="Set Test Variable" library="BuiltIn">
<arg>${FakeSenha}</arg>
<doc>Makes a variable available everywhere within the scope of the current test.</doc>
<msg timestamp="20240518 12:40:12.083" level="INFO">${FakeSenha} = Seubarriga 59</msg>
<status status="PASS" starttime="20240518 12:40:12.083" endtime="20240518 12:40:12.083"/>
</kw>
<kw name="Sentence" library="FakerLibrary">
<var>${FakerDescricao}</var>
<doc>Generate a sentence.</doc>
<msg timestamp="20240518 12:40:12.084" level="INFO">${FakerDescricao} = Sit evening pull career degree.</msg>
<status status="PASS" starttime="20240518 12:40:12.084" endtime="20240518 12:40:12.084"/>
</kw>
<kw name="Set Test Variable" library="BuiltIn">
<arg>${FakerDescricao}</arg>
<doc>Makes a variable available everywhere within the scope of the current test.</doc>
<msg timestamp="20240518 12:40:12.084" level="INFO">${FakerDescricao} = Sit evening pull career degree.</msg>
<status status="PASS" starttime="20240518 12:40:12.084" endtime="20240518 12:40:12.084"/>
</kw>
<kw name="Numerify" library="FakerLibrary">
<var>${FakerValor}</var>
<doc>Generate a string with each placeholder in ``text`` replaced according
to the following rules:</doc>
<msg timestamp="20240518 12:40:12.085" level="INFO">${FakerValor} = 480</msg>
<status status="PASS" starttime="20240518 12:40:12.084" endtime="20240518 12:40:12.085"/>
</kw>
<kw name="Set Test Variable" library="BuiltIn">
<arg>${FakerValor}</arg>
<doc>Makes a variable available everywhere within the scope of the current test.</doc>
<msg timestamp="20240518 12:40:12.085" level="INFO">${FakerValor} = 480</msg>
<status status="PASS" starttime="20240518 12:40:12.085" endtime="20240518 12:40:12.085"/>
</kw>
<status status="PASS" starttime="20240518 12:40:12.081" endtime="20240518 12:40:12.085"/>
</kw>
<kw name="Quando enviar uma requisição Post" library="post_produtos">
<arg>${FakeNome}${FakerValor}</arg>
<arg>1010</arg>
<arg>Teste Automation</arg>
<arg>1049</arg>
<kw name="Factory New Produtos" library="produtos_fac">
<var>${bodyPostProd}</var>
<arg>cnome=${cnome}</arg>
<arg>cpreco=${cpreco}</arg>
<arg>cdescricao=${cdescricao}</arg>
<arg>cquantidade=${cquantidade}</arg>
<kw name="Create Dictionary" library="BuiltIn">
<var>${produtos}</var>
<doc>Creates and returns a dictionary based on the given ``items``.</doc>
<msg timestamp="20240518 12:40:12.086" level="INFO">${produtos} = {}</msg>
<status status="PASS" starttime="20240518 12:40:12.086" endtime="20240518 12:40:12.086"/>
</kw>
<kw name="Run Keyword If" library="BuiltIn">
<arg>"${cnome}" != 'None'</arg>
<arg>Set To Dictionary</arg>
<arg>${produtos}</arg>
<arg>nome</arg>
<arg>${cnome}</arg>
<doc>Runs the given keyword with the given arguments, if ``condition`` is true.</doc>
<kw name="Set To Dictionary" library="Collections">
<arg>${produtos}</arg>
<arg>nome</arg>
<arg>${cnome}</arg>
<doc>Adds the given ``key_value_pairs`` and/or ``items`` to the ``dictionary``.</doc>
<status status="PASS" starttime="20240518 12:40:12.087" endtime="20240518 12:40:12.087"/>
</kw>
<status status="PASS" starttime="20240518 12:40:12.086" endtime="20240518 12:40:12.087"/>
</kw>
<kw name="Run Keyword If" library="BuiltIn">
<arg>"${cpreco}" != "None"</arg>
<arg>Set To Dictionary</arg>
<arg>${produtos}</arg>
<arg>preco</arg>
<arg>${cpreco}</arg>
<doc>Runs the given keyword with the given arguments, if ``condition`` is true.</doc>
<kw name="Set To Dictionary" library="Collections">
<arg>${produtos}</arg>
<arg>preco</arg>
<arg>${cpreco}</arg>
<doc>Adds the given ``key_value_pairs`` and/or ``items`` to the ``dictionary``.</doc>
<status status="PASS" starttime="20240518 12:40:12.087" endtime="20240518 12:40:12.087"/>
</kw>
<status status="PASS" starttime="20240518 12:40:12.087" endtime="20240518 12:40:12.087"/>
</kw>
<kw name="Run Keyword If" library="BuiltIn">
<arg>"${cdescricao}" != "None"</arg>
<arg>Set To Dictionary</arg>
<arg>${produtos}</arg>
<arg>descricao</arg>
<arg>${cdescricao}</arg>
<doc>Runs the given keyword with the given arguments, if ``condition`` is true.</doc>
<kw name="Set To Dictionary" library="Collections">
<arg>${produtos}</arg>
<arg>descricao</arg>
<arg>${cdescricao}</arg>
<doc>Adds the given ``key_value_pairs`` and/or ``items`` to the ``dictionary``.</doc>
<status status="PASS" starttime="20240518 12:40:12.088" endtime="20240518 12:40:12.088"/>
</kw>
<status status="PASS" starttime="20240518 12:40:12.088" endtime="20240518 12:40:12.088"/>
</kw>
<kw name="Run Keyword If" library="BuiltIn">
<arg>"${cquantidade}" != "None"</arg>
<arg>Set To Dictionary</arg>
<arg>${produtos}</arg>
<arg>quantidade</arg>
<arg>${cquantidade}</arg>
<doc>Runs the given keyword with the given arguments, if ``condition`` is true.</doc>
<kw name="Set To Dictionary" library="Collections">
<arg>${produtos}</arg>
<arg>quantidade</arg>
<arg>${cquantidade}</arg>
<doc>Adds the given ``key_value_pairs`` and/or ``items`` to the ``dictionary``.</doc>
<status status="PASS" starttime="20240518 12:40:12.088" endtime="20240518 12:40:12.088"/>
</kw>
<status status="PASS" starttime="20240518 12:40:12.088" endtime="20240518 12:40:12.088"/>
</kw>
<msg timestamp="20240518 12:40:12.088" level="INFO">${bodyPostProd} = {'nome': 'Michelle Bailey480', 'preco': '1010', 'descricao': 'Teste Automation', 'quantidade': '1049'}</msg>
<status status="PASS" starttime="20240518 12:40:12.085" endtime="20240518 12:40:12.088"/>
</kw>
<kw name="Log" library="BuiltIn">
<arg>${bodyPostProd}</arg>
<doc>Logs the given message with the given level.</doc>
<msg timestamp="20240518 12:40:12.089" level="INFO">{'nome': 'Michelle Bailey480', 'preco': '1010', 'descricao': 'Teste Automation', 'quantidade': '1049'}</msg>
<status status="PASS" starttime="20240518 12:40:12.089" endtime="20240518 12:40:12.089"/>
</kw>
<kw name="HeadersAuth" library="services">
<kw name="Create Dictionary" library="BuiltIn">
<var>${headersAuth}</var>
<arg>Authorization=${token}</arg>
<doc>Creates and returns a dictionary based on the given ``items``.</doc>
<msg timestamp="20240518 12:40:12.089" level="INFO">${headersAuth} = {'Authorization': 'Bearer eyJhbGciOiJIUzI1NiIsInR5cCI6IkpXVCJ9.eyJlbWFpbCI6Ikpvc2VhdWd1c3RvMTBAcWEuY29tIiwicGFzc3dvcmQiOiIwNTEwNDkiLCJpYXQiOjE3MTYwNDY4MTIsImV4cCI6MTcxNjA0NzQxMn0.DT_8vN9g_YlwSLQtiiDPv...</msg>
<status status="PASS" starttime="20240518 12:40:12.089" endtime="20240518 12:40:12.089"/>
</kw>
<kw name="Set Test Variable" library="BuiltIn">
<arg>${headersAuth}</arg>
<doc>Makes a variable available everywhere within the scope of the current test.</doc>
<msg timestamp="20240518 12:40:12.089" level="INFO">${headersAuth} = {'Authorization': 'Bearer eyJhbGciOiJIUzI1NiIsInR5cCI6IkpXVCJ9.eyJlbWFpbCI6Ikpvc2VhdWd1c3RvMTBAcWEuY29tIiwicGFzc3dvcmQiOiIwNTEwNDkiLCJpYXQiOjE3MTYwNDY4MTIsImV4cCI6MTcxNjA0NzQxMn0.DT_8vN9g_YlwSLQtiiDPv...</msg>
<status status="PASS" starttime="20240518 12:40:12.089" endtime="20240518 12:40:12.089"/>
</kw>
<status status="PASS" starttime="20240518 12:40:12.089" endtime="20240518 12:40:12.090"/>
</kw>
<kw name="Post Cadastrar" library="services">
<var>${RESPOSTA}</var>
<arg>/produtos</arg>
<arg>${headersAuth}</arg>
<arg>${bodyPostProd}</arg>
<kw name="POST" library="RequestsLibrary">
<var>${response}</var>
<arg>${base_url}${endpoint}</arg>
<arg>json=${body}</arg>
<arg>headers=${headers}</arg>
<arg>expected_status=any</arg>
<doc>Sends a POST request.</doc>
<msg timestamp="20240518 12:40:12.097" level="INFO">POST Request : url=http://localhost:3000/produtos 
 path_url=/produtos 
 headers={'User-Agent': 'python-requests/2.31.0', 'Accept-Encoding': 'gzip, deflate', 'Accept': '*/*', 'Connection': 'keep-alive', 'Authorization': 'Bearer eyJhbGciOiJIUzI1NiIsInR5cCI6IkpXVCJ9.eyJlbWFpbCI6Ikpvc2VhdWd1c3RvMTBAcWEuY29tIiwicGFzc3dvcmQiOiIwNTEwNDkiLCJpYXQiOjE3MTYwNDY4MTIsImV4cCI6MTcxNjA0NzQxMn0.DT_8vN9g_YlwSLQtiiDPvnMrL9bH_2bqpOyTA8wvVlc', 'Content-Length': '102', 'Content-Type': 'application/json'} 
 body=b'{"nome": "Michelle Bailey480", "preco": "1010", "descricao": "Teste Automation", "quantidade": "1049"}' 
 </msg>
<msg timestamp="20240518 12:40:12.097" level="INFO">POST Response : url=http://localhost:3000/produtos 
 status=201, reason=Created 
 headers={'Access-Control-Allow-Origin': '*', 'x-dns-prefetch-control': 'off', 'x-frame-options': 'SAMEORIGIN', 'strict-transport-security': 'max-age=15552000; includeSubDomains', 'x-download-options': 'noopen', 'x-content-type-options': 'nosniff', 'x-xss-protection': '1; mode=block', 'x-moesif-transaction-id': 'd0f43350-b43a-4a46-a451-34ef064c514e', 'Content-Type': 'application/json; charset=utf-8', 'Content-Length': '82', 'Date': 'Sat, 18 May 2024 15:40:12 GMT', 'Connection': 'keep-alive', 'Keep-Alive': 'timeout=5'} 
 body={
    "message": "Cadastro realizado com sucesso",
    "_id": "ZzIPYLBUigMkBtgM"
} 
 </msg>
<msg timestamp="20240518 12:40:12.098" level="INFO">${response} = &lt;Response [201]&gt;</msg>
<status status="PASS" starttime="20240518 12:40:12.090" endtime="20240518 12:40:12.098"/>
</kw>
<msg timestamp="20240518 12:40:12.098" level="INFO">${RESPOSTA} = &lt;Response [201]&gt;</msg>
<status status="PASS" starttime="20240518 12:40:12.090" endtime="20240518 12:40:12.098"/>
</kw>
<kw name="Set Test Variable" library="BuiltIn">
<arg>${RESPOSTA}</arg>
<doc>Makes a variable available everywhere within the scope of the current test.</doc>
<msg timestamp="20240518 12:40:12.098" level="INFO">${RESPOSTA} = &lt;Response [201]&gt;</msg>
<status status="PASS" starttime="20240518 12:40:12.098" endtime="20240518 12:40:12.098"/>
</kw>
<kw name="Log" library="BuiltIn">
<arg>${RESPOSTA.json()}</arg>
<doc>Logs the given message with the given level.</doc>
<msg timestamp="20240518 12:40:12.099" level="INFO">{'message': 'Cadastro realizado com sucesso', '_id': 'ZzIPYLBUigMkBtgM'}</msg>
<status status="PASS" starttime="20240518 12:40:12.098" endtime="20240518 12:40:12.099"/>
</kw>
<status status="PASS" starttime="20240518 12:40:12.085" endtime="20240518 12:40:12.099"/>
</kw>
<kw name="Set Test Variable" library="BuiltIn">
<arg>${id}</arg>
<arg>${RESPOSTA.json()}[_id]</arg>
<doc>Makes a variable available everywhere within the scope of the current test.</doc>
<msg timestamp="20240518 12:40:12.101" level="INFO">${id} = ZzIPYLBUigMkBtgM</msg>
<status status="PASS" starttime="20240518 12:40:12.100" endtime="20240518 12:40:12.101"/>
</kw>
<status status="PASS" starttime="20240518 12:40:12.080" endtime="20240518 12:40:12.101"/>
</kw>
<kw name="Excluir Produto" library="services">
<kw name="Set Test Variable" library="BuiltIn">
<arg>${id}</arg>
<arg>${RESPOSTA.json()}[_id]</arg>
<doc>Makes a variable available everywhere within the scope of the current test.</doc>
<msg timestamp="20240518 12:40:12.103" level="INFO">${id} = ZzIPYLBUigMkBtgM</msg>
<status status="PASS" starttime="20240518 12:40:12.102" endtime="20240518 12:40:12.103"/>
</kw>
<kw name="Quando enviar uma requisição pra excluir um produto" library="delete_produtos">
<kw name="Delete in" library="services">
<var>${RESPOSTA}</var>
<arg>/produtos</arg>
<arg>${headersAuth}</arg>
<arg>${id}</arg>
<kw name="DELETE" library="RequestsLibrary">
<var>${response}</var>
<arg>${base_url}${endpoint}/${id}</arg>
<arg>headers=${headers}</arg>
<doc>Sends a DELETE request.</doc>
<msg timestamp="20240518 12:40:12.110" level="INFO">DELETE Request : url=http://localhost:3000/produtos/ZzIPYLBUigMkBtgM 
 path_url=/produtos/ZzIPYLBUigMkBtgM 
 headers={'User-Agent': 'python-requests/2.31.0', 'Accept-Encoding': 'gzip, deflate', 'Accept': '*/*', 'Connection': 'keep-alive', 'Authorization': 'Bearer eyJhbGciOiJIUzI1NiIsInR5cCI6IkpXVCJ9.eyJlbWFpbCI6Ikpvc2VhdWd1c3RvMTBAcWEuY29tIiwicGFzc3dvcmQiOiIwNTEwNDkiLCJpYXQiOjE3MTYwNDY4MTIsImV4cCI6MTcxNjA0NzQxMn0.DT_8vN9g_YlwSLQtiiDPvnMrL9bH_2bqpOyTA8wvVlc', 'Content-Length': '0'} 
 body=None 
 </msg>
<msg timestamp="20240518 12:40:12.110" level="INFO">DELETE Response : url=http://localhost:3000/produtos/ZzIPYLBUigMkBtgM 
 status=200, reason=OK 
 headers={'Access-Control-Allow-Origin': '*', 'x-dns-prefetch-control': 'off', 'x-frame-options': 'SAMEORIGIN', 'strict-transport-security': 'max-age=15552000; includeSubDomains', 'x-download-options': 'noopen', 'x-content-type-options': 'nosniff', 'x-xss-protection': '1; mode=block', 'x-moesif-transaction-id': '0accdc6f-1101-4651-9124-5ec603b0823b', 'Content-Type': 'application/json; charset=utf-8', 'Content-Length': '51', 'Date': 'Sat, 18 May 2024 15:40:12 GMT', 'Connection': 'keep-alive', 'Keep-Alive': 'timeout=5'} 
 body={
    "message": "Registro excluído com sucesso"
} 
 </msg>
<msg timestamp="20240518 12:40:12.111" level="INFO">${response} = &lt;Response [200]&gt;</msg>
<status status="PASS" starttime="20240518 12:40:12.104" endtime="20240518 12:40:12.111"/>
</kw>
<msg timestamp="20240518 12:40:12.111" level="INFO">${RESPOSTA} = &lt;Response [200]&gt;</msg>
<status status="PASS" starttime="20240518 12:40:12.103" endtime="20240518 12:40:12.111"/>
</kw>
<kw name="Set Test Variable" library="BuiltIn">
<arg>${RESPOSTA}</arg>
<doc>Makes a variable available everywhere within the scope of the current test.</doc>
<msg timestamp="20240518 12:40:12.112" level="INFO">${RESPOSTA} = &lt;Response [200]&gt;</msg>
<status status="PASS" starttime="20240518 12:40:12.112" endtime="20240518 12:40:12.112"/>
</kw>
<kw name="Log" library="BuiltIn">
<arg>${RESPOSTA.json()}</arg>
<doc>Logs the given message with the given level.</doc>
<msg timestamp="20240518 12:40:12.113" level="INFO">{'message': 'Registro excluído com sucesso'}</msg>
<status status="PASS" starttime="20240518 12:40:12.113" endtime="20240518 12:40:12.113"/>
</kw>
<status status="PASS" starttime="20240518 12:40:12.103" endtime="20240518 12:40:12.113"/>
</kw>
<status status="PASS" starttime="20240518 12:40:12.102" endtime="20240518 12:40:12.113"/>
</kw>
<kw name="Quando enviar uma requisição pra excluir um produto" library="delete_produtos">
<kw name="Delete in" library="services">
<var>${RESPOSTA}</var>
<arg>/produtos</arg>
<arg>${headersAuth}</arg>
<arg>${id}</arg>
<kw name="DELETE" library="RequestsLibrary">
<var>${response}</var>
<arg>${base_url}${endpoint}/${id}</arg>
<arg>headers=${headers}</arg>
<doc>Sends a DELETE request.</doc>
<msg timestamp="20240518 12:40:12.119" level="INFO">DELETE Request : url=http://localhost:3000/produtos/ZzIPYLBUigMkBtgM 
 path_url=/produtos/ZzIPYLBUigMkBtgM 
 headers={'User-Agent': 'python-requests/2.31.0', 'Accept-Encoding': 'gzip, deflate', 'Accept': '*/*', 'Connection': 'keep-alive', 'Authorization': 'Bearer eyJhbGciOiJIUzI1NiIsInR5cCI6IkpXVCJ9.eyJlbWFpbCI6Ikpvc2VhdWd1c3RvMTBAcWEuY29tIiwicGFzc3dvcmQiOiIwNTEwNDkiLCJpYXQiOjE3MTYwNDY4MTIsImV4cCI6MTcxNjA0NzQxMn0.DT_8vN9g_YlwSLQtiiDPvnMrL9bH_2bqpOyTA8wvVlc', 'Content-Length': '0'} 
 body=None 
 </msg>
<msg timestamp="20240518 12:40:12.119" level="INFO">DELETE Response : url=http://localhost:3000/produtos/ZzIPYLBUigMkBtgM 
 status=200, reason=OK 
 headers={'Access-Control-Allow-Origin': '*', 'x-dns-prefetch-control': 'off', 'x-frame-options': 'SAMEORIGIN', 'strict-transport-security': 'max-age=15552000; includeSubDomains', 'x-download-options': 'noopen', 'x-content-type-options': 'nosniff', 'x-xss-protection': '1; mode=block', 'x-moesif-transaction-id': '63183c69-c460-4915-af56-68df259def5a', 'Content-Type': 'application/json; charset=utf-8', 'Content-Length': '46', 'Date': 'Sat, 18 May 2024 15:40:12 GMT', 'Connection': 'keep-alive', 'Keep-Alive': 'timeout=5'} 
 body={
    "message": "Nenhum registro excluído"
} 
 </msg>
<msg timestamp="20240518 12:40:12.120" level="INFO">${response} = &lt;Response [200]&gt;</msg>
<status status="PASS" starttime="20240518 12:40:12.114" endtime="20240518 12:40:12.120"/>
</kw>
<msg timestamp="20240518 12:40:12.120" level="INFO">${RESPOSTA} = &lt;Response [200]&gt;</msg>
<status status="PASS" starttime="20240518 12:40:12.114" endtime="20240518 12:40:12.120"/>
</kw>
<kw name="Set Test Variable" library="BuiltIn">
<arg>${RESPOSTA}</arg>
<doc>Makes a variable available everywhere within the scope of the current test.</doc>
<msg timestamp="20240518 12:40:12.120" level="INFO">${RESPOSTA} = &lt;Response [200]&gt;</msg>
<status status="PASS" starttime="20240518 12:40:12.120" endtime="20240518 12:40:12.120"/>
</kw>
<kw name="Log" library="BuiltIn">
<arg>${RESPOSTA.json()}</arg>
<doc>Logs the given message with the given level.</doc>
<msg timestamp="20240518 12:40:12.121" level="INFO">{'message': 'Nenhum registro excluído'}</msg>
<status status="PASS" starttime="20240518 12:40:12.121" endtime="20240518 12:40:12.121"/>
</kw>
<status status="PASS" starttime="20240518 12:40:12.114" endtime="20240518 12:40:12.122"/>
</kw>
<kw name="Então ira visuazilar o Status Code" library="get_produtos">
<arg>200</arg>
<kw name="Should Be Equal As Strings" library="BuiltIn">
<arg>${RESPOSTA.status_code}</arg>
<arg>${statusCode}</arg>
<doc>Fails if objects are unequal after converting them to strings.</doc>
<msg timestamp="20240518 12:40:12.123" level="INFO">Argument types are:
&lt;class 'int'&gt;
&lt;class 'str'&gt;</msg>
<status status="PASS" starttime="20240518 12:40:12.122" endtime="20240518 12:40:12.123"/>
</kw>
<status status="PASS" starttime="20240518 12:40:12.122" endtime="20240518 12:40:12.123"/>
</kw>
<kw name="E verificar a mensagem de validação" library="post_produtos">
<arg>Nenhum registro excluído</arg>
<kw name="Should Be Equal As Strings" library="BuiltIn">
<arg>${RESPOSTA.json()}[message]</arg>
<arg>${mensagem}</arg>
<doc>Fails if objects are unequal after converting them to strings.</doc>
<status status="PASS" starttime="20240518 12:40:12.123" endtime="20240518 12:40:12.124"/>
</kw>
<status status="PASS" starttime="20240518 12:40:12.123" endtime="20240518 12:40:12.124"/>
</kw>
<status status="PASS" starttime="20240518 12:40:12.080" endtime="20240518 12:40:12.124"/>
</test>
<doc>Documentacao do POST da API: ServeRest</doc>
<status status="PASS" starttime="20240518 12:40:11.547" endtime="20240518 12:40:12.127"/>
</suite>
<suite id="s1-s2" name="Get Produtos" source="C:\ProjetosC\serveRest-robot\Features\get_produtos.robot">
<kw name="Conectar a API" library="services" type="SETUP">
<arg>/login</arg>
<kw name="Create Session" library="RequestsLibrary">
<arg>apiServeRest</arg>
<arg>${base_url}</arg>
<arg>${headersLogin}</arg>
<doc>Create Session: create a HTTP session to a server</doc>
<msg timestamp="20240518 12:40:12.145" level="INFO">Creating Session using : alias=apiServeRest, url=http://localhost:3000, headers={'accept': 'application/json', 'Content-Type': 'application/json'},                     cookies={}, auth=None, timeout=None, proxies=None, verify=False,                     debug=0 </msg>
<status status="PASS" starttime="20240518 12:40:12.145" endtime="20240518 12:40:12.146"/>
</kw>
<status status="PASS" starttime="20240518 12:40:12.145" endtime="20240518 12:40:12.146"/>
</kw>
<test id="s1-s2-t1" name="Fazer um Get Produtos com sucesso" line="8">
<kw name="Quando verificar os produtos cadastrados" library="get_produtos">
<kw name="Get in" library="services">
<var>${RESPOSTA}</var>
<arg>/produtos</arg>
<kw name="GET" library="RequestsLibrary">
<var>${response}</var>
<arg>${base_url}${endpoint}</arg>
<arg>headers=${headersLogin}</arg>
<doc>Sends a GET request.</doc>
<msg timestamp="20240518 12:40:12.153" level="INFO">GET Request : url=http://localhost:3000/produtos 
 path_url=/produtos 
 headers={'User-Agent': 'python-requests/2.31.0', 'Accept-Encoding': 'gzip, deflate', 'accept': 'application/json', 'Connection': 'keep-alive', 'Content-Type': 'application/json'} 
 body=None 
 </msg>
<msg timestamp="20240518 12:40:12.153" level="INFO">GET Response : url=http://localhost:3000/produtos 
 status=200, reason=OK 
 headers={'Access-Control-Allow-Origin': '*', 'x-dns-prefetch-control': 'off', 'x-frame-options': 'SAMEORIGIN', 'strict-transport-security': 'max-age=15552000; includeSubDomains', 'x-download-options': 'noopen', 'x-content-type-options': 'nosniff', 'x-xss-protection': '1; mode=block', 'x-moesif-transaction-id': 'c1e18f58-ed96-4f41-8624-dbba7c93ad66', 'Content-Type': 'application/json; charset=utf-8', 'Content-Length': '67893', 'Date': 'Sat, 18 May 2024 15:40:12 GMT', 'Connection': 'keep-alive', 'Keep-Alive': 'timeout=5'} 
 body={
    "quantidade": 347,
    "produtos": [
        {
            "nome": "Peter",
            "preco": 1049,
            "descricao": "Test Automation",
            "quantidade": 1010,
            "_id": "02ivoMyq3wtwmumb"
        },
        {
            "nome": "Teste Automation 11421",
            "preco": 470,
            "descricao": "RATO",
            "quantidade": 381,
            "_id": "0HVRZKVBR0u5Zx4R"
        },
        {
            "nome": "Suzanne",
            "preco": 44649,
            "descricao": "Lucie",
            "quantidade": 9820,
            "_id": "0Jo4CXmebfVRGdRD"
        },
        {
            "nome": "Dr. Richard Yu",
            "preco": 1049,
            "descricao": "Test Automation",
            "quantidade": 1010,
            "_id": "115B1dkSJpXVCVlZ"
        },
        {
            "nome": "Teste Automation 53015",
            "preco": 1010,
            "descricao": "Automation",
            "quantidade": 10,
            "_id": "1YH9TlJa1HF86cm6"
        },
        {
            "nome": "Mrs. Jennifer Berger69",
            "preco": 48,
            "descricao": "person",
            "quantidade": 81,
            "_id": "1Yda7K2nPaEisma1"
        },
        {
            "nome": "Bradley Bailey545",
            "preco": 1010,
            "descricao": "Teste Automation",
            "quantidade": 1049,
            "_id": "1tXnEgFs1MWpRYV6"
        },
        {
            "nome": "Teste Automation 98652",
            "preco": 470,
            "descricao": "RATO",
            "quantidade": 381,
            "_id": "2AB88DAalR8hZRr9"
        },
        {
            "nome": "Teste Automation 1049 7yasaq",
            "preco": 10,
            "descricao": "Automation Teste",
            "quantidade": 1010,
            "_id": "2c3v0g7aMA6Xs9mD"
        },
        {
            "nome": "Frank",
            "preco": 1049,
            "descricao": "TESTE QA",
            "quantidade": 1000,
            "_id": "2cFswZdgr523GdnI"
        },
        {
            "nome": "David Burns60",
            "preco": 57,
            "descricao": "argue",
            "quantidade": 69,
            "_id": "2gIw6d6gLMUGhjRY"
        },
        {
            "nome": "Teste Automation Teste 1234",
            "preco": 1010,
            "descricao": "Automation",
            "quantidade": 1049,
            "_id": "2gXlCoJvC9NTBZJV"
        },
        {
            "nome": "Teste Automation 5225",
            "preco": 1010,
            "descricao": "Automation",
            "quantidade": 10,
            "_id": "2mJjF5oCEa5sIq6e"
        },
        {
            "nome": "Carlos",
            "preco": 15719,
            "descricao": "Bertram",
            "quantidade": 5487,
            "_id": "2z2qzXV8QHosPVfS"
        },
        {
            "nome": "Walter Hamilton",
            "preco": 87,
            "descricao": "long",
            "quantidade": 51,
            "_id": "32XY1Mt5rQuJTztR"
        },
        {
            "nome": "faker.name() + str(faker.random_int(min=18, max=90))",
            "preco": 50,
            "descricao": "action",
            "quantidade": 35,
            "_id": "356IiRRZxLQrGw3b"
        },
        {
            "nome": "Teste Automation 13549",
            "preco": 1010,
            "descricao": "Automation",
            "quantidade": 10,
            "_id": "37pMEixKBDuBPHaf"
        },
        {
            "nome": "Justin Gilbert948",
            "preco": 1010,
            "descricao": "Teste Automation",
            "quantidade": 948,
            "_id": "3NAExL1HCGQiv5Wm"
        },
        {
            "nome": "Teste Automation 55392",
            "preco": 1010,
            "descricao": "Automation",
            "quantidade": 10,
            "_id": "3VPoxUFhT1ueth9P"
        },
        {
            "nome": "Hoyt",
            "preco": 1000,
            "descricao": "Lonie",
            "quantidade": 1050,
            "_id": "3bdpma8BL5aUv8U9"
        },
        {
            "nome": "Ian Hopkins199",
            "preco": 1010,
            "descricao": "Teste Automation",
            "quantidade": 199,
            "_id": "3heIn2VmRLDpawRD"
        },
        {
            "nome": "Lew",
            "preco": 1049,
            "descricao": "Candice Beier DDS",
            "quantidade": 1000,
            "_id": "3j05LxoVe6iweN6G"
        },
        {
            "nome": "Teste Automation 67418",
            "preco": 1010,
            "descricao": "Automation",
            "quantidade": 10,
            "_id": "4AKw0n7NAZjxefb0"
        },
        {
            "nome": "Teste Automation 46493",
            "preco": 1010,
            "descricao": "Automation",
            "quantidade": 10,
            "_id": "4G57Rq31HEU4J4cu"
        },
        {
            "nome": "Deborah Rodriguez",
            "preco": 1049,
            "descricao": "Test Automation",
            "quantidade": 1010,
            "_id": "4babe3ysRwC2h8kg"
        },
        {
            "nome": "Teste Qa.Coders 251469",
            "preco": 1500,
            "descricao": "QA",
            "quantidade": 150,
            "_id": "4z6vGnZr7uGNKBC0"
        },
        {
            "nome": "Mallory",
            "preco": 1049,
            "descricao": "Edward D'Amore Jr.",
            "quantidade": 1000,
            "_id": "5DnwFHTbuic3unGH"
        },
        {
            "nome": "Edward Hobbs302",
            "preco": 1010,
            "descricao": "Teste Automation",
            "quantidade": 1049,
            "_id": "5QBrh9TM4fDe0G4w"
        },
        {
            "nome": "Teste Automation 22946",
            "preco": 1010,
            "descricao": "Automation",
            "quantidade": 10,
            "_id": "5VJkvyUnNeqwgZQY"
        },
        {
            "nome": "Van",
            "preco": 1000,
            "descricao": "Zachery",
            "quantidade": 1050,
            "_id": "5cJWo7Al8d4gmDEK"
        },
        {
            "nome": "Miss Emily Johnson",
            "preco": 1049,
            "descricao": "Test Automation",
            "quantidade": 1010,
            "_id": "5tRuThS8fac7R6jf"
        },
        {
            "nome": "Joshua Ellison",
            "preco": 1049,
            "descricao": "Test Automation",
            "quantidade": 1010,
            "_id": "5u89pi8HonJRJ8VT"
        },
        {
            "nome": "Teste Automation 48050",
            "preco": 1010,
            "descricao": "Automation",
            "quantidade": 10,
            "_id": "68xevhJA8ekjHxp4"
        },
        {
            "nome": "Paul Smith",
            "preco": 1010,
            "descricao": "Teste Automation",
            "quantidade": 1049,
            "_id": "6NdjY2oFD7vRRBQb"
        },
        {
            "nome": "Teste Qa.Coders 404448",
            "preco": 1049,
            "descricao": "TESTE QA",
            "quantidade": 1000,
            "_id": "6iZsGlfgqGhjhaa0"
        },
        {
            "nome": "Teste Automation 69496",
            "preco": 470,
            "descricao": "RATO",
            "quantidade": 381,
            "_id": "6icE2GnaUxOXXfTo"
        },
        {
            "nome": "Sean Dixon668",
            "preco": 1010,
            "descricao": "Teste Automation",
            "quantidade": 668,
            "_id": "6qqkbRXA5y4mPb3b"
        },
        {
            "nome": "Teste Automation 40693",
            "preco": 1010,
            "descricao": "Automation",
            "quantidade": 10,
            "_id": "75i5HKU0NIO2ajB7"
        },
        {
            "nome": "Dena",
            "preco": 1049,
            "descricao": "Randy Mohr",
            "quantidade": 1000,
            "_id": "7MTYhBJiWTKlTb8y"
        },
        {
            "nome": "Orie",
            "preco": 1000,
            "descricao": "Ethyl",
            "quantidade": 1050,
            "_id": "7Zi9AoYJHC9TlpHJ"
        },
        {
            "nome": "!@$!@#%@#$@#$!@#!@",
            "preco": 48,
            "descricao": "cultural",
            "quantidade": 42,
            "_id": "7haWo51rTd6vAY0x"
        },
        {
            "nome": "Teste Automation 58303",
            "preco": 1010,
            "descricao": "Automation",
            "quantidade": 10,
            "_id": "7hhXzK3TGKVvsEBa"
        },
        {
            "nome": "Natalie Frank75",
            "preco": 78,
            "descricao": "chair",
            "quantidade": 68,
            "_id": "7pbmFNQcCwLXBVbv"
        },
        {
            "nome": "Elizabeth Moreno",
            "preco": 75,
            "descricao": "people",
            "quantidade": 46,
            "_id": "7uA9BHQPmOUDWHSK"
        },
        {
            "nome": "Teste Automation 26284",
            "preco": 1010,
            "descricao": "Automation",
            "quantidade": 10,
            "_id": "85D2qKCvgDJjLdUJ"
        },
        {
            "nome": "Teste Qa.Coders 613198",
            "preco": 1049,
            "descricao": "TESTE QA",
            "quantidade": 1000,
            "_id": "8BgOixh9ALvjSkFG"
        },
        {
            "nome": "Mae",
            "preco": 1000,
            "descricao": "Destiney",
            "quantidade": 1050,
            "_id": "8COdEDXLLGFq9Lg0"
        },
        {
            "nome": "Orlo",
            "preco": 25497,
            "descricao": "Oren",
            "quantidade": 8098,
            "_id": "8ETLkmkxIsa0Hw3e"
        },
        {
            "nome": "Mr. Jerry Brown MD",
            "preco": 48,
            "descricao": "cultural",
            "quantidade": 42,
            "_id": "8ktOQUn0zBbiSYgn"
        },
        {
            "nome": "Teste Automation 10270",
            "preco": 1010,
            "descricao": "Automation",
            "quantidade": 10,
            "_id": "9EKCeL9sHThV9Znl"
        },
        {
            "nome": "Teste Robot 1049",
            "preco": 1010,
            "descricao": "123456",
            "quantidade": 10489,
            "_i... (set the log level to DEBUG or TRACE to see the full content) 
 </msg>
<msg timestamp="20240518 12:40:12.154" level="INFO">${response} = &lt;Response [200]&gt;</msg>
<status status="PASS" starttime="20240518 12:40:12.147" endtime="20240518 12:40:12.154"/>
</kw>
<msg timestamp="20240518 12:40:12.154" level="INFO">${RESPOSTA} = &lt;Response [200]&gt;</msg>
<status status="PASS" starttime="20240518 12:40:12.147" endtime="20240518 12:40:12.154"/>
</kw>
<kw name="Set Global Variable" library="BuiltIn">
<arg>${RESPOSTA}</arg>
<doc>Makes a variable available globally in all tests and suites.</doc>
<msg timestamp="20240518 12:40:12.155" level="INFO">${RESPOSTA} = &lt;Response [200]&gt;</msg>
<status status="PASS" starttime="20240518 12:40:12.154" endtime="20240518 12:40:12.155"/>
</kw>
<kw name="Log" library="BuiltIn">
<arg>${RESPOSTA.json()}</arg>
<doc>Logs the given message with the given level.</doc>
<msg timestamp="20240518 12:40:12.156" level="INFO">{'quantidade': 347, 'produtos': [{'nome': 'Peter', 'preco': 1049, 'descricao': 'Test Automation', 'quantidade': 1010, '_id': '02ivoMyq3wtwmumb'}, {'nome': 'Teste Automation 11421', 'preco': 470, 'descricao': 'RATO', 'quantidade': 381, '_id': '0HVRZKVBR0u5Zx4R'}, {'nome': 'Suzanne', 'preco': 44649, 'descricao': 'Lucie', 'quantidade': 9820, '_id': '0Jo4CXmebfVRGdRD'}, {'nome': 'Dr. Richard Yu', 'preco': 1049, 'descricao': 'Test Automation', 'quantidade': 1010, '_id': '115B1dkSJpXVCVlZ'}, {'nome': 'Teste Automation 53015', 'preco': 1010, 'descricao': 'Automation', 'quantidade': 10, '_id': '1YH9TlJa1HF86cm6'}, {'nome': 'Mrs. Jennifer Berger69', 'preco': 48, 'descricao': 'person', 'quantidade': 81, '_id': '1Yda7K2nPaEisma1'}, {'nome': 'Bradley Bailey545', 'preco': 1010, 'descricao': 'Teste Automation', 'quantidade': 1049, '_id': '1tXnEgFs1MWpRYV6'}, {'nome': 'Teste Automation 98652', 'preco': 470, 'descricao': 'RATO', 'quantidade': 381, '_id': '2AB88DAalR8hZRr9'}, {'nome': 'Teste Automation 1049 7yasaq', 'preco': 10, 'descricao': 'Automation Teste', 'quantidade': 1010, '_id': '2c3v0g7aMA6Xs9mD'}, {'nome': 'Frank', 'preco': 1049, 'descricao': 'TESTE QA', 'quantidade': 1000, '_id': '2cFswZdgr523GdnI'}, {'nome': 'David Burns60', 'preco': 57, 'descricao': 'argue', 'quantidade': 69, '_id': '2gIw6d6gLMUGhjRY'}, {'nome': 'Teste Automation Teste 1234', 'preco': 1010, 'descricao': 'Automation', 'quantidade': 1049, '_id': '2gXlCoJvC9NTBZJV'}, {'nome': 'Teste Automation 5225', 'preco': 1010, 'descricao': 'Automation', 'quantidade': 10, '_id': '2mJjF5oCEa5sIq6e'}, {'nome': 'Carlos', 'preco': 15719, 'descricao': 'Bertram', 'quantidade': 5487, '_id': '2z2qzXV8QHosPVfS'}, {'nome': 'Walter Hamilton', 'preco': 87, 'descricao': 'long', 'quantidade': 51, '_id': '32XY1Mt5rQuJTztR'}, {'nome': 'faker.name() + str(faker.random_int(min=18, max=90))', 'preco': 50, 'descricao': 'action', 'quantidade': 35, '_id': '356IiRRZxLQrGw3b'}, {'nome': 'Teste Automation 13549', 'preco': 1010, 'descricao': 'Automation', 'quantidade': 10, '_id': '37pMEixKBDuBPHaf'}, {'nome': 'Justin Gilbert948', 'preco': 1010, 'descricao': 'Teste Automation', 'quantidade': 948, '_id': '3NAExL1HCGQiv5Wm'}, {'nome': 'Teste Automation 55392', 'preco': 1010, 'descricao': 'Automation', 'quantidade': 10, '_id': '3VPoxUFhT1ueth9P'}, {'nome': 'Hoyt', 'preco': 1000, 'descricao': 'Lonie', 'quantidade': 1050, '_id': '3bdpma8BL5aUv8U9'}, {'nome': 'Ian Hopkins199', 'preco': 1010, 'descricao': 'Teste Automation', 'quantidade': 199, '_id': '3heIn2VmRLDpawRD'}, {'nome': 'Lew', 'preco': 1049, 'descricao': 'Candice Beier DDS', 'quantidade': 1000, '_id': '3j05LxoVe6iweN6G'}, {'nome': 'Teste Automation 67418', 'preco': 1010, 'descricao': 'Automation', 'quantidade': 10, '_id': '4AKw0n7NAZjxefb0'}, {'nome': 'Teste Automation 46493', 'preco': 1010, 'descricao': 'Automation', 'quantidade': 10, '_id': '4G57Rq31HEU4J4cu'}, {'nome': 'Deborah Rodriguez', 'preco': 1049, 'descricao': 'Test Automation', 'quantidade': 1010, '_id': '4babe3ysRwC2h8kg'}, {'nome': 'Teste Qa.Coders 251469', 'preco': 1500, 'descricao': 'QA', 'quantidade': 150, '_id': '4z6vGnZr7uGNKBC0'}, {'nome': 'Mallory', 'preco': 1049, 'descricao': "Edward D'Amore Jr.", 'quantidade': 1000, '_id': '5DnwFHTbuic3unGH'}, {'nome': 'Edward Hobbs302', 'preco': 1010, 'descricao': 'Teste Automation', 'quantidade': 1049, '_id': '5QBrh9TM4fDe0G4w'}, {'nome': 'Teste Automation 22946', 'preco': 1010, 'descricao': 'Automation', 'quantidade': 10, '_id': '5VJkvyUnNeqwgZQY'}, {'nome': 'Van', 'preco': 1000, 'descricao': 'Zachery', 'quantidade': 1050, '_id': '5cJWo7Al8d4gmDEK'}, {'nome': 'Miss Emily Johnson', 'preco': 1049, 'descricao': 'Test Automation', 'quantidade': 1010, '_id': '5tRuThS8fac7R6jf'}, {'nome': 'Joshua Ellison', 'preco': 1049, 'descricao': 'Test Automation', 'quantidade': 1010, '_id': '5u89pi8HonJRJ8VT'}, {'nome': 'Teste Automation 48050', 'preco': 1010, 'descricao': 'Automation', 'quantidade': 10, '_id': '68xevhJA8ekjHxp4'}, {'nome': 'Paul Smith', 'preco': 1010, 'descricao': 'Teste Automation', 'quantidade': 1049, '_id': '6NdjY2oFD7vRRBQb'}, {'nome': 'Teste Qa.Coders 404448', 'preco': 1049, 'descricao': 'TESTE QA', 'quantidade': 1000, '_id': '6iZsGlfgqGhjhaa0'}, {'nome': 'Teste Automation 69496', 'preco': 470, 'descricao': 'RATO', 'quantidade': 381, '_id': '6icE2GnaUxOXXfTo'}, {'nome': 'Sean Dixon668', 'preco': 1010, 'descricao': 'Teste Automation', 'quantidade': 668, '_id': '6qqkbRXA5y4mPb3b'}, {'nome': 'Teste Automation 40693', 'preco': 1010, 'descricao': 'Automation', 'quantidade': 10, '_id': '75i5HKU0NIO2ajB7'}, {'nome': 'Dena', 'preco': 1049, 'descricao': 'Randy Mohr', 'quantidade': 1000, '_id': '7MTYhBJiWTKlTb8y'}, {'nome': 'Orie', 'preco': 1000, 'descricao': 'Ethyl', 'quantidade': 1050, '_id': '7Zi9AoYJHC9TlpHJ'}, {'nome': '!@$!@#%@#$@#$!@#!@', 'preco': 48, 'descricao': 'cultural', 'quantidade': 42, '_id': '7haWo51rTd6vAY0x'}, {'nome': 'Teste Automation 58303', 'preco': 1010, 'descricao': 'Automation', 'quantidade': 10, '_id': '7hhXzK3TGKVvsEBa'}, {'nome': 'Natalie Frank75', 'preco': 78, 'descricao': 'chair', 'quantidade': 68, '_id': '7pbmFNQcCwLXBVbv'}, {'nome': 'Elizabeth Moreno', 'preco': 75, 'descricao': 'people', 'quantidade': 46, '_id': '7uA9BHQPmOUDWHSK'}, {'nome': 'Teste Automation 26284', 'preco': 1010, 'descricao': 'Automation', 'quantidade': 10, '_id': '85D2qKCvgDJjLdUJ'}, {'nome': 'Teste Qa.Coders 613198', 'preco': 1049, 'descricao': 'TESTE QA', 'quantidade': 1000, '_id': '8BgOixh9ALvjSkFG'}, {'nome': 'Mae', 'preco': 1000, 'descricao': 'Destiney', 'quantidade': 1050, '_id': '8COdEDXLLGFq9Lg0'}, {'nome': 'Orlo', 'preco': 25497, 'descricao': 'Oren', 'quantidade': 8098, '_id': '8ETLkmkxIsa0Hw3e'}, {'nome': 'Mr. Jerry Brown MD', 'preco': 48, 'descricao': 'cultural', 'quantidade': 42, '_id': '8ktOQUn0zBbiSYgn'}, {'nome': 'Teste Automation 10270', 'preco': 1010, 'descricao': 'Automation', 'quantidade': 10, '_id': '9EKCeL9sHThV9Znl'}, {'nome': 'Teste Robot 1049', 'preco': 1010, 'descricao': '123456', 'quantidade': 10489, '_id': '9mrGtOkHWGX5J2J1'}, {'nome': 'Devin Martinez260', 'preco': 1010, 'descricao': 'Teste Automation', 'quantidade': 260, '_id': 'A6ji5R3NIBcO48DM'}, {'nome': 'Teste Automation 5348', 'preco': 1010, 'descricao': 'Automation', 'quantidade': 10, '_id': 'AKAp7dDj1cSNaGaN'}, {'nome': 'Julie Stout148', 'preco': 1010, 'descricao': 'Teste Automation', 'quantidade': 1049, '_id': 'AMZoWWpyiGTSrAqK'}, {'nome': 'Teste Automation 1049', 'preco': 10, 'descricao': 'Automation Teste', 'quantidade': 1010, '_id': 'AODy6hGsd0YVEG9u'}, {'nome': 'Kristi', 'preco': 1049, 'descricao': 'Test Automation', 'quantidade': 1010, '_id': 'AT8XwWvlpaGqY0xC'}, {'nome': 'Loraine', 'preco': 56324, 'descricao': 'Zaria', 'quantidade': 3266, '_id': 'BEZ0qAMjAQTt2TqZ'}, {'nome': 'Linda Pierce541', 'preco': 1010, 'descricao': 'Teste Automation', 'quantidade': 1049, '_id': 'BSPSX7xvzYpsqK4b'}, {'nome': 'Logitech MX Vertical', 'preco': 470, 'descricao': 'Mouse', 'quantidade': 382, '_id': 'BeeJh5lz3k6kSIzA'}, {'nome': 'Viviane', 'preco': 51894, 'descricao': 'Kaitlyn', 'quantidade': 2579, '_id': 'BjeG0zPFsIcvaFuN'}, {'nome': 'Teste Automation 37016', 'preco': 470, 'descricao': 'RATO', 'quantidade': 381, '_id': 'BzPOwZFke4UjfUkz'}, {'nome': 'Gia', 'preco': 26677, 'descricao': 'Rocky', 'quantidade': 4260, '_id': 'CJI0D4vKF9nNwvJw'}, {'nome': 'Caden', 'preco': 54638, 'descricao': 'Earlene', 'quantidade': 2197, '_id': 'CNwyWSxhgSQT2oZv'}, {'nome': 'Teste Automation 85632', 'preco': 1010, 'descricao': 'Automation', 'quantidade': 10, '_id': 'CPwy2FfbBawLL6nE'}, {'nome': 'Teste Qa.Coders 107465', 'preco': 1500, 'descricao': 'QA', 'quantidade': 150, '_id': 'CZtDRjBfS3QJfJYO'}, {'nome': 'Scott Clark', 'preco': 1010, 'descricao': 'Teste Automation', 'quantidade': 1049, '_id': 'Cl9ZQ0MdnAhXmqZF'}, {'nome': 'Thomas Johnson69', 'preco': 71, 'descricao': 'American', 'quantidade': 89, '_id': 'CnM79rptfjQJZdfE'}, {'nome': 'Kira', 'preco': 1049, 'descricao': 'Damon Lebsack', 'quantidade': 1000, '_id': 'CsvDmjRkSCZCkaZD'}, {'nome': 'Teste Automation 70416', 'preco': 1010, 'descricao': 'Automation', 'quantidade': 10, '_id': 'D0ckK2ILE2mKqIAN'}, {'nome': 'David Ray974', 'preco': 1010, 'descricao': 'Teste Automation', 'quantidade': 1049, '_id': 'DRAjNOGc3nVO4SWR'}, {'nome': 'Teste Qa.Coders 388211', 'preco': 1049, 'descricao': 'TESTE QA', 'quantidade': 1000, '_id': 'DW7nDYaHTOEkpm6j'}, {'nome': 'Mouse RA', 'preco': 470, 'descricao': 'RATO', 'quantidade': 381, '_id': 'DYETEwFWAgo3QXW5'}, {'nome': 'Alicia Nelson', 'preco': 1049, 'descricao': 'Test Automation', 'quantidade': 1010, '_id': 'DtDqKYOWW8z7VBKn'}, {'nome': 'Matthew Flores', 'preco': 38, 'descricao': 'challenge', 'quantidade': 49, '_id': 'ECLPJHlj5oma73JW'}, {'nome': 'Andrea Rodriguez', 'preco': 1049, 'descricao': 'Test Automation', 'quantidade': 1010, '_id': 'ESlZqN8qSEMEorje'}, {'nome': 'Anne Gonzalez', 'preco': 1049, 'descricao': 'Test Automation', 'quantidade': 1010, '_id': 'ElnuwUdBPDZINzTp'}, {'nome': 'Mouse ABCSAEFD', 'preco': 470, 'descricao': 'RATO', 'quantidade': 381, '_id': 'EqhtVz4gK5nrl6An'}, {'nome': 'Chloe Walker', 'preco': 77, 'descricao': 'bit', 'quantidade': 43, '_id': 'FISNsiLkljOY8cGp'}, {'nome': 'Nathaniel', 'preco': 1049, 'descricao': 'Test Automation', 'quantidade': 1010, '_id': 'FeXZa9GCly7hX9du'}, {'nome': 'Teste Qa.Coders 949264', 'preco': 1049, 'descricao': 'TESTE QA', 'quantidade': 1000, '_id': 'GDzE6EO53XGTthXU'}, {'nome': 'Lisa Anderson', 'preco': 1010, 'descricao': 'Teste Automation', 'quantidade': 1049, '_id': 'GGx5lKjgOvajcqBK'}, {'nome': 'Teste Automation 69411', 'preco': 470, 'descricao': 'RATO', 'quantidade': 381, '_id': 'GVyp2UAjzkxS7Goc'}, {'nome': 'Eladio', 'preco': 1000, 'descricao': 'Mylene', 'quantidade': 1050, '_id': 'GdXWPjQiuVXymyxa'}, {'nome': 'Gretchen', 'preco': 13129, 'descricao': 'Carmel', 'quantidade': 4153, '_id': 'GoAqZpf5UNfvXqi8'}, {'nome': 'Robert Wilkinson', 'preco': 1049, 'descricao': 'Test Automation', 'quantidade': 1010, '_id': 'Gyyqc6GPBiJfvlq0'}, {'nome': 'Melissa Wilkerson376', 'preco': 1010, 'descricao': 'Teste Automation', 'quantidade': 376, '_id': 'GzlGKet3nCMrWoXc'}, {'nome': 'Logitech RATO', 'preco': 470, 'descricao': 'RATO', 'quantidade': 381, '_id': 'H6bLUXvmDSKdRUTb'}, {'nome': 'Teste Qa.Coders 965264', 'preco': 1049, 'descricao': 'TESTE QA', 'quantidade': 1000, '_id': 'HCEbBqofH5RR0SSi'}, {'nome': 'Patricia', 'preco': 1049, 'descricao': 'Test Automation', 'quantidade': 1010, '_id': 'HDWfOn3d1xMLWsLb'}, {'nome': 'Roberta', 'preco': 60038, 'descricao': 'Ella', 'quantidade': 40, '_id': 'HKAe8g5OkQU3LKVA'}, {'nome': 'Julius', 'preco': 82906, 'descricao': 'Betsy', 'quantidade': 3693, '_id': 'HMsrDkUdpPuKlETQ'}, {'nome': 'Michael Long801', 'preco': 1010, 'descricao': 'Teste Automation', 'quantidade': 1049, '_id': 'HZApYPeXLSdGvhw6'}, {'nome': 'Russ', 'preco': 36953, 'descricao': 'Ethan', 'quantidade': 2098, '_id': 'HadsRyKZfn5cqvlX'}, {'nome': 'Thomas Walker051', 'preco': 1010, 'descricao': 'Teste Automation', 'quantidade': 1049, '_id': 'HfBwmILtuZfH9O5M'}, {'nome': 'Cordelia', 'preco': 1049, 'descricao': 'Christopher Ledner', 'quantidade': 1000, '_id': 'HgGao1hFYhJanDry'}, {'nome': 'Teste Automation 3737', 'preco': 1010, 'descricao': 'Automation', 'quantidade': 10, '_id': 'Hq8abXgL631vkfaL'}, {'nome': 'Teste Automation 93910', 'preco': 1010, 'descricao': 'Automation', 'quantidade': 10, '_id': 'I1JWvWZp4DfVS3SW'}, {'nome': 'Teste', 'preco': 23, 'descricao': 'individual', 'quantidade': 33, '_id': 'ILqOXXLAW2LYP7wC'}, {'nome': 'Teste Automation 75838', 'preco': 1010, 'descricao': 'Automation', 'quantidade': 10, '_id': 'IN4eNnoUWCdFvDkE'}, {'nome': 'Teste Automation 60504', 'preco': 1010, 'descricao': 'Automation', 'quantidade': 10, '_id': 'IYN1aQzgEo0yMCBh'}, {'nome': 'Sheridan', 'preco': 1049, 'descricao': 'Antoinette Lowe', 'quantidade': 1000, '_id': 'IdbonOi0adLemV4T'}, {'nome': 'Mitchell', 'preco': 1049, 'descricao': 'Willis Sawayn Jr.', 'quantidade': 1000, '_id': 'IkWXFGAFn52Pypii'}, {'nome': 'Sharon', 'preco': 18412, 'descricao': 'Ethelyn', 'quantidade': 6188, '_id': 'J17scGDQywuQF1NZ'}, {'nome': 'Juwan', 'preco': 1049, 'descricao': 'Irma Kemmer', 'quantidade': 1000, '_id': 'J5d3Pe9BH0qnxnrs'}, {'nome': 'Annalise', 'preco': 1049, 'descricao': 'Luz Fahey', 'quantidade': 1000, '_id': 'JJPV7DKTw8DFWRBd'}, {'nome': 'Mrs. Jaime Baker', 'preco': 45, 'descricao': 'myself', 'quantidade': 66, '_id': 'JewzuKbImneShzH6'}, {'nome': 'Zella', 'preco': 96262, 'descricao': 'Colleen', 'quantidade': 9785, '_id': 'JscYbWAJ59wRGhYG'}, {'nome': 'Ali', 'preco': 1049, 'descricao': 'Gerald Parisian Jr.', 'quantidade': 1000, '_id': 'Jy4RhRpe38MJQuWR'}, {'nome': 'Teste Automation 43264', 'preco': 1010, 'descricao': 'Automation', 'quantidade': 10, '_id': 'JzapnqV96dKIJKuq'}, {'nome': 'Samsung 60 polegadas', 'preco': 5240, 'descricao': 'TV', 'quantidade': 49977, '_id': 'K6leHdftCeOJj8BJ'}, {'nome': 'Lee Simpson326', 'preco': 1010, 'descricao': 'Teste Automation', 'quantidade': 326, '_id': 'KP8fpuld1m6pndyM'}, {'nome': 'Mr. Timothy Lucero', 'preco': 1049, 'descricao': 'Test Automation', 'quantidade': 1010, '_id': 'KTqdfljytTIIStNs'}, {'nome': 'Christopher Boyd', 'preco': 27, 'descricao': 'Summer share perform political also challenge.', 'quantidade': 66, '_id': 'KZkAvxUsGInkBUH3'}, {'nome': 'Tonya Tucker788', 'preco': 1010, 'descricao': 'Teste Automation', 'quantidade': 788, '_id': 'LMI9lkcS8grdzfBd'}, {'nome': 'Dolly', 'preco': 1049, 'descricao': 'Lillie Anderson', 'quantidade': 1000, '_id': 'LZdITM0YNkJ7jHJ4'}, {'nome': 'Teste Automation 75852', 'preco': 1010, 'descricao': 'Automation', 'quantidade': 10, '_id': 'LylVUvJ1dJ62Q1JR'}, {'nome': 'Teste Automation 88116', 'preco': 1010, 'descricao': 'Automation', 'quantidade': 10, '_id': 'MFwH5ZxpeloRocyD'}, {'nome': 'Rosella', 'preco': 9959, 'descricao': 'Kallie', 'quantidade': 8792, '_id': 'MHYlif6uVtBxewgO'}, {'nome': 'Maria', 'preco': 1049, 'descricao': 'Test Automation', 'quantidade': 1010, '_id': 'MUdCqzJRbfNto5ni'}, {'nome': 'Teste Automation 23912', 'preco': 1010, 'descricao': 'Automation', 'quantidade': 10, '_id': 'MkD1KJAxcRChUFTM'}, {'nome': 'Teste Automation 17567', 'preco': 1010, 'descricao': 'Automation', 'quantidade': 10, '_id': 'MsSHqi20KQb8leTo'}, {'nome': 'Teste Automation 65922', 'preco': 1010, 'descricao': 'Automation', 'quantidade': 10, '_id': 'MuRN9JDgdLsUa9Sd'}, {'nome': 'Romaine', 'preco': 1049, 'descricao': 'Ella Gulgowski IV', 'quantidade': 1000, '_id': 'N6RzunVaq7mBHh3X'}, {'nome': 'Mouse RATO', 'preco': 470, 'descricao': 'RATO', 'quantidade': 381, '_id': 'NAGZoXwUiZWed3zd'}, {'nome': 'Tyler Ingram279', 'preco': 1010, 'descricao': 'Teste Automation', 'quantidade': 279, '_id': 'NCv8KFbtfkqW7xOv'}, {'nome': 'Christopher Wang', 'preco': 1049, 'descricao': 'Test Automation', 'quantidade': 1010, '_id': 'NH3NUStg8kzCvGzk'}, {'nome': 'Teste Automation 89371', 'preco': 470, 'descricao': 'RATO', 'quantidade': 381, '_id': 'NIlfq1cDkNxXZW2O'}, {'nome': 'Teste Automation 41449', 'preco': 1010, 'descricao': 'Automation', 'quantidade': 10, '_id': 'NMqvKorP4JBeqa2d'}, {'nome': 'Kieran', 'preco': 1049, 'descricao': 'Oscar Lesch III', 'quantidade': 1000, '_id': 'NNBz56Bas4VTSJtu'}, {'nome': 'Amanda Rodriguez61', 'preco': 60, 'descricao': 'present', 'quantidade': 20, '_id': 'NRqnuoSLhuas8pHz'}, {'nome': 'Teste Qa.Coders NaN', 'preco': 1049, 'descricao': 'TESTE QA', 'quantidade': 1000, '_id': 'NithVKMmtEgczbFl'}, {'nome': 'Teste Automation 67723', 'preco': 1010, 'descricao': 'Automation', 'quantidade': 10, '_id': 'Not7VIJ3fbnpZsyI'}, {'nome': 'Brittany Johnson', 'preco': 1049, 'descricao': 'Test Automation', 'quantidade': 1010, '_id': 'Nt5wKPoMZlIN7aIK'}, {'nome': 'Percival', 'preco': 1000, 'descricao': 'QA Teste', 'quantidade': 1050, '_id': 'O0Gr6BUMnPXQboAI'}, {'nome': 'Jessica Brown202', 'preco': 1010, 'descricao': 'Teste Automation', 'quantidade': 202, '_id': 'OBK2J3BhpPnwQTK8'}, {'nome': 'Josie', 'preco': 1049, 'descricao': 'Dr. Myron Smitham', 'quantidade': 1000, '_id': 'OFnlK2GuYYXpOzP2'}, {'nome': 'Teste Qa.Coders 506686', 'preco': 1049, 'descricao': 'TESTE QA', 'quantidade': 1000, '_id': 'OGAEHZDyVNmdCGKT'}, {'nome': 'Marcus Wong', 'preco': 81, 'descricao': 'resource', 'quantidade': 47, '_id': 'OO6fpKn5r85Oednx'}, {'nome': 'Holly', 'preco': 1049, 'descricao': 'Test Automation', 'quantidade': 1010, '_id': 'OS3cK9TpOEGYAHqa'}, {'nome': 'Teste Qa.Coders 15563', 'preco': 1049, 'descricao': 'TESTE QA', 'quantidade': 1000, '_id': 'OqvNepRfI1Qhc0tY'}, {'nome': 'Teste Automation 77687', 'preco': 1010, 'descricao': 'Automation', 'quantidade': 10, '_id': 'OrZSaWandpc28830'}, {'nome': 'Mouse A', 'preco': 470, 'descricao': 'RATO', 'quantidade': 381, '_id': 'P16dpVZt3bPPhqsV'}, {'nome': 'Teste Automation 70002', 'preco': 1010, 'descricao': 'Automation', 'quantidade': 10, '_id': 'PH87oS17hSIl3q9M'}, {'nome': 'Teste Automation 15329', 'preco': 1010, 'descricao': 'Automation', 'quantidade': 10, '_id': 'PHdEGdb6ppmKOese'}, {'nome': 'Teste Automation 79157', 'preco': 470, 'descricao': 'RATO', 'quantidade': 381, '_id': 'PNSE1Z9NhsBhprYF'}, {'nome': 'Teste Automation 51782', 'preco': 1010, 'descricao': 'Automation', 'quantidade': 10, '_id': 'PonwrDFRwQ0XNeR1'}, {'nome': 'Matthew Ingram', 'preco': 59, 'descricao': 'music', 'quantidade': 37, '_id': 'PvB0HwHQIrNcm5cx'}, {'nome': 'Donna', 'preco': 1049, 'descricao': 'Test Automation', 'quantidade': 1010, '_id': 'PzK3ONZqsCXvdjyZ'}, {'nome': 'Darren Mcpherson', 'preco': 1049, 'descricao': 'Test Automation', 'quantidade': 1010, '_id': 'QNtDXFVkJZk1McXS'}, {'nome': 'Kelton', 'preco': 1049, 'descricao': 'Marlon Durgan', 'quantidade': 1000, '_id': 'QVHnB5QVJu5gp4LN'}, {'nome': 'Teste Qa.Coders 84455', 'preco': 1049, 'descricao': 'TESTE QA', 'quantidade': 1000, '_id': 'QVNnrZ11FyRpcmsK'}, {'nome': 'Teste Automation 65071', 'preco': 1010, 'descricao': 'Automation', 'quantidade': 10, '_id': 'QZRl3ajbcko9CWO1'}, {'nome': 'Teste Qa.Coders 720734', 'preco': 1049, 'descricao': 'TESTE QA', 'quantidade': 1000, '_id': 'QdfwMTabT5lMVZDp'}, {'nome': 'Teste Automation 82645', 'preco': 1010, 'descricao': 'Automation', 'quantidade': 10, '_id': 'Qm2icvShPaOFQ9bP'}, {'nome': 'David Montgomery', 'preco': 18, 'descricao': 'skin', 'quantidade': 50, '_id': 'RgAguiPZmFvXOWgI'}, {'nome': 'Ashley Figueroa', 'preco': 65, 'descricao': 'concern', 'quantidade': 59, '_id': 'RmsLBtMcoke8EbB6'}, {'nome': 'Patrick Palmer33', 'preco': 50, 'descricao': 'pressure', 'quantidade': 70, '_id': 'RtiChUodNVC6HNpD'}, {'nome': 'Teste Automation 7477', 'preco': 1010, 'descricao': 'Automation', 'quantidade': 10, '_id': 'SEOtrHr0j21naw9T'}, {'nome': 'Robert', 'preco': 1049, 'descricao': 'Test Automation', 'quantidade': 1010, '_id': 'SP9pV6yR2t9arFpi'}, {'nome': 'Teste Automation 82549', 'preco': 470, 'descricao': 'RATO', 'quantidade': 381, '_id': 'Sg71E7O1bVtRDhTi'}, {'nome': 'Teste Qa.Coders 40949', 'preco': 1049, 'descricao': 'TESTE QA', 'quantidade': 1000, '_id': 'SlUXowPllnCe4ydr'}, {'nome': 'Teste QA', 'preco': 1000, 'descricao': 'QA Teste', 'quantidade': 1050, '_id': 'Stl3Df7Rl9RwM4RG'}, {'nome': 'Reese', 'preco': 1049, 'descricao': 'Margaret Blanda', 'quantidade': 1000, '_id': 'Sz5MzoqTA1ixyWn5'}, {'nome': 'Ian Bradley223', 'preco': 1010, 'descricao': 'Teste Automation', 'quantidade': 1049, '_id': 'T8oJctWSbmRFlIOV'}, {'nome': 'Teste Automation 12318', 'preco': 1010, 'descricao': 'Automation', 'quantidade': 10, '_id': 'TL1afubS1u3y9A0r'}, {'nome': 'Katherine Barnett61', 'preco': 43, 'descricao': 'trip', 'quantidade': 80, '_id': 'TdpZwFJu9Xjfs7Cs'}, {'nome': "''", 'preco': 1010, 'descricao': 'Teste Robot', 'quantidade': 1049, '_id': 'TvNczO5gFswrKkpj'}, {'nome': 'Teste Qa.Coders 836646', 'preco': 1049, 'descricao': 'TESTE QA', 'quantidade': 1000, '_id': 'U0jCsuBucJKMVlH5'}, {'nome': 'Teste Automation 1049 7yq', 'preco': 10, 'descricao': 'Automation Teste', 'quantidade': 1010, '_id': 'U1CKbmQGV4BosfJL'}, {'nome': 'Teste Automation 774', 'preco': 1010, 'descricao': 'Automation', 'quantidade': 10, '_id': 'U3xUPA7SlgtWUN7n'}, {'nome': 'Teste Qa.Coders 124607', 'preco': 1049, 'descricao': 'TESTE QA', 'quantidade': 1000, '_id': 'U5GZWeonKcz34Lut'}, {'nome': 'Estella', 'preco': 1049, 'descricao': 'Camille Carroll', 'quantidade': 1000, '_id': 'UOl04hab8upCbZQY'}, {'nome': 'Antonina', 'preco': 30897, 'descricao': 'Eliseo', 'quantidade': 5550, '_id': 'Uoh6rNEOUFPGCaXz'}, {'nome': 'Anastacio', 'preco': 75406, 'descricao': 'Camylle', 'quantidade': 3270, '_id': 'V5iPNpv4ag21QfCN'}, {'nome': 'Evan', 'preco': 1049, 'descricao': 'Genevieve Kilback', 'quantidade': 1000, '_id': 'V8Gtbg9EVS1JTeqK'}, {'nome': 'Laura Lynch517', 'preco': 1010, 'descricao': 'Teste Automation', 'quantidade': 1049, '_id': 'VQg1dHYgH73r4QQR'}, {'nome': 'Orlando', 'preco': 1049, 'descricao': 'Mr. Roy Labadie DVM', 'quantidade': 1000, '_id': 'W6btcb2QERtPWfE4'}, {'nome': 'Lindsey Hopkins366', 'preco': 1010, 'descricao': 'Teste Automation', 'quantidade': 1049, '_id': 'WQDX3RXcfXFwSCyd'}, {'nome': 'Teste Qa.Coders 521572', 'preco': 1049, 'descricao': 'TESTE QA', 'quantidade': 1000, '_id': 'WW8LCpBcRW6HMKWt'}, {'nome': 'Jessica Chandler311', 'preco': 1010, 'descricao': 'Teste Automation', 'quantidade': 311, '_id': 'Wc3RkJwIGsZ4JcgD'}, {'nome': 'Teste Automation 90949', 'preco': 470, 'descricao': 'RATO', 'quantidade': 381, '_id': 'WkqzvzSkGTixbLHA'}, {'nome': 'Lori Wells', 'preco': 1049, 'descricao': 'Test Automation', 'quantidade': 1010, '_id': 'Wt8gF6LJYxMoT1sR'}, {'nome': 'Jane', 'preco': 1049, 'descricao': 'Christine King', 'quantidade': 1000, '_id': 'WtdknNwUORRAuqqE'}, {'nome': 'Monica', 'preco': 1049, 'descricao': 'Test Automation', 'quantidade': 1010, '_id': 'XKbXfQCHwFomxnU6'}, {'nome': 'Amber Duncan', 'preco': 1049, 'descricao': 'Test Automation', 'quantidade': 1010, '_id': 'XcAB9k9eygDLheea'}, {'nome': 'Teste Automation 44579', 'preco': 470, 'descricao': 'RATO', 'quantidade': 381, '_id': 'XcJw8aDykKe0C4lk'}, {'nome': 'Cynthia Diaz21', 'preco': 18, 'descricao': 'break', 'quantidade': 31, '_id': 'XdmoKMZ7oMzxRuTX'}, {'nome': 'Teste Qa.Coders 216069', 'preco': 1049, 'descricao': 'TESTE QA', 'quantidade': 1000, '_id': 'Xgl7Qqvd0jPSHldq'}, {'nome': 'Teste Automation 38323', 'preco': 1010, 'descricao': 'Automation', 'quantidade': 10, '_id': 'XiVNh8DLbccDwOKu'}, {'nome': 'Larry', 'preco': 62378, 'descricao': 'Mallie', 'quantidade': 1100, '_id': 'YJL3NZw4N7y3yrlx'}, {'nome': 'Teste Automation 16243', 'preco': 1010, 'descricao': 'Automation', 'quantidade': 10, '_id': 'YLVhBLgQfVfl0sXK'}, {'nome': 'Teste Automation 35804', 'preco': 1010, 'descricao': 'Automation', 'quantidade': 10, '_id': 'YLfeeA7WxF0wwNYW'}, {'nome': 'Teste Automation 62917', 'preco': 1010, 'descricao': 'Automation', 'quantidade': 10, '_id': 'YVjHqGbgBmkHBoAE'}, {'nome': 'Teste Qa.Coders 975882', 'preco': 1049, 'descricao': 'TESTE QA', 'quantidade': 1000, '_id': 'Yp3BAcTHSQljpsxf'}, {'nome': 'Anthony Cruz592', 'preco': 1010, 'descricao': 'Teste Automation', 'quantidade': 592, '_id': 'ZEDjct0gX1ioLqa5'}, {'nome': 'Christina Calhoun DDS442', 'preco': 1010, 'descricao': 'Teste Automation', 'quantidade': 442, '_id': 'ZXt7C9L5H4l4Yalc'}, {'nome': 'Teste Automation 31004', 'preco': 470, 'descricao': 'RATO', 'quantidade': 381, '_id': 'Zh8vv3u3Wy4UjJ0D'}, {'nome': 'Mouse', 'preco': 470, 'descricao': 'RATO', 'quantidade': 381, '_id': 'ZrVQvxjIoU5n9az8'}, {'nome': 'Teste Automation 73459', 'preco': 1010, 'descricao': 'Automation', 'quantidade': 10, '_id': 'a3JSUGvmFKr3OTKG'}, {'nome': 'Mavis', 'preco': 58917, 'descricao': 'Cecilia', 'quantidade': 891, '_id': 'aB5rIylNgW6DAMBi'}, {'nome': 'Teste Automation 96416', 'preco': 1010, 'descricao': 'Automation', 'quantidade': 10, '_id': 'aTPYsnKU5og7SuXN'}, {'nome': 'Madison Evans414', 'preco': 1010, 'descricao': 'Teste Automation', 'quantidade': 414, '_id': 'agmN3GR56289NwZQ'}, {'nome': 'Teste Qa.Coders 215621', 'preco': 1049, 'descricao': 'TESTE QA', 'quantidade': 1000, '_id': 'b0VCAxl5rrE0oxjr'}, {'nome': 'Ryan', 'preco': 1049, 'descricao': 'Test Automation', 'quantidade': 1010, '_id': 'bMHsqP43wiUFVB7J'}, {'nome': 'Jim Sheppard', 'preco': 1049, 'descricao': 'Test Automation', 'quantidade': 1010, '_id': 'bgyh7zjxccf7GiT4'}, {'nome': 'Octavia', 'preco': 1000, 'descricao': 'Troy', 'quantidade': 1050, '_id': 'c3PbETkvs0qQ4WIN'}, {'nome': 'Teste Qa.Coders 535521', 'preco': 1049, 'descricao': 'TESTE QA', 'quantidade': 1000, '_id': 'c9SEqJ6RRzECXTsX'}, {'nome': 'Henry Lewis55', 'preco': 80, 'descricao': 'conference', 'quantidade': 62, '_id': 'cNM5ulsIBhzcuLrb'}, {'nome': 'Teste Automation 27111', 'preco': 1010, 'descricao': 'Automation', 'quantidade': 10, '_id': 'cZMeoGBnkncYfHm1'}, {'nome': 'Tyler Winters', 'preco': 36, 'descricao': 'top', 'quantidade': 21, '_id': 'cqwKzpiJoCok20UZ'}, {'nome': 'Teste Automation 18566', 'preco': 1010, 'descricao': 'Automation', 'quantidade': 10, '_id': 'cr0sO0JQKUIbFmAh'}, {'nome': 'Teste Automation 50463', 'preco': 1010, 'descricao': 'Automation', 'quantidade': 10, '_id': 'cw0VyxXxk4iLDlZZ'}, {'nome': 'Luciano', 'preco': 90932, 'descricao': 'Cory', 'quantidade': 7437, '_id': 'cz7TGa8QWKivX7uH'}, {'nome': 'Teste Qa.Coders 695957', 'preco': 1049, 'descricao': 'TESTE QA', 'quantidade': 1000, '_id': 'dFJPJCgQyI32BJlY'}, {'nome': 'Teste Qa.Coders 480024', 'preco': 1049, 'descr
[...]
<status status="PASS" starttime="20240518 12:40:12.680" endtime="20240518 12:40:12.680"/>
</kw>
<kw name="Set Test Variable" library="BuiltIn">
<arg>${headersAuth}</arg>
<doc>Makes a variable available everywhere within the scope of the current test.</doc>
<msg timestamp="20240518 12:40:12.680" level="INFO">${headersAuth} = {'Authorization': 'Bearer eyJhbGciOiJIUzI1NiIsInR5cCI6IkpXVCJ9.eyJlbWFpbCI6Ikpvc2VhdWd1c3RvMTBAcWEuY29tIiwicGFzc3dvcmQiOiIwNTEwNDkiLCJpYXQiOjE3MTYwNDY4MTIsImV4cCI6MTcxNjA0NzQxMn0.DT_8vN9g_YlwSLQtiiDPv...</msg>
<status status="PASS" starttime="20240518 12:40:12.680" endtime="20240518 12:40:12.681"/>
</kw>
<status status="PASS" starttime="20240518 12:40:12.680" endtime="20240518 12:40:12.681"/>
</kw>
<kw name="Post Cadastrar" library="services">
<var>${RESPOSTA}</var>
<arg>/produtos</arg>
<arg>${headersAuth}</arg>
<arg>${bodyPostProd}</arg>
<kw name="POST" library="RequestsLibrary">
<var>${response}</var>
<arg>${base_url}${endpoint}</arg>
<arg>json=${body}</arg>
<arg>headers=${headers}</arg>
<arg>expected_status=any</arg>
<doc>Sends a POST request.</doc>
<msg timestamp="20240518 12:40:12.688" level="INFO">POST Request : url=http://localhost:3000/produtos 
 path_url=/produtos 
 headers={'User-Agent': 'python-requests/2.31.0', 'Accept-Encoding': 'gzip, deflate', 'Accept': '*/*', 'Connection': 'keep-alive', 'Authorization': 'Bearer eyJhbGciOiJIUzI1NiIsInR5cCI6IkpXVCJ9.eyJlbWFpbCI6Ikpvc2VhdWd1c3RvMTBAcWEuY29tIiwicGFzc3dvcmQiOiIwNTEwNDkiLCJpYXQiOjE3MTYwNDY4MTIsImV4cCI6MTcxNjA0NzQxMn0.DT_8vN9g_YlwSLQtiiDPvnMrL9bH_2bqpOyTA8wvVlc', 'Content-Length': '102', 'Content-Type': 'application/json'} 
 body=b'{"nome": "Tonya Reyes DDS798", "preco": "1010", "descricao": "Teste Automation", "quantidade": "1049"}' 
 </msg>
<msg timestamp="20240518 12:40:12.688" level="INFO">POST Response : url=http://localhost:3000/produtos 
 status=201, reason=Created 
 headers={'Access-Control-Allow-Origin': '*', 'x-dns-prefetch-control': 'off', 'x-frame-options': 'SAMEORIGIN', 'strict-transport-security': 'max-age=15552000; includeSubDomains', 'x-download-options': 'noopen', 'x-content-type-options': 'nosniff', 'x-xss-protection': '1; mode=block', 'x-moesif-transaction-id': 'cce0dec6-f886-4873-9e90-b28e5975d665', 'Content-Type': 'application/json; charset=utf-8', 'Content-Length': '82', 'Date': 'Sat, 18 May 2024 15:40:12 GMT', 'Connection': 'keep-alive', 'Keep-Alive': 'timeout=5'} 
 body={
    "message": "Cadastro realizado com sucesso",
    "_id": "N8u1MDzu17vzZOiO"
} 
 </msg>
<msg timestamp="20240518 12:40:12.688" level="INFO">${response} = &lt;Response [201]&gt;</msg>
<status status="PASS" starttime="20240518 12:40:12.681" endtime="20240518 12:40:12.688"/>
</kw>
<msg timestamp="20240518 12:40:12.688" level="INFO">${RESPOSTA} = &lt;Response [201]&gt;</msg>
<status status="PASS" starttime="20240518 12:40:12.681" endtime="20240518 12:40:12.688"/>
</kw>
<kw name="Set Test Variable" library="BuiltIn">
<arg>${RESPOSTA}</arg>
<doc>Makes a variable available everywhere within the scope of the current test.</doc>
<msg timestamp="20240518 12:40:12.689" level="INFO">${RESPOSTA} = &lt;Response [201]&gt;</msg>
<status status="PASS" starttime="20240518 12:40:12.688" endtime="20240518 12:40:12.689"/>
</kw>
<kw name="Log" library="BuiltIn">
<arg>${RESPOSTA.json()}</arg>
<doc>Logs the given message with the given level.</doc>
<msg timestamp="20240518 12:40:12.690" level="INFO">{'message': 'Cadastro realizado com sucesso', '_id': 'N8u1MDzu17vzZOiO'}</msg>
<status status="PASS" starttime="20240518 12:40:12.689" endtime="20240518 12:40:12.690"/>
</kw>
<status status="PASS" starttime="20240518 12:40:12.675" endtime="20240518 12:40:12.690"/>
</kw>
<kw name="Set Test Variable" library="BuiltIn">
<arg>${id}</arg>
<arg>${RESPOSTA.json()}[_id]</arg>
<doc>Makes a variable available everywhere within the scope of the current test.</doc>
<msg timestamp="20240518 12:40:12.692" level="INFO">${id} = N8u1MDzu17vzZOiO</msg>
<status status="PASS" starttime="20240518 12:40:12.690" endtime="20240518 12:40:12.692"/>
</kw>
<status status="PASS" starttime="20240518 12:40:12.672" endtime="20240518 12:40:12.692"/>
</kw>
<status status="PASS" starttime="20240518 12:40:12.671" endtime="20240518 12:40:12.692"/>
</kw>
<kw name="Quando enviar uma requisição Put" library="put_produtos">
<arg>${FakeNome}${FakerValor}</arg>
<arg>1010</arg>
<arg>Teste Automation</arg>
<arg>${FakerValor}</arg>
<kw name="Factory New Produtos" library="produtos_fac">
<var>${bodyPostProd}</var>
<arg>cnome=${cnome}</arg>
<arg>cpreco=${cpreco}</arg>
<arg>cdescricao=${cdescricao}</arg>
<arg>cquantidade=${cquantidade}</arg>
<kw name="Create Dictionary" library="BuiltIn">
<var>${produtos}</var>
<doc>Creates and returns a dictionary based on the given ``items``.</doc>
<msg timestamp="20240518 12:40:12.697" level="INFO">${produtos} = {}</msg>
<status status="PASS" starttime="20240518 12:40:12.697" endtime="20240518 12:40:12.697"/>
</kw>
<kw name="Run Keyword If" library="BuiltIn">
<arg>"${cnome}" != 'None'</arg>
<arg>Set To Dictionary</arg>
<arg>${produtos}</arg>
<arg>nome</arg>
<arg>${cnome}</arg>
<doc>Runs the given keyword with the given arguments, if ``condition`` is true.</doc>
<kw name="Set To Dictionary" library="Collections">
<arg>${produtos}</arg>
<arg>nome</arg>
<arg>${cnome}</arg>
<doc>Adds the given ``key_value_pairs`` and/or ``items`` to the ``dictionary``.</doc>
<status status="PASS" starttime="20240518 12:40:12.698" endtime="20240518 12:40:12.699"/>
</kw>
<status status="PASS" starttime="20240518 12:40:12.698" endtime="20240518 12:40:12.699"/>
</kw>
<kw name="Run Keyword If" library="BuiltIn">
<arg>"${cpreco}" != "None"</arg>
<arg>Set To Dictionary</arg>
<arg>${produtos}</arg>
<arg>preco</arg>
<arg>${cpreco}</arg>
<doc>Runs the given keyword with the given arguments, if ``condition`` is true.</doc>
<kw name="Set To Dictionary" library="Collections">
<arg>${produtos}</arg>
<arg>preco</arg>
<arg>${cpreco}</arg>
<doc>Adds the given ``key_value_pairs`` and/or ``items`` to the ``dictionary``.</doc>
<status status="PASS" starttime="20240518 12:40:12.700" endtime="20240518 12:40:12.700"/>
</kw>
<status status="PASS" starttime="20240518 12:40:12.699" endtime="20240518 12:40:12.700"/>
</kw>
<kw name="Run Keyword If" library="BuiltIn">
<arg>"${cdescricao}" != "None"</arg>
<arg>Set To Dictionary</arg>
<arg>${produtos}</arg>
<arg>descricao</arg>
<arg>${cdescricao}</arg>
<doc>Runs the given keyword with the given arguments, if ``condition`` is true.</doc>
<kw name="Set To Dictionary" library="Collections">
<arg>${produtos}</arg>
<arg>descricao</arg>
<arg>${cdescricao}</arg>
<doc>Adds the given ``key_value_pairs`` and/or ``items`` to the ``dictionary``.</doc>
<status status="PASS" starttime="20240518 12:40:12.701" endtime="20240518 12:40:12.701"/>
</kw>
<status status="PASS" starttime="20240518 12:40:12.700" endtime="20240518 12:40:12.701"/>
</kw>
<kw name="Run Keyword If" library="BuiltIn">
<arg>"${cquantidade}" != "None"</arg>
<arg>Set To Dictionary</arg>
<arg>${produtos}</arg>
<arg>quantidade</arg>
<arg>${cquantidade}</arg>
<doc>Runs the given keyword with the given arguments, if ``condition`` is true.</doc>
<kw name="Set To Dictionary" library="Collections">
<arg>${produtos}</arg>
<arg>quantidade</arg>
<arg>${cquantidade}</arg>
<doc>Adds the given ``key_value_pairs`` and/or ``items`` to the ``dictionary``.</doc>
<status status="PASS" starttime="20240518 12:40:12.701" endtime="20240518 12:40:12.702"/>
</kw>
<status status="PASS" starttime="20240518 12:40:12.701" endtime="20240518 12:40:12.702"/>
</kw>
<msg timestamp="20240518 12:40:12.702" level="INFO">${bodyPostProd} = {'nome': 'Tonya Reyes DDS798', 'preco': '1010', 'descricao': 'Teste Automation', 'quantidade': '798'}</msg>
<status status="PASS" starttime="20240518 12:40:12.696" endtime="20240518 12:40:12.702"/>
</kw>
<kw name="Log" library="BuiltIn">
<arg>${bodyPostProd}</arg>
<doc>Logs the given message with the given level.</doc>
<msg timestamp="20240518 12:40:12.702" level="INFO">{'nome': 'Tonya Reyes DDS798', 'preco': '1010', 'descricao': 'Teste Automation', 'quantidade': '798'}</msg>
<status status="PASS" starttime="20240518 12:40:12.702" endtime="20240518 12:40:12.702"/>
</kw>
<kw name="HeadersAuth" library="services">
<kw name="Create Dictionary" library="BuiltIn">
<var>${headersAuth}</var>
<arg>Authorization=${token}</arg>
<doc>Creates and returns a dictionary based on the given ``items``.</doc>
<msg timestamp="20240518 12:40:12.703" level="INFO">${headersAuth} = {'Authorization': 'Bearer eyJhbGciOiJIUzI1NiIsInR5cCI6IkpXVCJ9.eyJlbWFpbCI6Ikpvc2VhdWd1c3RvMTBAcWEuY29tIiwicGFzc3dvcmQiOiIwNTEwNDkiLCJpYXQiOjE3MTYwNDY4MTIsImV4cCI6MTcxNjA0NzQxMn0.DT_8vN9g_YlwSLQtiiDPv...</msg>
<status status="PASS" starttime="20240518 12:40:12.703" endtime="20240518 12:40:12.703"/>
</kw>
<kw name="Set Test Variable" library="BuiltIn">
<arg>${headersAuth}</arg>
<doc>Makes a variable available everywhere within the scope of the current test.</doc>
<msg timestamp="20240518 12:40:12.703" level="INFO">${headersAuth} = {'Authorization': 'Bearer eyJhbGciOiJIUzI1NiIsInR5cCI6IkpXVCJ9.eyJlbWFpbCI6Ikpvc2VhdWd1c3RvMTBAcWEuY29tIiwicGFzc3dvcmQiOiIwNTEwNDkiLCJpYXQiOjE3MTYwNDY4MTIsImV4cCI6MTcxNjA0NzQxMn0.DT_8vN9g_YlwSLQtiiDPv...</msg>
<status status="PASS" starttime="20240518 12:40:12.703" endtime="20240518 12:40:12.703"/>
</kw>
<status status="PASS" starttime="20240518 12:40:12.702" endtime="20240518 12:40:12.703"/>
</kw>
<kw name="Set Variable" library="BuiltIn">
<var>${nome}</var>
<arg>${bodyPostProd['nome']}</arg>
<doc>Returns the given values which can then be assigned to a variables.</doc>
<msg timestamp="20240518 12:40:12.704" level="INFO">${nome} = Tonya Reyes DDS798</msg>
<status status="PASS" starttime="20240518 12:40:12.704" endtime="20240518 12:40:12.704"/>
</kw>
<kw name="Put in" library="services">
<var>${RESPOSTA}</var>
<arg>/produtos</arg>
<arg>${headersAuth}</arg>
<arg>${bodyPostProd}</arg>
<arg>${id}</arg>
<kw name="PUT" library="RequestsLibrary">
<var>${response}</var>
<arg>${base_url}${endpoint}/${id}</arg>
<arg>json=${body}</arg>
<arg>headers=${headers}</arg>
<doc>Sends a PUT request.</doc>
<msg timestamp="20240518 12:40:12.713" level="INFO">PUT Request : url=http://localhost:3000/produtos/N8u1MDzu17vzZOiO 
 path_url=/produtos/N8u1MDzu17vzZOiO 
 headers={'User-Agent': 'python-requests/2.31.0', 'Accept-Encoding': 'gzip, deflate', 'Accept': '*/*', 'Connection': 'keep-alive', 'Authorization': 'Bearer eyJhbGciOiJIUzI1NiIsInR5cCI6IkpXVCJ9.eyJlbWFpbCI6Ikpvc2VhdWd1c3RvMTBAcWEuY29tIiwicGFzc3dvcmQiOiIwNTEwNDkiLCJpYXQiOjE3MTYwNDY4MTIsImV4cCI6MTcxNjA0NzQxMn0.DT_8vN9g_YlwSLQtiiDPvnMrL9bH_2bqpOyTA8wvVlc', 'Content-Length': '101', 'Content-Type': 'application/json'} 
 body=b'{"nome": "Tonya Reyes DDS798", "preco": "1010", "descricao": "Teste Automation", "quantidade": "798"}' 
 </msg>
<msg timestamp="20240518 12:40:12.714" level="INFO">PUT Response : url=http://localhost:3000/produtos/N8u1MDzu17vzZOiO 
 status=200, reason=OK 
 headers={'Access-Control-Allow-Origin': '*', 'x-dns-prefetch-control': 'off', 'x-frame-options': 'SAMEORIGIN', 'strict-transport-security': 'max-age=15552000; includeSubDomains', 'x-download-options': 'noopen', 'x-content-type-options': 'nosniff', 'x-xss-protection': '1; mode=block', 'x-moesif-transaction-id': 'a3578775-5289-483e-809d-1ee07c7820d6', 'Content-Type': 'application/json; charset=utf-8', 'Content-Length': '50', 'Date': 'Sat, 18 May 2024 15:40:12 GMT', 'Connection': 'keep-alive', 'Keep-Alive': 'timeout=5'} 
 body={
    "message": "Registro alterado com sucesso"
} 
 </msg>
<msg timestamp="20240518 12:40:12.714" level="INFO">${response} = &lt;Response [200]&gt;</msg>
<status status="PASS" starttime="20240518 12:40:12.704" endtime="20240518 12:40:12.714"/>
</kw>
<msg timestamp="20240518 12:40:12.714" level="INFO">${RESPOSTA} = &lt;Response [200]&gt;</msg>
<status status="PASS" starttime="20240518 12:40:12.704" endtime="20240518 12:40:12.714"/>
</kw>
<kw name="Set Test Variable" library="BuiltIn">
<arg>${RESPOSTA}</arg>
<doc>Makes a variable available everywhere within the scope of the current test.</doc>
<msg timestamp="20240518 12:40:12.714" level="INFO">${RESPOSTA} = &lt;Response [200]&gt;</msg>
<status status="PASS" starttime="20240518 12:40:12.714" endtime="20240518 12:40:12.714"/>
</kw>
<kw name="Set Test Variable" library="BuiltIn">
<arg>${nome}</arg>
<doc>Makes a variable available everywhere within the scope of the current test.</doc>
<msg timestamp="20240518 12:40:12.715" level="INFO">${nome} = Tonya Reyes DDS798</msg>
<status status="PASS" starttime="20240518 12:40:12.714" endtime="20240518 12:40:12.715"/>
</kw>
<kw name="Log" library="BuiltIn">
<arg>${RESPOSTA.json()}</arg>
<doc>Logs the given message with the given level.</doc>
<msg timestamp="20240518 12:40:12.715" level="INFO">{'message': 'Registro alterado com sucesso'}</msg>
<status status="PASS" starttime="20240518 12:40:12.715" endtime="20240518 12:40:12.715"/>
</kw>
<status status="PASS" starttime="20240518 12:40:12.695" endtime="20240518 12:40:12.715"/>
</kw>
<kw name="Então ira visuazilar o Status Code" library="get_produtos">
<arg>200</arg>
<kw name="Should Be Equal As Strings" library="BuiltIn">
<arg>${RESPOSTA.status_code}</arg>
<arg>${statusCode}</arg>
<doc>Fails if objects are unequal after converting them to strings.</doc>
<msg timestamp="20240518 12:40:12.718" level="INFO">Argument types are:
&lt;class 'int'&gt;
&lt;class 'str'&gt;</msg>
<status status="PASS" starttime="20240518 12:40:12.716" endtime="20240518 12:40:12.718"/>
</kw>
<status status="PASS" starttime="20240518 12:40:12.716" endtime="20240518 12:40:12.718"/>
</kw>
<kw name="E verificar a mensagem de validação" library="post_produtos">
<arg>Registro alterado com sucesso</arg>
<kw name="Should Be Equal As Strings" library="BuiltIn">
<arg>${RESPOSTA.json()}[message]</arg>
<arg>${mensagem}</arg>
<doc>Fails if objects are unequal after converting them to strings.</doc>
<status status="PASS" starttime="20240518 12:40:12.719" endtime="20240518 12:40:12.719"/>
</kw>
<status status="PASS" starttime="20240518 12:40:12.719" endtime="20240518 12:40:12.719"/>
</kw>
<kw name="Excluir produto por nome" library="services">
<arg>${nome}</arg>
<kw name="Get in" library="services">
<var>${getResposta}</var>
<arg>/produtos/?nome=${parametros}</arg>
<kw name="GET" library="RequestsLibrary">
<var>${response}</var>
<arg>${base_url}${endpoint}</arg>
<arg>headers=${headersLogin}</arg>
<doc>Sends a GET request.</doc>
<msg timestamp="20240518 12:40:12.727" level="INFO">GET Request : url=http://localhost:3000/produtos/?nome=Tonya%20Reyes%20DDS798 
 path_url=/produtos/?nome=Tonya%20Reyes%20DDS798 
 headers={'User-Agent': 'python-requests/2.31.0', 'Accept-Encoding': 'gzip, deflate', 'accept': 'application/json', 'Connection': 'keep-alive', 'Content-Type': 'application/json'} 
 body=None 
 </msg>
<msg timestamp="20240518 12:40:12.728" level="INFO">GET Response : url=http://localhost:3000/produtos/?nome=Tonya%20Reyes%20DDS798 
 status=200, reason=OK 
 headers={'Access-Control-Allow-Origin': '*', 'x-dns-prefetch-control': 'off', 'x-frame-options': 'SAMEORIGIN', 'strict-transport-security': 'max-age=15552000; includeSubDomains', 'x-download-options': 'noopen', 'x-content-type-options': 'nosniff', 'x-xss-protection': '1; mode=block', 'x-moesif-transaction-id': '83e893fe-5b78-46dc-85b8-e8aa1df9dbaa', 'Content-Type': 'application/json; charset=utf-8', 'Content-Length': '251', 'Date': 'Sat, 18 May 2024 15:40:12 GMT', 'Connection': 'keep-alive', 'Keep-Alive': 'timeout=5'} 
 body={
    "quantidade": 1,
    "produtos": [
        {
            "nome": "Tonya Reyes DDS798",
            "preco": 1010,
            "descricao": "Teste Automation",
            "quantidade": 798,
            "_id": "N8u1MDzu17vzZOiO"
        }
    ]
} 
 </msg>
<msg timestamp="20240518 12:40:12.728" level="INFO">${response} = &lt;Response [200]&gt;</msg>
<status status="PASS" starttime="20240518 12:40:12.720" endtime="20240518 12:40:12.728"/>
</kw>
<msg timestamp="20240518 12:40:12.728" level="INFO">${getResposta} = &lt;Response [200]&gt;</msg>
<status status="PASS" starttime="20240518 12:40:12.720" endtime="20240518 12:40:12.728"/>
</kw>
<kw name="Convert To String" library="BuiltIn">
<var>${id}</var>
<arg>${getResposta.json()}[produtos][0][_id]</arg>
<doc>Converts the given item to a Unicode string.</doc>
<msg timestamp="20240518 12:40:12.729" level="INFO">${id} = N8u1MDzu17vzZOiO</msg>
<status status="PASS" starttime="20240518 12:40:12.728" endtime="20240518 12:40:12.729"/>
</kw>
<kw name="Set Test Variable" library="BuiltIn">
<arg>${id}</arg>
<doc>Makes a variable available everywhere within the scope of the current test.</doc>
<msg timestamp="20240518 12:40:12.730" level="INFO">${id} = N8u1MDzu17vzZOiO</msg>
<status status="PASS" starttime="20240518 12:40:12.730" endtime="20240518 12:40:12.730"/>
</kw>
<kw name="Delete in" library="services">
<var>${RESPOSTA_DEL}</var>
<arg>/produtos</arg>
<arg>${headersAuth}</arg>
<arg>${id}</arg>
<kw name="DELETE" library="RequestsLibrary">
<var>${response}</var>
<arg>${base_url}${endpoint}/${id}</arg>
<arg>headers=${headers}</arg>
<doc>Sends a DELETE request.</doc>
<msg timestamp="20240518 12:40:12.738" level="INFO">DELETE Request : url=http://localhost:3000/produtos/N8u1MDzu17vzZOiO 
 path_url=/produtos/N8u1MDzu17vzZOiO 
 headers={'User-Agent': 'python-requests/2.31.0', 'Accept-Encoding': 'gzip, deflate', 'Accept': '*/*', 'Connection': 'keep-alive', 'Authorization': 'Bearer eyJhbGciOiJIUzI1NiIsInR5cCI6IkpXVCJ9.eyJlbWFpbCI6Ikpvc2VhdWd1c3RvMTBAcWEuY29tIiwicGFzc3dvcmQiOiIwNTEwNDkiLCJpYXQiOjE3MTYwNDY4MTIsImV4cCI6MTcxNjA0NzQxMn0.DT_8vN9g_YlwSLQtiiDPvnMrL9bH_2bqpOyTA8wvVlc', 'Content-Length': '0'} 
 body=None 
 </msg>
<msg timestamp="20240518 12:40:12.738" level="INFO">DELETE Response : url=http://localhost:3000/produtos/N8u1MDzu17vzZOiO 
 status=200, reason=OK 
 headers={'Access-Control-Allow-Origin': '*', 'x-dns-prefetch-control': 'off', 'x-frame-options': 'SAMEORIGIN', 'strict-transport-security': 'max-age=15552000; includeSubDomains', 'x-download-options': 'noopen', 'x-content-type-options': 'nosniff', 'x-xss-protection': '1; mode=block', 'x-moesif-transaction-id': '29b4756b-f38d-4f02-a846-d3729077c14b', 'Content-Type': 'application/json; charset=utf-8', 'Content-Length': '51', 'Date': 'Sat, 18 May 2024 15:40:12 GMT', 'Connection': 'keep-alive', 'Keep-Alive': 'timeout=5'} 
 body={
    "message": "Registro excluído com sucesso"
} 
 </msg>
<msg timestamp="20240518 12:40:12.738" level="INFO">${response} = &lt;Response [200]&gt;</msg>
<status status="PASS" starttime="20240518 12:40:12.731" endtime="20240518 12:40:12.738"/>
</kw>
<msg timestamp="20240518 12:40:12.738" level="INFO">${RESPOSTA_DEL} = &lt;Response [200]&gt;</msg>
<status status="PASS" starttime="20240518 12:40:12.730" endtime="20240518 12:40:12.738"/>
</kw>
<status status="PASS" starttime="20240518 12:40:12.720" endtime="20240518 12:40:12.739"/>
</kw>
<status status="PASS" starttime="20240518 12:40:12.661" endtime="20240518 12:40:12.739"/>
</test>
<doc>Documentacao do POST da API: ServeRest</doc>
<status status="PASS" starttime="20240518 12:40:12.539" endtime="20240518 12:40:12.740"/>
</suite>
<status status="PASS" starttime="20240518 12:40:11.520" endtime="20240518 12:40:12.741"/>
</suite>
<statistics>
<total>
<stat pass="16" fail="0" skip="0">All Tests</stat>
</total>
<tag>
</tag>
<suite>
<stat pass="16" fail="0" skip="0" id="s1" name="Features">Features</stat>
<stat pass="2" fail="0" skip="0" id="s1-s1" name="Delete Produtos">Features.Delete Produtos</stat>
<stat pass="2" fail="0" skip="0" id="s1-s2" name="Get Produtos">Features.Get Produtos</stat>
<stat pass="1" fail="0" skip="0" id="s1-s3" name="Login">Features.Login</stat>
<stat pass="10" fail="0" skip="0" id="s1-s4" name="Post Produtos">Features.Post Produtos</stat>
<stat pass="1" fail="0" skip="0" id="s1-s5" name="Put Produtos">Features.Put Produtos</stat>
</suite>
</statistics>
<errors>
</errors>
</robot>
