<?xml version="1.0" encoding="UTF-8"?>
<robot generator="Robot 6.1.1 (Python 3.12.3 on win32)" generated="20240525 02:51:15.373" rpa="false" schemaversion="4">
<suite id="s1" name="03 - Post Produtos" source="C:\ProjetosC\serveRest-robot\features\03 - post_produtos.robot">
<kw name="Token" library="services" type="SETUP">
<kw name="Conectar a API" library="services">
<arg>/login</arg>
<kw name="Create Session" library="RequestsLibrary">
<arg>apiServeRest</arg>
<arg>${base_url}</arg>
<arg>${headersLogin}</arg>
<doc>Create Session: create a HTTP session to a server</doc>
<msg timestamp="20240525 02:51:16.105" level="INFO">Creating Session using : alias=apiServeRest, url=https://serverest.dev, headers={'accept': 'application/json', 'Content-Type': 'application/json'},                     cookies={}, auth=None, timeout=None, proxies=None, verify=False,                     debug=0 </msg>
<status status="PASS" starttime="20240525 02:51:16.105" endtime="20240525 02:51:16.106"/>
</kw>
<status status="PASS" starttime="20240525 02:51:16.105" endtime="20240525 02:51:16.106"/>
</kw>
<kw name="Quando entrar com usuario e senha" library="login">
<kw name="Post in" library="services">
<var>${RESPOSTA}</var>
<arg>/login</arg>
<arg>${bodyLOGIN}</arg>
<kw name="POST" library="RequestsLibrary">
<var>${response}</var>
<arg>${base_url}${endpoint}</arg>
<arg>json=${body}</arg>
<arg>headers=${headersLogin}</arg>
<doc>Sends a POST request.</doc>
<msg timestamp="20240525 02:51:17.164" level="INFO">POST Request : url=https://serverest.dev/login 
 path_url=/login 
 headers={'User-Agent': 'python-requests/2.31.0', 'Accept-Encoding': 'gzip, deflate', 'accept': 'application/json', 'Connection': 'keep-alive', 'Content-Type': 'application/json', 'Content-Length': '54'} 
 body=b'{"email": "sandroteste@qa.com", "password": "testeQA"}' 
 </msg>
<msg timestamp="20240525 02:51:17.164" level="INFO">POST Response : url=https://serverest.dev/login 
 status=200, reason=OK 
 headers={'access-control-allow-origin': '*', 'x-dns-prefetch-control': 'off', 'x-frame-options': 'SAMEORIGIN', 'strict-transport-security': 'max-age=15552000; includeSubDomains', 'x-download-options': 'noopen', 'x-content-type-options': 'nosniff', 'x-xss-protection': '1; mode=block', 'content-type': 'application/json; charset=utf-8', 'X-Cloud-Trace-Context': '4152055e0a1b1a0a89ba6239269aade4;o=1', 'Date': 'Sat, 25 May 2024 05:51:17 GMT', 'Server': 'Google Frontend', 'Content-Length': '275'} 
 body={
    "message": "Login realizado com sucesso",
    "authorization": "Bearer eyJhbGciOiJIUzI1NiIsInR5cCI6IkpXVCJ9.eyJlbWFpbCI6InNhbmRyb3Rlc3RlQHFhLmNvbSIsInBhc3N3b3JkIjoidGVzdGVRQSIsImlhdCI6MTcxNjYxNjI3NywiZXhwIjoxNzE2NjE2ODc3fQ.7Px2XjFB-awYHjDi6xGh6ZMQbyKG0-PtNcMQyTxOX2U"
} 
 </msg>
<msg timestamp="20240525 02:51:17.164" level="INFO">${response} = &lt;Response [200]&gt;</msg>
<status status="PASS" starttime="20240525 02:51:16.106" endtime="20240525 02:51:17.165"/>
</kw>
<msg timestamp="20240525 02:51:17.165" level="INFO">${RESPOSTA} = &lt;Response [200]&gt;</msg>
<status status="PASS" starttime="20240525 02:51:16.106" endtime="20240525 02:51:17.165"/>
</kw>
<kw name="Convert To String" library="BuiltIn">
<var>${token}</var>
<arg>${RESPOSTA.json()}[authorization]</arg>
<doc>Converts the given item to a Unicode string.</doc>
<msg timestamp="20240525 02:51:17.167" level="INFO">${token} = Bearer eyJhbGciOiJIUzI1NiIsInR5cCI6IkpXVCJ9.eyJlbWFpbCI6InNhbmRyb3Rlc3RlQHFhLmNvbSIsInBhc3N3b3JkIjoidGVzdGVRQSIsImlhdCI6MTcxNjYxNjI3NywiZXhwIjoxNzE2NjE2ODc3fQ.7Px2XjFB-awYHjDi6xGh6ZMQbyKG0-PtNcMQyTxOX...</msg>
<status status="PASS" starttime="20240525 02:51:17.165" endtime="20240525 02:51:17.167"/>
</kw>
<kw name="Set Global Variable" library="BuiltIn">
<arg>${token}</arg>
<doc>Makes a variable available globally in all tests and suites.</doc>
<msg timestamp="20240525 02:51:17.168" level="INFO">${token} = Bearer eyJhbGciOiJIUzI1NiIsInR5cCI6IkpXVCJ9.eyJlbWFpbCI6InNhbmRyb3Rlc3RlQHFhLmNvbSIsInBhc3N3b3JkIjoidGVzdGVRQSIsImlhdCI6MTcxNjYxNjI3NywiZXhwIjoxNzE2NjE2ODc3fQ.7Px2XjFB-awYHjDi6xGh6ZMQbyKG0-PtNcMQyTxOX...</msg>
<status status="PASS" starttime="20240525 02:51:17.168" endtime="20240525 02:51:17.168"/>
</kw>
<kw name="Set Global Variable" library="BuiltIn">
<arg>${RESPOSTA}</arg>
<doc>Makes a variable available globally in all tests and suites.</doc>
<msg timestamp="20240525 02:51:17.169" level="INFO">${RESPOSTA} = &lt;Response [200]&gt;</msg>
<status status="PASS" starttime="20240525 02:51:17.169" endtime="20240525 02:51:17.169"/>
</kw>
<status status="PASS" starttime="20240525 02:51:16.106" endtime="20240525 02:51:17.170"/>
</kw>
<status status="PASS" starttime="20240525 02:51:16.105" endtime="20240525 02:51:17.170"/>
</kw>
<test id="s1-t1" name="Cadastrar Produto com sucesso" line="8">
<kw name="Fakers" library="Utils">
<kw name="Name" library="FakerLibrary">
<var>${FakeNome}</var>
<doc>:example: 'John Doe'</doc>
<msg timestamp="20240525 02:51:17.174" level="INFO">${FakeNome} = Karen Smith MD</msg>
<status status="PASS" starttime="20240525 02:51:17.173" endtime="20240525 02:51:17.174"/>
</kw>
<kw name="Set Test Variable" library="BuiltIn">
<arg>${FakeNome}</arg>
<doc>Makes a variable available everywhere within the scope of the current test.</doc>
<msg timestamp="20240525 02:51:17.175" level="INFO">${FakeNome} = Karen Smith MD</msg>
<status status="PASS" starttime="20240525 02:51:17.174" endtime="20240525 02:51:17.175"/>
</kw>
<kw name="Email" library="FakerLibrary">
<var>${FakeEmail}</var>
<msg timestamp="20240525 02:51:17.176" level="INFO">${FakeEmail} = jeffery31@example.org</msg>
<status status="PASS" starttime="20240525 02:51:17.175" endtime="20240525 02:51:17.176"/>
</kw>
<kw name="Set Test Variable" library="BuiltIn">
<arg>${FakeEmail}</arg>
<doc>Makes a variable available everywhere within the scope of the current test.</doc>
<msg timestamp="20240525 02:51:17.177" level="INFO">${FakeEmail} = jeffery31@example.org</msg>
<status status="PASS" starttime="20240525 02:51:17.176" endtime="20240525 02:51:17.177"/>
</kw>
<kw name="Numerify" library="FakerLibrary">
<var>${compSenha}</var>
<arg>text=##</arg>
<doc>Generate a string with each placeholder in ``text`` replaced according
to the following rules:</doc>
<msg timestamp="20240525 02:51:17.178" level="INFO">${compSenha} = 15</msg>
<status status="PASS" starttime="20240525 02:51:17.177" endtime="20240525 02:51:17.178"/>
</kw>
<kw name="Catenate" library="BuiltIn">
<var>${FakeSenha}</var>
<arg>Seubarriga</arg>
<arg>${compSenha}</arg>
<doc>Catenates the given items together and returns the resulted string.</doc>
<msg timestamp="20240525 02:51:17.178" level="INFO">${FakeSenha} = Seubarriga 15</msg>
<status status="PASS" starttime="20240525 02:51:17.178" endtime="20240525 02:51:17.178"/>
</kw>
<kw name="Set Test Variable" library="BuiltIn">
<arg>${FakeSenha}</arg>
<doc>Makes a variable available everywhere within the scope of the current test.</doc>
<msg timestamp="20240525 02:51:17.179" level="INFO">${FakeSenha} = Seubarriga 15</msg>
<status status="PASS" starttime="20240525 02:51:17.179" endtime="20240525 02:51:17.179"/>
</kw>
<kw name="Sentence" library="FakerLibrary">
<var>${FakerDescricao}</var>
<doc>Generate a sentence.</doc>
<msg timestamp="20240525 02:51:17.180" level="INFO">${FakerDescricao} = Stage stuff job turn accept million manager.</msg>
<status status="PASS" starttime="20240525 02:51:17.179" endtime="20240525 02:51:17.180"/>
</kw>
<kw name="Set Test Variable" library="BuiltIn">
<arg>${FakerDescricao}</arg>
<doc>Makes a variable available everywhere within the scope of the current test.</doc>
<msg timestamp="20240525 02:51:17.181" level="INFO">${FakerDescricao} = Stage stuff job turn accept million manager.</msg>
<status status="PASS" starttime="20240525 02:51:17.180" endtime="20240525 02:51:17.181"/>
</kw>
<kw name="Numerify" library="FakerLibrary">
<var>${FakerValor}</var>
<doc>Generate a string with each placeholder in ``text`` replaced according
to the following rules:</doc>
<msg timestamp="20240525 02:51:17.181" level="INFO">${FakerValor} = 962</msg>
<status status="PASS" starttime="20240525 02:51:17.181" endtime="20240525 02:51:17.182"/>
</kw>
<kw name="Set Test Variable" library="BuiltIn">
<arg>${FakerValor}</arg>
<doc>Makes a variable available everywhere within the scope of the current test.</doc>
<msg timestamp="20240525 02:51:17.182" level="INFO">${FakerValor} = 962</msg>
<status status="PASS" starttime="20240525 02:51:17.182" endtime="20240525 02:51:17.182"/>
</kw>
<status status="PASS" starttime="20240525 02:51:17.172" endtime="20240525 02:51:17.183"/>
</kw>
<kw name="Quando enviar uma requisição Post" library="post_produtos">
<arg>${token}</arg>
<arg>${FakeNome}${FakerValor}</arg>
<arg>1010</arg>
<arg>Teste Automation</arg>
<arg>1049</arg>
<kw name="Factory New Produtos" library="produtos_fac">
<var>${bodyPostProd}</var>
<arg>cnome=${cnome}</arg>
<arg>cpreco=${cpreco}</arg>
<arg>cdescricao=${cdescricao}</arg>
<arg>cquantidade=${cquantidade}</arg>
<kw name="Create Dictionary" library="BuiltIn">
<var>${produtos}</var>
<doc>Creates and returns a dictionary based on the given ``items``.</doc>
<msg timestamp="20240525 02:51:17.187" level="INFO">${produtos} = {}</msg>
<status status="PASS" starttime="20240525 02:51:17.186" endtime="20240525 02:51:17.187"/>
</kw>
<kw name="Run Keyword If" library="BuiltIn">
<arg>"${cnome}" != 'None'</arg>
<arg>Set To Dictionary</arg>
<arg>${produtos}</arg>
<arg>nome</arg>
<arg>${cnome}</arg>
<doc>Runs the given keyword with the given arguments, if ``condition`` is true.</doc>
<kw name="Set To Dictionary" library="Collections">
<arg>${produtos}</arg>
<arg>nome</arg>
<arg>${cnome}</arg>
<doc>Adds the given ``key_value_pairs`` and/or ``items`` to the ``dictionary``.</doc>
<status status="PASS" starttime="20240525 02:51:17.188" endtime="20240525 02:51:17.189"/>
</kw>
<status status="PASS" starttime="20240525 02:51:17.187" endtime="20240525 02:51:17.189"/>
</kw>
<kw name="Run Keyword If" library="BuiltIn">
<arg>"${cpreco}" != "None"</arg>
<arg>Set To Dictionary</arg>
<arg>${produtos}</arg>
<arg>preco</arg>
<arg>${cpreco}</arg>
<doc>Runs the given keyword with the given arguments, if ``condition`` is true.</doc>
<kw name="Set To Dictionary" library="Collections">
<arg>${produtos}</arg>
<arg>preco</arg>
<arg>${cpreco}</arg>
<doc>Adds the given ``key_value_pairs`` and/or ``items`` to the ``dictionary``.</doc>
<status status="PASS" starttime="20240525 02:51:17.190" endtime="20240525 02:51:17.190"/>
</kw>
<status status="PASS" starttime="20240525 02:51:17.189" endtime="20240525 02:51:17.190"/>
</kw>
<kw name="Run Keyword If" library="BuiltIn">
<arg>"${cdescricao}" != "None"</arg>
<arg>Set To Dictionary</arg>
<arg>${produtos}</arg>
<arg>descricao</arg>
<arg>${cdescricao}</arg>
<doc>Runs the given keyword with the given arguments, if ``condition`` is true.</doc>
<kw name="Set To Dictionary" library="Collections">
<arg>${produtos}</arg>
<arg>descricao</arg>
<arg>${cdescricao}</arg>
<doc>Adds the given ``key_value_pairs`` and/or ``items`` to the ``dictionary``.</doc>
<status status="PASS" starttime="20240525 02:51:17.191" endtime="20240525 02:51:17.191"/>
</kw>
<status status="PASS" starttime="20240525 02:51:17.190" endtime="20240525 02:51:17.191"/>
</kw>
<kw name="Run Keyword If" library="BuiltIn">
<arg>"${cquantidade}" != "None"</arg>
<arg>Set To Dictionary</arg>
<arg>${produtos}</arg>
<arg>quantidade</arg>
<arg>${cquantidade}</arg>
<doc>Runs the given keyword with the given arguments, if ``condition`` is true.</doc>
<kw name="Set To Dictionary" library="Collections">
<arg>${produtos}</arg>
<arg>quantidade</arg>
<arg>${cquantidade}</arg>
<doc>Adds the given ``key_value_pairs`` and/or ``items`` to the ``dictionary``.</doc>
<status status="PASS" starttime="20240525 02:51:17.192" endtime="20240525 02:51:17.193"/>
</kw>
<status status="PASS" starttime="20240525 02:51:17.192" endtime="20240525 02:51:17.193"/>
</kw>
<msg timestamp="20240525 02:51:17.193" level="INFO">${bodyPostProd} = {'nome': 'Karen Smith MD962', 'preco': '1010', 'descricao': 'Teste Automation', 'quantidade': '1049'}</msg>
<status status="PASS" starttime="20240525 02:51:17.185" endtime="20240525 02:51:17.193"/>
</kw>
<kw name="Log" library="BuiltIn">
<arg>${bodyPostProd}</arg>
<doc>Logs the given message with the given level.</doc>
<msg timestamp="20240525 02:51:17.194" level="INFO">{'nome': 'Karen Smith MD962', 'preco': '1010', 'descricao': 'Teste Automation', 'quantidade': '1049'}</msg>
<status status="PASS" starttime="20240525 02:51:17.193" endtime="20240525 02:51:17.194"/>
</kw>
<kw name="HeadersAuth" library="services">
<arg>${token}</arg>
<kw name="Create Dictionary" library="BuiltIn">
<var>${headersAuth}</var>
<arg>Authorization=${token}</arg>
<doc>Creates and returns a dictionary based on the given ``items``.</doc>
<msg timestamp="20240525 02:51:17.196" level="INFO">${headersAuth} = {'Authorization': 'Bearer eyJhbGciOiJIUzI1NiIsInR5cCI6IkpXVCJ9.eyJlbWFpbCI6InNhbmRyb3Rlc3RlQHFhLmNvbSIsInBhc3N3b3JkIjoidGVzdGVRQSIsImlhdCI6MTcxNjYxNjI3NywiZXhwIjoxNzE2NjE2ODc3fQ.7Px2XjFB-awYHjDi6xGh6Z...</msg>
<status status="PASS" starttime="20240525 02:51:17.195" endtime="20240525 02:51:17.196"/>
</kw>
<kw name="Set Test Variable" library="BuiltIn">
<arg>${headersAuth}</arg>
<doc>Makes a variable available everywhere within the scope of the current test.</doc>
<msg timestamp="20240525 02:51:17.196" level="INFO">${headersAuth} = {'Authorization': 'Bearer eyJhbGciOiJIUzI1NiIsInR5cCI6IkpXVCJ9.eyJlbWFpbCI6InNhbmRyb3Rlc3RlQHFhLmNvbSIsInBhc3N3b3JkIjoidGVzdGVRQSIsImlhdCI6MTcxNjYxNjI3NywiZXhwIjoxNzE2NjE2ODc3fQ.7Px2XjFB-awYHjDi6xGh6Z...</msg>
<status status="PASS" starttime="20240525 02:51:17.196" endtime="20240525 02:51:17.196"/>
</kw>
<status status="PASS" starttime="20240525 02:51:17.194" endtime="20240525 02:51:17.197"/>
</kw>
<kw name="Post Cadastrar" library="services">
<var>${RESPOSTA}</var>
<arg>/produtos</arg>
<arg>${headersAuth}</arg>
<arg>${bodyPostProd}</arg>
<kw name="POST" library="RequestsLibrary">
<var>${response}</var>
<arg>${base_url}${endpoint}</arg>
<arg>json=${body}</arg>
<arg>headers=${headers}</arg>
<arg>expected_status=any</arg>
<doc>Sends a POST request.</doc>
<msg timestamp="20240525 02:51:18.187" level="INFO">POST Request : url=https://serverest.dev/produtos 
 path_url=/produtos 
 headers={'User-Agent': 'python-requests/2.31.0', 'Accept-Encoding': 'gzip, deflate', 'Accept': '*/*', 'Connection': 'keep-alive', 'Authorization': 'Bearer eyJhbGciOiJIUzI1NiIsInR5cCI6IkpXVCJ9.eyJlbWFpbCI6InNhbmRyb3Rlc3RlQHFhLmNvbSIsInBhc3N3b3JkIjoidGVzdGVRQSIsImlhdCI6MTcxNjYxNjI3NywiZXhwIjoxNzE2NjE2ODc3fQ.7Px2XjFB-awYHjDi6xGh6ZMQbyKG0-PtNcMQyTxOX2U', 'Content-Length': '101', 'Content-Type': 'application/json'} 
 body=b'{"nome": "Karen Smith MD962", "preco": "1010", "descricao": "Teste Automation", "quantidade": "1049"}' 
 </msg>
<msg timestamp="20240525 02:51:18.187" level="INFO">POST Response : url=https://serverest.dev/produtos 
 status=201, reason=Created 
 headers={'access-control-allow-origin': '*', 'x-dns-prefetch-control': 'off', 'x-frame-options': 'SAMEORIGIN', 'strict-transport-security': 'max-age=15552000; includeSubDomains', 'x-download-options': 'noopen', 'x-content-type-options': 'nosniff', 'x-xss-protection': '1; mode=block', 'content-type': 'application/json; charset=utf-8', 'X-Cloud-Trace-Context': 'f1fb1cc12f9813589f57fead5abcfbd6', 'Date': 'Sat, 25 May 2024 05:51:18 GMT', 'Server': 'Google Frontend', 'Content-Length': '82'} 
 body={
    "message": "Cadastro realizado com sucesso",
    "_id": "BEONMmnpxyqVdR3X"
} 
 </msg>
<msg timestamp="20240525 02:51:18.188" level="INFO">${response} = &lt;Response [201]&gt;</msg>
<status status="PASS" starttime="20240525 02:51:17.198" endtime="20240525 02:51:18.188"/>
</kw>
<msg timestamp="20240525 02:51:18.188" level="INFO">${RESPOSTA} = &lt;Response [201]&gt;</msg>
<status status="PASS" starttime="20240525 02:51:17.197" endtime="20240525 02:51:18.188"/>
</kw>
<kw name="Set Test Variable" library="BuiltIn">
<arg>${RESPOSTA}</arg>
<doc>Makes a variable available everywhere within the scope of the current test.</doc>
<msg timestamp="20240525 02:51:18.188" level="INFO">${RESPOSTA} = &lt;Response [201]&gt;</msg>
<status status="PASS" starttime="20240525 02:51:18.188" endtime="20240525 02:51:18.188"/>
</kw>
<kw name="Log" library="BuiltIn">
<arg>${RESPOSTA.json()}</arg>
<doc>Logs the given message with the given level.</doc>
<msg timestamp="20240525 02:51:18.189" level="INFO">{'message': 'Cadastro realizado com sucesso', '_id': 'BEONMmnpxyqVdR3X'}</msg>
<status status="PASS" starttime="20240525 02:51:18.189" endtime="20240525 02:51:18.189"/>
</kw>
<status status="PASS" starttime="20240525 02:51:17.184" endtime="20240525 02:51:18.189"/>
</kw>
<kw name="Então ira visuazilar o Status Code" library="get_produtos">
<arg>201</arg>
<kw name="Should Be Equal As Strings" library="BuiltIn">
<arg>${RESPOSTA.status_code}</arg>
<arg>${statusCode}</arg>
<doc>Fails if objects are unequal after converting them to strings.</doc>
<msg timestamp="20240525 02:51:18.191" level="INFO">Argument types are:
&lt;class 'int'&gt;
&lt;class 'str'&gt;</msg>
<status status="PASS" starttime="20240525 02:51:18.190" endtime="20240525 02:51:18.191"/>
</kw>
<status status="PASS" starttime="20240525 02:51:18.190" endtime="20240525 02:51:18.191"/>
</kw>
<kw name="E verificar a mensagem de validação" library="post_produtos">
<arg>Cadastro realizado com sucesso</arg>
<kw name="Should Be Equal As Strings" library="BuiltIn">
<arg>${RESPOSTA.json()}[message]</arg>
<arg>${mensagem}</arg>
<doc>Fails if objects are unequal after converting them to strings.</doc>
<status status="PASS" starttime="20240525 02:51:18.192" endtime="20240525 02:51:18.193"/>
</kw>
<status status="PASS" starttime="20240525 02:51:18.192" endtime="20240525 02:51:18.193"/>
</kw>
<kw name="Excluir Produto" library="services">
<kw name="Set Test Variable" library="BuiltIn">
<arg>${id}</arg>
<arg>${RESPOSTA.json()}[_id]</arg>
<doc>Makes a variable available everywhere within the scope of the current test.</doc>
<msg timestamp="20240525 02:51:18.195" level="INFO">${id} = BEONMmnpxyqVdR3X</msg>
<status status="PASS" starttime="20240525 02:51:18.194" endtime="20240525 02:51:18.195"/>
</kw>
<kw name="Quando enviar uma requisição pra excluir um produto" library="delete_produtos">
<arg>${token}</arg>
<kw name="HeadersAuth" library="services">
<arg>${token}</arg>
<kw name="Create Dictionary" library="BuiltIn">
<var>${headersAuth}</var>
<arg>Authorization=${token}</arg>
<doc>Creates and returns a dictionary based on the given ``items``.</doc>
<msg timestamp="20240525 02:51:18.197" level="INFO">${headersAuth} = {'Authorization': 'Bearer eyJhbGciOiJIUzI1NiIsInR5cCI6IkpXVCJ9.eyJlbWFpbCI6InNhbmRyb3Rlc3RlQHFhLmNvbSIsInBhc3N3b3JkIjoidGVzdGVRQSIsImlhdCI6MTcxNjYxNjI3NywiZXhwIjoxNzE2NjE2ODc3fQ.7Px2XjFB-awYHjDi6xGh6Z...</msg>
<status status="PASS" starttime="20240525 02:51:18.196" endtime="20240525 02:51:18.197"/>
</kw>
<kw name="Set Test Variable" library="BuiltIn">
<arg>${headersAuth}</arg>
<doc>Makes a variable available everywhere within the scope of the current test.</doc>
<msg timestamp="20240525 02:51:18.197" level="INFO">${headersAuth} = {'Authorization': 'Bearer eyJhbGciOiJIUzI1NiIsInR5cCI6IkpXVCJ9.eyJlbWFpbCI6InNhbmRyb3Rlc3RlQHFhLmNvbSIsInBhc3N3b3JkIjoidGVzdGVRQSIsImlhdCI6MTcxNjYxNjI3NywiZXhwIjoxNzE2NjE2ODc3fQ.7Px2XjFB-awYHjDi6xGh6Z...</msg>
<status status="PASS" starttime="20240525 02:51:18.197" endtime="20240525 02:51:18.197"/>
</kw>
<status status="PASS" starttime="20240525 02:51:18.196" endtime="20240525 02:51:18.197"/>
</kw>
<kw name="Delete in" library="services">
<var>${RESPOSTA}</var>
<arg>/produtos</arg>
<arg>${headersAuth}</arg>
<arg>${id}</arg>
<kw name="DELETE" library="RequestsLibrary">
<var>${response}</var>
<arg>${base_url}${endpoint}/${id}</arg>
<arg>headers=${headers}</arg>
<arg>expected_status=any</arg>
<doc>Sends a DELETE request.</doc>
<msg timestamp="20240525 02:51:19.108" level="INFO">DELETE Request : url=https://serverest.dev/produtos/BEONMmnpxyqVdR3X 
 path_url=/produtos/BEONMmnpxyqVdR3X 
 headers={'User-Agent': 'python-requests/2.31.0', 'Accept-Encoding': 'gzip, deflate', 'Accept': '*/*', 'Connection': 'keep-alive', 'Authorization': 'Bearer eyJhbGciOiJIUzI1NiIsInR5cCI6IkpXVCJ9.eyJlbWFpbCI6InNhbmRyb3Rlc3RlQHFhLmNvbSIsInBhc3N3b3JkIjoidGVzdGVRQSIsImlhdCI6MTcxNjYxNjI3NywiZXhwIjoxNzE2NjE2ODc3fQ.7Px2XjFB-awYHjDi6xGh6ZMQbyKG0-PtNcMQyTxOX2U', 'Content-Length': '0'} 
 body=None 
 </msg>
<msg timestamp="20240525 02:51:19.109" level="INFO">DELETE Response : url=https://serverest.dev/produtos/BEONMmnpxyqVdR3X 
 status=200, reason=OK 
 headers={'access-control-allow-origin': '*', 'x-dns-prefetch-control': 'off', 'x-frame-options': 'SAMEORIGIN', 'strict-transport-security': 'max-age=15552000; includeSubDomains', 'x-download-options': 'noopen', 'x-content-type-options': 'nosniff', 'x-xss-protection': '1; mode=block', 'content-type': 'application/json; charset=utf-8', 'X-Cloud-Trace-Context': '070a6d4112c281ce066a1344c919ddb0', 'Date': 'Sat, 25 May 2024 05:51:19 GMT', 'Server': 'Google Frontend', 'Content-Length': '51'} 
 body={
    "message": "Registro excluído com sucesso"
} 
 </msg>
<msg timestamp="20240525 02:51:19.109" level="INFO">${response} = &lt;Response [200]&gt;</msg>
<status status="PASS" starttime="20240525 02:51:18.198" endtime="20240525 02:51:19.109"/>
</kw>
<msg timestamp="20240525 02:51:19.109" level="INFO">${RESPOSTA} = &lt;Response [200]&gt;</msg>
<status status="PASS" starttime="20240525 02:51:18.197" endtime="20240525 02:51:19.109"/>
</kw>
<kw name="Set Test Variable" library="BuiltIn">
<arg>${RESPOSTA}</arg>
<doc>Makes a variable available everywhere within the scope of the current test.</doc>
<msg timestamp="20240525 02:51:19.110" level="INFO">${RESPOSTA} = &lt;Response [200]&gt;</msg>
<status status="PASS" starttime="20240525 02:51:19.110" endtime="20240525 02:51:19.110"/>
</kw>
<kw name="Log" library="BuiltIn">
<arg>${RESPOSTA.json()}</arg>
<doc>Logs the given message with the given level.</doc>
<msg timestamp="20240525 02:51:19.113" level="INFO">{'message': 'Registro excluído com sucesso'}</msg>
<status status="PASS" starttime="20240525 02:51:19.111" endtime="20240525 02:51:19.113"/>
</kw>
<status status="PASS" starttime="20240525 02:51:18.196" endtime="20240525 02:51:19.113"/>
</kw>
<status status="PASS" starttime="20240525 02:51:18.194" endtime="20240525 02:51:19.113"/>
</kw>
<kw name="E verificar a mensagem de exclusão" library="delete_produtos">
<arg>Registro excluído com sucesso</arg>
<kw name="Should Be Equal" library="BuiltIn">
<arg>${RESPOSTA.json()}[message]</arg>
<arg>${mensagem}</arg>
<doc>Fails if the given objects are unequal.</doc>
<status status="PASS" starttime="20240525 02:51:19.115" endtime="20240525 02:51:19.117"/>
</kw>
<status status="PASS" starttime="20240525 02:51:19.114" endtime="20240525 02:51:19.117"/>
</kw>
<status status="PASS" starttime="20240525 02:51:17.170" endtime="20240525 02:51:19.118"/>
</test>
<test id="s1-t2" name="Cadastrar Produto sem o Token" line="16">
<kw name="Quando enviar uma requisição Post" library="post_produtos">
<arg>${EMPTY}</arg>
<arg>${FakeNome}${FakerValor}</arg>
<arg>1010</arg>
<arg>Teste Automation</arg>
<arg>1049</arg>
<kw name="Factory New Produtos" library="produtos_fac">
<var>${bodyPostProd}</var>
<arg>cnome=${cnome}</arg>
<arg>cpreco=${cpreco}</arg>
<arg>cdescricao=${cdescricao}</arg>
<arg>cquantidade=${cquantidade}</arg>
<kw name="Create Dictionary" library="BuiltIn">
<var>${produtos}</var>
<doc>Creates and returns a dictionary based on the given ``items``.</doc>
<msg timestamp="20240525 02:51:19.126" level="INFO">${produtos} = {}</msg>
<status status="PASS" starttime="20240525 02:51:19.125" endtime="20240525 02:51:19.126"/>
</kw>
<kw name="Run Keyword If" library="BuiltIn">
<arg>"${cnome}" != 'None'</arg>
<arg>Set To Dictionary</arg>
<arg>${produtos}</arg>
<arg>nome</arg>
<arg>${cnome}</arg>
<doc>Runs the given keyword with the given arguments, if ``condition`` is true.</doc>
<kw name="Set To Dictionary" library="Collections">
<arg>${produtos}</arg>
<arg>nome</arg>
<arg>${cnome}</arg>
<doc>Adds the given ``key_value_pairs`` and/or ``items`` to the ``dictionary``.</doc>
<status status="PASS" starttime="20240525 02:51:19.127" endtime="20240525 02:51:19.128"/>
</kw>
<status status="PASS" starttime="20240525 02:51:19.126" endtime="20240525 02:51:19.128"/>
</kw>
<kw name="Run Keyword If" library="BuiltIn">
<arg>"${cpreco}" != "None"</arg>
<arg>Set To Dictionary</arg>
<arg>${produtos}</arg>
<arg>preco</arg>
<arg>${cpreco}</arg>
<doc>Runs the given keyword with the given arguments, if ``condition`` is true.</doc>
<kw name="Set To Dictionary" library="Collections">
<arg>${produtos}</arg>
<arg>preco</arg>
<arg>${cpreco}</arg>
<doc>Adds the given ``key_value_pairs`` and/or ``items`` to the ``dictionary``.</doc>
<status status="PASS" starttime="20240525 02:51:19.129" endtime="20240525 02:51:19.130"/>
</kw>
<status status="PASS" starttime="20240525 02:51:19.128" endtime="20240525 02:51:19.130"/>
</kw>
<kw name="Run Keyword If" library="BuiltIn">
<arg>"${cdescricao}" != "None"</arg>
<arg>Set To Dictionary</arg>
<arg>${produtos}</arg>
<arg>descricao</arg>
<arg>${cdescricao}</arg>
<doc>Runs the given keyword with the given arguments, if ``condition`` is true.</doc>
<kw name="Set To Dictionary" library="Collections">
<arg>${produtos}</arg>
<arg>descricao</arg>
<arg>${cdescricao}</arg>
<doc>Adds the given ``key_value_pairs`` and/or ``items`` to the ``dictionary``.</doc>
<status status="PASS" starttime="20240525 02:51:19.131" endtime="20240525 02:51:19.131"/>
</kw>
<status status="PASS" starttime="20240525 02:51:19.130" endtime="20240525 02:51:19.131"/>
</kw>
<kw name="Run Keyword If" library="BuiltIn">
<arg>"${cquantidade}" != "None"</arg>
<arg>Set To Dictionary</arg>
<arg>${produtos}</arg>
<arg>quantidade</arg>
<arg>${cquantidade}</arg>
<doc>Runs the given keyword with the given arguments, if ``condition`` is true.</doc>
<kw name="Set To Dictionary" library="Collections">
<arg>${produtos}</arg>
<arg>quantidade</arg>
<arg>${cquantidade}</arg>
<doc>Adds the given ``key_value_pairs`` and/or ``items`` to the ``dictionary``.</doc>
<status status="PASS" starttime="20240525 02:51:19.132" endtime="20240525 02:51:19.133"/>
</kw>
<status status="PASS" starttime="20240525 02:51:19.132" endtime="20240525 02:51:19.133"/>
</kw>
<msg timestamp="20240525 02:51:19.133" level="INFO">${bodyPostProd} = {'nome': '', 'preco': '1010', 'descricao': 'Teste Automation', 'quantidade': '1049'}</msg>
<status status="PASS" starttime="20240525 02:51:19.124" endtime="20240525 02:51:19.133"/>
</kw>
<kw name="Log" library="BuiltIn">
<arg>${bodyPostProd}</arg>
<doc>Logs the given message with the given level.</doc>
<msg timestamp="20240525 02:51:19.134" level="INFO">{'nome': '', 'preco': '1010', 'descricao': 'Teste Automation', 'quantidade': '1049'}</msg>
<status status="PASS" starttime="20240525 02:51:19.134" endtime="20240525 02:51:19.135"/>
</kw>
<kw name="HeadersAuth" library="services">
<arg>${token}</arg>
<kw name="Create Dictionary" library="BuiltIn">
<var>${headersAuth}</var>
<arg>Authorization=${token}</arg>
<doc>Creates and returns a dictionary based on the given ``items``.</doc>
<msg timestamp="20240525 02:51:19.136" level="INFO">${headersAuth} = {'Authorization': ''}</msg>
<status status="PASS" starttime="20240525 02:51:19.136" endtime="20240525 02:51:19.137"/>
</kw>
<kw name="Set Test Variable" library="BuiltIn">
<arg>${headersAuth}</arg>
<doc>Makes a variable available everywhere within the scope of the current test.</doc>
<msg timestamp="20240525 02:51:19.137" level="INFO">${headersAuth} = {'Authorization': ''}</msg>
<status status="PASS" starttime="20240525 02:51:19.137" endtime="20240525 02:51:19.137"/>
</kw>
<status status="PASS" starttime="20240525 02:51:19.135" endtime="20240525 02:51:19.138"/>
</kw>
<kw name="Post Cadastrar" library="services">
<var>${RESPOSTA}</var>
<arg>/produtos</arg>
<arg>${headersAuth}</arg>
<arg>${bodyPostProd}</arg>
<kw name="POST" library="RequestsLibrary">
<var>${response}</var>
<arg>${base_url}${endpoint}</arg>
<arg>json=${body}</arg>
<arg>headers=${headers}</arg>
<arg>expected_status=any</arg>
<doc>Sends a POST request.</doc>
<msg timestamp="20240525 02:51:20.047" level="INFO">POST Request : url=https://serverest.dev/produtos 
 path_url=/produtos 
 headers={'User-Agent': 'python-requests/2.31.0', 'Accept-Encoding': 'gzip, deflate', 'Accept': '*/*', 'Connection': 'keep-alive', 'Authorization': '', 'Content-Length': '84', 'Content-Type': 'application/json'} 
 body=b'{"nome": "", "preco": "1010", "descricao": "Teste Automation", "quantidade": "1049"}' 
 </msg>
<msg timestamp="20240525 02:51:20.048" level="INFO">POST Response : url=https://serverest.dev/produtos 
 status=401, reason=Unauthorized 
 headers={'access-control-allow-origin': '*', 'x-dns-prefetch-control': 'off', 'x-frame-options': 'SAMEORIGIN', 'strict-transport-security': 'max-age=15552000; includeSubDomains', 'x-download-options': 'noopen', 'x-content-type-options': 'nosniff', 'x-xss-protection': '1; mode=block', 'content-type': 'application/json; charset=utf-8', 'X-Cloud-Trace-Context': '01928b74ea609eb96dd3e79ff48d744e', 'Date': 'Sat, 25 May 2024 05:51:20 GMT', 'Server': 'Google Frontend', 'Content-Length': '103'} 
 body={
    "message": "Token de acesso ausente, inválido, expirado ou usuário do token não existe mais"
} 
 </msg>
<msg timestamp="20240525 02:51:20.048" level="INFO">${response} = &lt;Response [401]&gt;</msg>
<status status="PASS" starttime="20240525 02:51:19.139" endtime="20240525 02:51:20.048"/>
</kw>
<msg timestamp="20240525 02:51:20.048" level="INFO">${RESPOSTA} = &lt;Response [401]&gt;</msg>
<status status="PASS" starttime="20240525 02:51:19.138" endtime="20240525 02:51:20.048"/>
</kw>
<kw name="Set Test Variable" library="BuiltIn">
<arg>${RESPOSTA}</arg>
<doc>Makes a variable available everywhere within the scope of the current test.</doc>
<msg timestamp="20240525 02:51:20.048" level="INFO">${RESPOSTA} = &lt;Response [401]&gt;</msg>
<status status="PASS" starttime="20240525 02:51:20.048" endtime="20240525 02:51:20.049"/>
</kw>
<kw name="Log" library="BuiltIn">
<arg>${RESPOSTA.json()}</arg>
<doc>Logs the given message with the given level.</doc>
<msg timestamp="20240525 02:51:20.049" level="INFO">{'message': 'Token de acesso ausente, inválido, expirado ou usuário do token não existe mais'}</msg>
<status status="PASS" starttime="20240525 02:51:20.049" endtime="20240525 02:51:20.049"/>
</kw>
<status status="PASS" starttime="20240525 02:51:19.122" endtime="20240525 02:51:20.050"/>
</kw>
<kw name="Então ira visuazilar o Status Code" library="get_produtos">
<arg>401</arg>
<kw name="Should Be Equal As Strings" library="BuiltIn">
<arg>${RESPOSTA.status_code}</arg>
<arg>${statusCode}</arg>
<doc>Fails if objects are unequal after converting them to strings.</doc>
<msg timestamp="20240525 02:51:20.051" level="INFO">Argument types are:
&lt;class 'int'&gt;
&lt;class 'str'&gt;</msg>
<status status="PASS" starttime="20240525 02:51:20.051" endtime="20240525 02:51:20.051"/>
</kw>
<status status="PASS" starttime="20240525 02:51:20.050" endtime="20240525 02:51:20.051"/>
</kw>
<kw name="E verificar a mensagem de validação" library="post_produtos">
<arg>Token de acesso ausente, inválido, expirado ou usuário do token não existe mais</arg>
<kw name="Should Be Equal As Strings" library="BuiltIn">
<arg>${RESPOSTA.json()}[message]</arg>
<arg>${mensagem}</arg>
<doc>Fails if objects are unequal after converting them to strings.</doc>
<status status="PASS" starttime="20240525 02:51:20.053" endtime="20240525 02:51:20.054"/>
</kw>
<status status="PASS" starttime="20240525 02:51:20.053" endtime="20240525 02:51:20.054"/>
</kw>
<status status="PASS" starttime="20240525 02:51:19.121" endtime="20240525 02:51:20.055"/>
</test>
<test id="s1-t3" name="Cadastro Protudo com Token Invalido" line="21">
<kw name="Quando enviar uma requisição Post" library="post_produtos">
<arg>token_invalido</arg>
<arg>${FakeNome}${FakerValor}</arg>
<arg>1010</arg>
<arg>Teste Automation</arg>
<arg>1049</arg>
<kw name="Factory New Produtos" library="produtos_fac">
<var>${bodyPostProd}</var>
<arg>cnome=${cnome}</arg>
<arg>cpreco=${cpreco}</arg>
<arg>cdescricao=${cdescricao}</arg>
<arg>cquantidade=${cquantidade}</arg>
<kw name="Create Dictionary" library="BuiltIn">
<var>${produtos}</var>
<doc>Creates and returns a dictionary based on the given ``items``.</doc>
<msg timestamp="20240525 02:51:20.059" level="INFO">${produtos} = {}</msg>
<status status="PASS" starttime="20240525 02:51:20.058" endtime="20240525 02:51:20.059"/>
</kw>
<kw name="Run Keyword If" library="BuiltIn">
<arg>"${cnome}" != 'None'</arg>
<arg>Set To Dictionary</arg>
<arg>${produtos}</arg>
<arg>nome</arg>
<arg>${cnome}</arg>
<doc>Runs the given keyword with the given arguments, if ``condition`` is true.</doc>
<kw name="Set To Dictionary" library="Collections">
<arg>${produtos}</arg>
<arg>nome</arg>
<arg>${cnome}</arg>
<doc>Adds the given ``key_value_pairs`` and/or ``items`` to the ``dictionary``.</doc>
<status status="PASS" starttime="20240525 02:51:20.059" endtime="20240525 02:51:20.059"/>
</kw>
<status status="PASS" starttime="20240525 02:51:20.059" endtime="20240525 02:51:20.060"/>
</kw>
<kw name="Run Keyword If" library="BuiltIn">
<arg>"${cpreco}" != "None"</arg>
<arg>Set To Dictionary</arg>
<arg>${produtos}</arg>
<arg>preco</arg>
<arg>${cpreco}</arg>
<doc>Runs the given keyword with the given arguments, if ``condition`` is true.</doc>
<kw name="Set To Dictionary" library="Collections">
<arg>${produtos}</arg>
<arg>preco</arg>
<arg>${cpreco}</arg>
<doc>Adds the given ``key_value_pairs`` and/or ``items`` to the ``dictionary``.</doc>
<status status="PASS" starttime="20240525 02:51:20.060" endtime="20240525 02:51:20.060"/>
</kw>
<status status="PASS" starttime="20240525 02:51:20.060" endtime="20240525 02:51:20.060"/>
</kw>
<kw name="Run Keyword If" library="BuiltIn">
<arg>"${cdescricao}" != "None"</arg>
<arg>Set To Dictionary</arg>
<arg>${produtos}</arg>
<arg>descricao</arg>
<arg>${cdescricao}</arg>
<doc>Runs the given keyword with the given arguments, if ``condition`` is true.</doc>
<kw name="Set To Dictionary" library="Collections">
<arg>${produtos}</arg>
<arg>descricao</arg>
<arg>${cdescricao}</arg>
<doc>Adds the given ``key_value_pairs`` and/or ``items`` to the ``dictionary``.</doc>
<status status="PASS" starttime="20240525 02:51:20.061" endtime="20240525 02:51:20.061"/>
</kw>
<status status="PASS" starttime="20240525 02:51:20.060" endtime="20240525 02:51:20.061"/>
</kw>
<kw name="Run Keyword If" library="BuiltIn">
<arg>"${cquantidade}" != "None"</arg>
<arg>Set To Dictionary</arg>
<arg>${produtos}</arg>
<arg>quantidade</arg>
<arg>${cquantidade}</arg>
<doc>Runs the given keyword with the given arguments, if ``condition`` is true.</doc>
<kw name="Set To Dictionary" library="Collections">
<arg>${produtos}</arg>
<arg>quantidade</arg>
<arg>${cquantidade}</arg>
<doc>Adds the given ``key_value_pairs`` and/or ``items`` to the ``dictionary``.</doc>
<status status="PASS" starttime="20240525 02:51:20.062" endtime="20240525 02:51:20.062"/>
</kw>
<status status="PASS" starttime="20240525 02:51:20.061" endtime="20240525 02:51:20.062"/>
</kw>
<msg timestamp="20240525 02:51:20.062" level="INFO">${bodyPostProd} = {'nome': '', 'preco': '1010', 'descricao': 'Teste Automation', 'quantidade': '1049'}</msg>
<status status="PASS" starttime="20240525 02:51:20.058" endtime="20240525 02:51:20.062"/>
</kw>
<kw name="Log" library="BuiltIn">
<arg>${bodyPostProd}</arg>
<doc>Logs the given message with the given level.</doc>
<msg timestamp="20240525 02:51:20.063" level="INFO">{'nome': '', 'preco': '1010', 'descricao': 'Teste Automation', 'quantidade': '1049'}</msg>
<status status="PASS" starttime="20240525 02:51:20.062" endtime="20240525 02:51:20.063"/>
</kw>
<kw name="HeadersAuth" library="services">
<arg>${token}</arg>
<kw name="Create Dictionary" library="BuiltIn">
<var>${headersAuth}</var>
<arg>Authorization=${token}</arg>
<doc>Creates and returns a dictionary based on the given ``items``.</doc>
<msg timestamp="20240525 02:51:20.064" level="INFO">${headersAuth} = {'Authorization': 'token_invalido'}</msg>
<status status="PASS" starttime="20240525 02:51:20.063" endtime="20240525 02:51:20.064"/>
</kw>
<kw name="Set Test Variable" library="BuiltIn">
<arg>${headersAuth}</arg>
<doc>Makes a variable available everywhere within the scope of the current test.</doc>
<msg timestamp="20240525 02:51:20.064" level="INFO">${headersAuth} = {'Authorization': 'token_invalido'}</msg>
<status status="PASS" starttime="20240525 02:51:20.064" endtime="20240525 02:51:20.064"/>
</kw>
<status status="PASS" starttime="20240525 02:51:20.063" endtime="20240525 02:51:20.064"/>
</kw>
<kw name="Post Cadastrar" library="services">
<var>${RESPOSTA}</var>
<arg>/produtos</arg>
<arg>${headersAuth}</arg>
<arg>${bodyPostProd}</arg>
<kw name="POST" library="RequestsLibrary">
<var>${response}</var>
<arg>${base_url}${endpoint}</arg>
<arg>json=${body}</arg>
<arg>headers=${headers}</arg>
<arg>expected_status=any</arg>
<doc>Sends a POST request.</doc>
<msg timestamp="20240525 02:51:21.054" level="INFO">POST Request : url=https://serverest.dev/produtos 
 path_url=/produtos 
 headers={'User-Agent': 'python-requests/2.31.0', 'Accept-Encoding': 'gzip, deflate', 'Accept': '*/*', 'Connection': 'keep-alive', 'Authorization': 'token_invalido', 'Content-Length': '84', 'Content-Type': 'application/json'} 
 body=b'{"nome": "", "preco": "1010", "descricao": "Teste Automation", "quantidade": "1049"}' 
 </msg>
<msg timestamp="20240525 02:51:21.054" level="INFO">POST Response : url=https://serverest.dev/produtos 
 status=401, reason=Unauthorized 
 headers={'access-control-allow-origin': '*', 'x-dns-prefetch-control': 'off', 'x-frame-options': 'SAMEORIGIN', 'strict-transport-security': 'max-age=15552000; includeSubDomains', 'x-download-options': 'noopen', 'x-content-type-options': 'nosniff', 'x-xss-protection': '1; mode=block', 'content-type': 'application/json; charset=utf-8', 'X-Cloud-Trace-Context': '5990c0654061215cbef27bd525c3dfb5', 'Date': 'Sat, 25 May 2024 05:51:21 GMT', 'Server': 'Google Frontend', 'Content-Length': '103'} 
 body={
    "message": "Token de acesso ausente, inválido, expirado ou usuário do token não existe mais"
} 
 </msg>
<msg timestamp="20240525 02:51:21.055" level="INFO">${response} = &lt;Response [401]&gt;</msg>
<status status="PASS" starttime="20240525 02:51:20.065" endtime="20240525 02:51:21.055"/>
</kw>
<msg timestamp="20240525 02:51:21.055" level="INFO">${RESPOSTA} = &lt;Response [401]&gt;</msg>
<status status="PASS" starttime="20240525 02:51:20.064" endtime="20240525 02:51:21.055"/>
</kw>
<kw name="Set Test Variable" library="BuiltIn">
<arg>${RESPOSTA}</arg>
<doc>Makes a variable available everywhere within the scope of the current test.</doc>
<msg timestamp="20240525 02:51:21.056" level="INFO">${RESPOSTA} = &lt;Response [401]&gt;</msg>
<status status="PASS" starttime="20240525 02:51:21.055" endtime="20240525 02:51:21.056"/>
</kw>
<kw name="Log" library="BuiltIn">
<arg>${RESPOSTA.json()}</arg>
<doc>Logs the given message with the given level.</doc>
<msg timestamp="20240525 02:51:21.058" level="INFO">{'message': 'Token de acesso ausente, inválido, expirado ou usuário do token não existe mais'}</msg>
<status status="PASS" starttime="20240525 02:51:21.056" endtime="20240525 02:51:21.058"/>
</kw>
<status status="PASS" starttime="20240525 02:51:20.057" endtime="20240525 02:51:21.058"/>
</kw>
<kw name="Então ira visuazilar o Status Code" library="get_produtos">
<arg>401</arg>
<kw name="Should Be Equal As Strings" library="BuiltIn">
<arg>${RESPOSTA.status_code}</arg>
<arg>${statusCode}</arg>
<doc>Fails if objects are unequal after converting them to strings.</doc>
<msg timestamp="20240525 02:51:21.061" level="INFO">Argument types are:
&lt;class 'int'&gt;
&lt;class 'str'&gt;</msg>
<status status="PASS" starttime="20240525 02:51:21.060" endtime="20240525 02:51:21.061"/>
</kw>
<status status="PASS" starttime="20240525 02:51:21.059" endtime="20240525 02:51:21.061"/>
</kw>
<kw name="E verificar a mensagem de validação" library="post_produtos">
<arg>Token de acesso ausente, inválido, expirado ou usuário do token não existe mais</arg>
<kw name="Should Be Equal As Strings" library="BuiltIn">
<arg>${RESPOSTA.json()}[message]</arg>
<arg>${mensagem}</arg>
<doc>Fails if objects are unequal after converting them to strings.</doc>
<status status="PASS" starttime="20240525 02:51:21.063" endtime="20240525 02:51:21.066"/>
</kw>
<status status="PASS" starttime="20240525 02:51:21.063" endtime="20240525 02:51:21.066"/>
</kw>
<status status="PASS" starttime="20240525 02:51:20.056" endtime="20240525 02:51:21.067"/>
</test>
<test id="s1-t4" name="Validar Produto duplicado" line="26">
<kw name="Cadastro duplicado" library="services">
<arg>${token}</arg>
<arg>Testes Robot 10</arg>
<arg>1010</arg>
<arg>Teste Automation</arg>
<arg>1049</arg>
<kw name="Factory New Produtos" library="produtos_fac">
<var>${bodyPostProd}</var>
<arg>cnome=${cnome}</arg>
<arg>cpreco=${cpreco}</arg>
<arg>cdescricao=${cdescricao}</arg>
<arg>cquantidade=${cquantidade}</arg>
<kw name="Create Dictionary" library="BuiltIn">
<var>${produtos}</var>
<doc>Creates and returns a dictionary based on the given ``items``.</doc>
<msg timestamp="20240525 02:51:21.073" level="INFO">${produtos} = {}</msg>
<status status="PASS" starttime="20240525 02:51:21.073" endtime="20240525 02:51:21.073"/>
</kw>
<kw name="Run Keyword If" library="BuiltIn">
<arg>"${cnome}" != 'None'</arg>
<arg>Set To Dictionary</arg>
<arg>${produtos}</arg>
<arg>nome</arg>
<arg>${cnome}</arg>
<doc>Runs the given keyword with the given arguments, if ``condition`` is true.</doc>
<kw name="Set To Dictionary" library="Collections">
<arg>${produtos}</arg>
<arg>nome</arg>
<arg>${cnome}</arg>
<doc>Adds the given ``key_value_pairs`` and/or ``items`` to the ``dictionary``.</doc>
<status status="PASS" starttime="20240525 02:51:21.074" endtime="20240525 02:51:21.075"/>
</kw>
<status status="PASS" starttime="20240525 02:51:21.074" endtime="20240525 02:51:21.075"/>
</kw>
<kw name="Run Keyword If" library="BuiltIn">
<arg>"${cpreco}" != "None"</arg>
<arg>Set To Dictionary</arg>
<arg>${produtos}</arg>
<arg>preco</arg>
<arg>${cpreco}</arg>
<doc>Runs the given keyword with the given arguments, if ``condition`` is true.</doc>
<kw name="Set To Dictionary" library="Collections">
<arg>${produtos}</arg>
<arg>preco</arg>
<arg>${cpreco}</arg>
<doc>Adds the given ``key_value_pairs`` and/or ``items`` to the ``dictionary``.</doc>
<status status="PASS" starttime="20240525 02:51:21.076" endtime="20240525 02:51:21.076"/>
</kw>
<status status="PASS" starttime="20240525 02:51:21.075" endtime="20240525 02:51:21.076"/>
</kw>
<kw name="Run Keyword If" library="BuiltIn">
<arg>"${cdescricao}" != "None"</arg>
<arg>Set To Dictionary</arg>
<arg>${produtos}</arg>
<arg>descricao</arg>
<arg>${cdescricao}</arg>
<doc>Runs the given keyword with the given arguments, if ``condition`` is true.</doc>
<kw name="Set To Dictionary" library="Collections">
<arg>${produtos}</arg>
<arg>descricao</arg>
<arg>${cdescricao}</arg>
<doc>Adds the given ``key_value_pairs`` and/or ``items`` to the ``dictionary``.</doc>
<status status="PASS" starttime="20240525 02:51:21.077" endtime="20240525 02:51:21.078"/>
</kw>
<status status="PASS" starttime="20240525 02:51:21.077" endtime="20240525 02:51:21.078"/>
</kw>
<kw name="Run Keyword If" library="BuiltIn">
<arg>"${cquantidade}" != "None"</arg>
<arg>Set To Dictionary</arg>
<arg>${produtos}</arg>
<arg>quantidade</arg>
<arg>${cquantidade}</arg>
<doc>Runs the given keyword with the given arguments, if ``condition`` is true.</doc>
<kw name="Set To Dictionary" library="Collections">
<arg>${produtos}</arg>
<arg>quantidade</arg>
<arg>${cquantidade}</arg>
<doc>Adds the given ``key_value_pairs`` and/or ``items`` to the ``dictionary``.</doc>
<status status="PASS" starttime="20240525 02:51:21.078" endtime="20240525 02:51:21.079"/>
</kw>
<status status="PASS" starttime="20240525 02:51:21.078" endtime="20240525 02:51:21.079"/>
</kw>
<msg timestamp="20240525 02:51:21.079" level="INFO">${bodyPostProd} = {'nome': 'Testes Robot 10', 'preco': '1010', 'descricao': 'Teste Automation', 'quantidade': '1049'}</msg>
<status status="PASS" starttime="20240525 02:51:21.072" endtime="20240525 02:51:21.079"/>
</kw>
<kw name="Log" library="BuiltIn">
<arg>${bodyPostProd}</arg>
<doc>Logs the given message with the given level.</doc>
<msg timestamp="20240525 02:51:21.080" level="INFO">{'nome': 'Testes Robot 10', 'preco': '1010', 'descricao': 'Teste Automation', 'quantidade': '1049'}</msg>
<status status="PASS" starttime="20240525 02:51:21.080" endtime="20240525 02:51:21.080"/>
</kw>
<kw name="HeadersAuth" library="services">
<arg>${token}</arg>
<kw name="Create Dictionary" library="BuiltIn">
<var>${headersAuth}</var>
<arg>Authorization=${token}</arg>
<doc>Creates and returns a dictionary based on the given ``items``.</doc>
<msg timestamp="20240525 02:51:21.082" level="INFO">${headersAuth} = {'Authorization': 'Bearer eyJhbGciOiJIUzI1NiIsInR5cCI6IkpXVCJ9.eyJlbWFpbCI6InNhbmRyb3Rlc3RlQHFhLmNvbSIsInBhc3N3b3JkIjoidGVzdGVRQSIsImlhdCI6MTcxNjYxNjI3NywiZXhwIjoxNzE2NjE2ODc3fQ.7Px2XjFB-awYHjDi6xGh6Z...</msg>
<status status="PASS" starttime="20240525 02:51:21.081" endtime="20240525 02:51:21.082"/>
</kw>
<kw name="Set Test Variable" library="BuiltIn">
<arg>${headersAuth}</arg>
<doc>Makes a variable available everywhere within the scope of the current test.</doc>
<msg timestamp="20240525 02:51:21.083" level="INFO">${headersAuth} = {'Authorization': 'Bearer eyJhbGciOiJIUzI1NiIsInR5cCI6IkpXVCJ9.eyJlbWFpbCI6InNhbmRyb3Rlc3RlQHFhLmNvbSIsInBhc3N3b3JkIjoidGVzdGVRQSIsImlhdCI6MTcxNjYxNjI3NywiZXhwIjoxNzE2NjE2ODc3fQ.7Px2XjFB-awYHjDi6xGh6Z...</msg>
<status status="PASS" starttime="20240525 02:51:21.082" endtime="20240525 02:51:21.083"/>
</kw>
<status status="PASS" starttime="20240525 02:51:21.081" endtime="20240525 02:51:21.083"/>
</kw>
<kw name="Post Cadastrar" library="services">
<arg>/produtos</arg>
<arg>${headersAuth}</arg>
<arg>${bodyPostProd}</arg>
<kw name="POST" library="RequestsLibrary">
<var>${response}</var>
<arg>${base_url}${endpoint}</arg>
<arg>json=${body}</arg>
<arg>headers=${headers}</arg>
<arg>expected_status=any</arg>
<doc>Sends a POST request.</doc>
<msg timestamp="20240525 02:51:22.077" level="INFO">POST Request : url=https://serverest.dev/produtos 
 path_url=/produtos 
 headers={'User-Agent': 'python-requests/2.31.0', 'Accept-Encoding': 'gzip, deflate', 'Accept': '*/*', 'Connection': 'keep-alive', 'Authorization': 'Bearer eyJhbGciOiJIUzI1NiIsInR5cCI6IkpXVCJ9.eyJlbWFpbCI6InNhbmRyb3Rlc3RlQHFhLmNvbSIsInBhc3N3b3JkIjoidGVzdGVRQSIsImlhdCI6MTcxNjYxNjI3NywiZXhwIjoxNzE2NjE2ODc3fQ.7Px2XjFB-awYHjDi6xGh6ZMQbyKG0-PtNcMQyTxOX2U', 'Content-Length': '99', 'Content-Type': 'application/json'} 
 body=b'{"nome": "Testes Robot 10", "preco": "1010", "descricao": "Teste Automation", "quantidade": "1049"}' 
 </msg>
<msg timestamp="20240525 02:51:22.078" level="INFO">POST Response : url=https://serverest.dev/produtos 
 status=201, reason=Created 
 headers={'access-control-allow-origin': '*', 'x-dns-prefetch-control': 'off', 'x-frame-options': 'SAMEORIGIN', 'strict-transport-security': 'max-age=15552000; includeSubDomains', 'x-download-options': 'noopen', 'x-content-type-options': 'nosniff', 'x-xss-protection': '1; mode=block', 'content-type': 'application/json; charset=utf-8', 'X-Cloud-Trace-Context': '318540d2c8e2e79b2a436e7c5bea899a', 'Date': 'Sat, 25 May 2024 05:51:22 GMT', 'Server': 'Google Frontend', 'Content-Length': '82'} 
 body={
    "message": "Cadastro realizado com sucesso",
    "_id": "OJKGGZutVkjVVqRF"
} 
 </msg>
<msg timestamp="20240525 02:51:22.081" level="INFO">${response} = &lt;Response [201]&gt;</msg>
<status status="PASS" starttime="20240525 02:51:21.084" endtime="20240525 02:51:22.081"/>
</kw>
<status status="PASS" starttime="20240525 02:51:21.083" endtime="20240525 02:51:22.082"/>
</kw>
<kw name="Post Cadastrar" library="services">
<var>${RESPOSTA}</var>
<arg>/produtos</arg>
<arg>${headersAuth}</arg>
<arg>${bodyPostProd}</arg>
<kw name="POST" library="RequestsLibrary">
<var>${response}</var>
<arg>${base_url}${endpoint}</arg>
<arg>json=${body}</arg>
<arg>headers=${headers}</arg>
<arg>expected_status=any</arg>
<doc>Sends a POST request.</doc>
<msg timestamp="20240525 02:51:23.102" level="INFO">POST Request : url=https://serverest.dev/produtos 
 path_url=/produtos 
 headers={'User-Agent': 'python-requests/2.31.0', 'Accept-Encoding': 'gzip, deflate', 'Accept': '*/*', 'Connection': 'keep-alive', 'Authorization': 'Bearer eyJhbGciOiJIUzI1NiIsInR5cCI6IkpXVCJ9.eyJlbWFpbCI6InNhbmRyb3Rlc3RlQHFhLmNvbSIsInBhc3N3b3JkIjoidGVzdGVRQSIsImlhdCI6MTcxNjYxNjI3NywiZXhwIjoxNzE2NjE2ODc3fQ.7Px2XjFB-awYHjDi6xGh6ZMQbyKG0-PtNcMQyTxOX2U', 'Content-Length': '99', 'Content-Type': 'application/json'} 
 body=b'{"nome": "Testes Robot 10", "preco": "1010", "descricao": "Teste Automation", "quantidade": "1049"}' 
 </msg>
<msg timestamp="20240525 02:51:23.102" level="INFO">POST Response : url=https://serverest.dev/produtos 
 status=400, reason=Bad Request 
 headers={'access-control-allow-origin': '*', 'x-dns-prefetch-control': 'off', 'x-frame-options': 'SAMEORIGIN', 'strict-transport-security': 'max-age=15552000; includeSubDomains', 'x-download-options': 'noopen', 'x-content-type-options': 'nosniff', 'x-xss-protection': '1; mode=block', 'content-type': 'application/json; charset=utf-8', 'X-Cloud-Trace-Context': '8bb22695bc8454b48bd66890c37b9b82', 'Date': 'Sat, 25 May 2024 05:51:23 GMT', 'Server': 'Google Frontend', 'Content-Length': '53'} 
 body={
    "message": "Já existe produto com esse nome"
} 
 </msg>
<msg timestamp="20240525 02:51:23.103" level="INFO">${response} = &lt;Response [400]&gt;</msg>
<status status="PASS" starttime="20240525 02:51:22.083" endtime="20240525 02:51:23.103"/>
</kw>
<msg timestamp="20240525 02:51:23.103" level="INFO">${RESPOSTA} = &lt;Response [400]&gt;</msg>
<status status="PASS" starttime="20240525 02:51:22.082" endtime="20240525 02:51:23.103"/>
</kw>
<kw name="Set Test Variable" library="BuiltIn">
<arg>${RESPOSTA}</arg>
<doc>Makes a variable available everywhere within the scope of the current test.</doc>
<msg timestamp="20240525 02:51:23.104" level="INFO">${RESPOSTA} = &lt;Response [400]&gt;</msg>
<status status="PASS" starttime="20240525 02:51:23.103" endtime="20240525 02:51:23.104"/>
</kw>
<kw name="Log" library="BuiltIn">
<arg>${RESPOSTA.json()}</arg>
<doc>Logs the given message with the given level.</doc>
<msg timestamp="20240525 02:51:23.106" level="INFO">{'message': 'Já existe produto com esse nome'}</msg>
<status status="PASS" starttime="20240525 02:51:23.104" endtime="20240525 02:51:23.106"/>
</kw>
<status status="PASS" starttime="20240525 02:51:21.071" endtime="20240525 02:51:23.106"/>
</kw>
<kw name="Então ira visuazilar o Status Code" library="get_produtos">
<arg>400</arg>
<kw name="Should Be Equal As Strings" library="BuiltIn">
<arg>${RESPOSTA.status_code}</arg>
<arg>${statusCode}</arg>
<doc>Fails if objects are unequal after converting them to strings.</doc>
<msg timestamp="20240525 02:51:23.110" level="INFO">Argument types are:
&lt;class 'int'&gt;
&lt;class 'str'&gt;</msg>
<status status="PASS" starttime="20240525 02:51:23.109" endtime="20240525 02:51:23.110"/>
</kw>
<status status="PASS" starttime="20240525 02:51:23.108" endtime="20240525 02:51:23.110"/>
</kw>
<kw name="E verificar a mensagem de validação" library="post_produtos">
<arg>Já existe produto com esse nome</arg>
<kw name="Should Be Equal As Strings" library="BuiltIn">
<arg>${RESPOSTA.json()}[message]</arg>
<arg>${mensagem}</arg>
<doc>Fails if objects are unequal after converting them to strings.</doc>
<status status="PASS" starttime="20240525 02:51:23.112" endtime="20240525 02:51:23.114"/>
</kw>
<status status="PASS" starttime="20240525 02:51:23.111" endtime="20240525 02:51:23.114"/>
</kw>
<kw name="Excluir produto por nome" library="services">
<arg>Testes Robot 10</arg>
<kw name="Get in" library="services">
<var>${getResposta}</var>
<arg>/produtos/?nome=${parametros}</arg>
<kw name="GET" library="RequestsLibrary">
<var>${response}</var>
<arg>${base_url}${endpoint}</arg>
<arg>headers=${headersLogin}</arg>
<doc>Sends a GET request.</doc>
<msg timestamp="20240525 02:51:24.229" level="INFO">GET Request : url=https://serverest.dev/produtos/?nome=Testes%20Robot%2010 
 path_url=/produtos/?nome=Testes%20Robot%2010 
 headers={'User-Agent': 'python-requests/2.31.0', 'Accept-Encoding': 'gzip, deflate', 'accept': 'application/json', 'Connection': 'keep-alive', 'Content-Type': 'application/json'} 
 body=None 
 </msg>
<msg timestamp="20240525 02:51:24.229" level="INFO">GET Response : url=https://serverest.dev/produtos/?nome=Testes%20Robot%2010 
 status=200, reason=OK 
 headers={'access-control-allow-origin': '*', 'x-dns-prefetch-control': 'off', 'x-frame-options': 'SAMEORIGIN', 'strict-transport-security': 'max-age=15552000; includeSubDomains', 'x-download-options': 'noopen', 'x-content-type-options': 'nosniff', 'x-xss-protection': '1; mode=block', 'content-type': 'application/json; charset=utf-8', 'X-Cloud-Trace-Context': 'eb0dde2e2df07ae1d110b00a5e1163e0', 'Date': 'Sat, 25 May 2024 05:51:24 GMT', 'Server': 'Google Frontend', 'Content-Length': '249'} 
 body={
    "quantidade": 1,
    "produtos": [
        {
            "nome": "Testes Robot 10",
            "preco": 1010,
            "descricao": "Teste Automation",
            "quantidade": 1049,
            "_id": "OJKGGZutVkjVVqRF"
        }
    ]
} 
 </msg>
<msg timestamp="20240525 02:51:24.230" level="INFO">${response} = &lt;Response [200]&gt;</msg>
<status status="PASS" starttime="20240525 02:51:23.116" endtime="20240525 02:51:24.230"/>
</kw>
<msg timestamp="20240525 02:51:24.230" level="INFO">${getResposta} = &lt;Response [200]&gt;</msg>
<status status="PASS" starttime="20240525 02:51:23.115" endtime="20240525 02:51:24.230"/>
</kw>
<kw name="Convert To String" library="BuiltIn">
<var>${id}</var>
<arg>${getResposta.json()}[produtos][0][_id]</arg>
<doc>Converts the given item to a Unicode string.</doc>
<msg timestamp="20240525 02:51:24.232" level="INFO">${id} = OJKGGZutVkjVVqRF</msg>
<status status="PASS" starttime="20240525 02:51:24.230" endtime="20240525 02:51:24.232"/>
</kw>
<kw name="Set Test Variable" library="BuiltIn">
<arg>${id}</arg>
<doc>Makes a variable available everywhere within the scope of the current test.</doc>
<msg timestamp="20240525 02:51:24.233" level="INFO">${id} = OJKGGZutVkjVVqRF</msg>
<status status="PASS" starttime="20240525 02:51:24.233" endtime="20240525 02:51:24.233"/>
</kw>
<kw name="Delete in" library="services">
<var>${RESPOSTA_DEL}</var>
<arg>/produtos</arg>
<arg>${headersAuth}</arg>
<arg>${id}</arg>
<kw name="DELETE" library="RequestsLibrary">
<var>${response}</var>
<arg>${base_url}${endpoint}/${id}</arg>
<arg>headers=${headers}</arg>
<arg>expected_status=any</arg>
<doc>Sends a DELETE request.</doc>
<msg timestamp="20240525 02:51:25.253" level="INFO">DELETE Request : url=https://serverest.dev/produtos/OJKGGZutVkjVVqRF 
 path_url=/produtos/OJKGGZutVkjVVqRF 
 headers={'User-Agent': 'python-requests/2.31.0', 'Accept-Encoding': 'gzip, deflate', 'Accept': '*/*', 'Connection': 'keep-alive', 'Authorization': 'Bearer eyJhbGciOiJIUzI1NiIsInR5cCI6IkpXVCJ9.eyJlbWFpbCI6InNhbmRyb3Rlc3RlQHFhLmNvbSIsInBhc3N3b3JkIjoidGVzdGVRQSIsImlhdCI6MTcxNjYxNjI3NywiZXhwIjoxNzE2NjE2ODc3fQ.7Px2XjFB-awYHjDi6xGh6ZMQbyKG0-PtNcMQyTxOX2U', 'Content-Length': '0'} 
 body=None 
 </msg>
<msg timestamp="20240525 02:51:25.253" level="INFO">DELETE Response : url=https://serverest.dev/produtos/OJKGGZutVkjVVqRF 
 status=200, reason=OK 
 headers={'access-control-allow-origin': '*', 'x-dns-prefetch-control': 'off', 'x-frame-options': 'SAMEORIGIN', 'strict-transport-security': 'max-age=15552000; includeSubDomains', 'x-download-options': 'noopen', 'x-content-type-options': 'nosniff', 'x-xss-protection': '1; mode=block', 'content-type': 'application/json; charset=utf-8', 'X-Cloud-Trace-Context': '3a39a46502f20c7fb5f027f92feb6ef4', 'Date': 'Sat, 25 May 2024 05:51:25 GMT', 'Server': 'Google Frontend', 'Content-Length': '51'} 
 body={
    "message": "Registro excluído com sucesso"
} 
 </msg>
<msg timestamp="20240525 02:51:25.254" level="INFO">${response} = &lt;Response [200]&gt;</msg>
<status status="PASS" starttime="20240525 02:51:24.235" endtime="20240525 02:51:25.254"/>
</kw>
<msg timestamp="20240525 02:51:25.254" level="INFO">${RESPOSTA_DEL} = &lt;Response [200]&gt;</msg>
<status status="PASS" starttime="20240525 02:51:24.234" endtime="20240525 02:51:25.254"/>
</kw>
<status status="PASS" starttime="20240525 02:51:23.115" endtime="20240525 02:51:25.255"/>
</kw>
<status status="PASS" starttime="20240525 02:51:21.070" endtime="20240525 02:51:25.255"/>
</test>
<test id="s1-t5" name="Validar o campo Nome em Branco" line="32">
<kw name="Quando enviar uma requisição Post" library="post_produtos">
<arg>${token}</arg>
<arg>${EMPTY}</arg>
<arg>1010</arg>
<arg>Teste Automation</arg>
<arg>1049</arg>
<kw name="Factory New Produtos" library="produtos_fac">
<var>${bodyPostProd}</var>
<arg>cnome=${cnome}</arg>
<arg>cpreco=${cpreco}</arg>
<arg>cdescricao=${cdescricao}</arg>
<arg>cquantidade=${cquantidade}</arg>
<kw name="Create Dictionary" library="BuiltIn">
<var>${produtos}</var>
<doc>Creates and returns a dictionary based on the given ``items``.</doc>
<msg timestamp="20240525 02:51:25.260" level="INFO">${produtos} = {}</msg>
<status status="PASS" starttime="20240525 02:51:25.260" endtime="20240525 02:51:25.260"/>
</kw>
<kw name="Run Keyword If" library="BuiltIn">
<arg>"${cnome}" != 'None'</arg>
<arg>Set To Dictionary</arg>
<arg>${produtos}</arg>
<arg>nome</arg>
<arg>${cnome}</arg>
<doc>Runs the given keyword with the given arguments, if ``condition`` is true.</doc>
<kw name="Set To Dictionary" library="Collections">
<arg>${produtos}</arg>
<arg>nome</arg>
<arg>${cnome}</arg>
<doc>Adds the given ``key_value_pairs`` and/or ``items`` to the ``dictionary``.</doc>
<status status="PASS" starttime="20240525 02:51:25.261" endtime="20240525 02:51:25.261"/>
</kw>
<status status="PASS" starttime="20240525 02:51:25.260" endtime="20240525 02:51:25.261"/>
</kw>
<kw name="Run Keyword If" library="BuiltIn">
<arg>"${cpreco}" != "None"</arg>
<arg>Set To Dictionary</arg>
<arg>${produtos}</arg>
<arg>preco</arg>
<arg>${cpreco}</arg>
<doc>Runs the given keyword with the given arguments, if ``condition`` is true.</doc>
<kw name="Set To Dictionary" library="Collections">
<arg>${produtos}</arg>
<arg>preco</arg>
<arg>${cpreco}</arg>
<doc>Adds the given ``key_value_pairs`` and/or ``items`` to the ``dictionary``.</doc>
<status status="PASS" starttime="20240525 02:51:25.261" endtime="20240525 02:51:25.261"/>
</kw>
<status status="PASS" starttime="20240525 02:51:25.261" endtime="20240525 02:51:25.261"/>
</kw>
<kw name="Run Keyword If" library="BuiltIn">
<arg>"${cdescricao}" != "None"</arg>
<arg>Set To Dictionary</arg>
<arg>${produtos}</arg>
<arg>descricao</arg>
<arg>${cdescricao}</arg>
<doc>Runs the given keyword with the given arguments, if ``condition`` is true.</doc>
<kw name="Set To Dictionary" library="Collections">
<arg>${produtos}</arg>
<arg>descricao</arg>
<arg>${cdescricao}</arg>
<doc>Adds the given ``key_value_pairs`` and/or ``items`` to the ``dictionary``.</doc>
<status status="PASS" starttime="20240525 02:51:25.262" endtime="20240525 02:51:25.262"/>
</kw>
<status status="PASS" starttime="20240525 02:51:25.262" endtime="20240525 02:51:25.262"/>
</kw>
<kw name="Run Keyword If" library="BuiltIn">
<arg>"${cquantidade}" != "None"</arg>
<arg>Set To Dictionary</arg>
<arg>${produtos}</arg>
<arg>quantidade</arg>
<arg>${cquantidade}</arg>
<doc>Runs the given keyword with the given arguments, if ``condition`` is true.</doc>
<kw name="Set To Dictionary" library="Collections">
<arg>${produtos}</arg>
<arg>quantidade</arg>
<arg>${cquantidade}</arg>
<doc>Adds the given ``key_value_pairs`` and/or ``items`` to the ``dictionary``.</doc>
<status status="PASS" starttime="20240525 02:51:25.263" endtime="20240525 02:51:25.263"/>
</kw>
<status status="PASS" starttime="20240525 02:51:25.262" endtime="20240525 02:51:25.263"/>
</kw>
<msg timestamp="20240525 02:51:25.263" level="INFO">${bodyPostProd} = {'nome': '', 'preco': '1010', 'descricao': 'Teste Automation', 'quantidade': '1049'}</msg>
<status status="PASS" starttime="20240525 02:51:25.259" endtime="20240525 02:51:25.263"/>
</kw>
<kw name="Log" library="BuiltIn">
<arg>${bodyPostProd}</arg>
<doc>Logs the given message with the given level.</doc>
<msg timestamp="20240525 02:51:25.263" level="INFO">{'nome': '', 'preco': '1010', 'descricao': 'Teste Automation', 'quantidade': '1049'}</msg>
<status status="PASS" starttime="20240525 02:51:25.263" endtime="20240525 02:51:25.263"/>
</kw>
<kw name="HeadersAuth" library="services">
<arg>${token}</arg>
<kw name="Create Dictionary" library="BuiltIn">
<var>${headersAuth}</var>
<arg>Authorization=${token}</arg>
<doc>Creates and returns a dictionary based on the given ``items``.</doc>
<msg timestamp="20240525 02:51:25.264" level="INFO">${headersAuth} = {'Authorization': 'Bearer eyJhbGciOiJIUzI1NiIsInR5cCI6IkpXVCJ9.eyJlbWFpbCI6InNhbmRyb3Rlc3RlQHFhLmNvbSIsInBhc3N3b3JkIjoidGVzdGVRQSIsImlhdCI6MTcxNjYxNjI3NywiZXhwIjoxNzE2NjE2ODc3fQ.7Px2XjFB-awYHjDi6xGh6Z...</msg>
<status status="PASS" starttime="20240525 02:51:25.264" endtime="20240525 02:51:25.264"/>
</kw>
<kw name="Set Test Variable" library="BuiltIn">
<arg>${headersAuth}</arg>
<doc>Makes a variable available everywhere within the scope of the current test.</doc>
<msg timestamp="20240525 02:51:25.264" level="INFO">${headersAuth} = {'Authorization': 'Bearer eyJhbGciOiJIUzI1NiIsInR5cCI6IkpXVCJ9.eyJlbWFpbCI6InNhbmRyb3Rlc3RlQHFhLmNvbSIsInBhc3N3b3JkIjoidGVzdGVRQSIsImlhdCI6MTcxNjYxNjI3NywiZXhwIjoxNzE2NjE2ODc3fQ.7Px2XjFB-awYHjDi6xGh6Z...</msg>
<status status="PASS" starttime="20240525 02:51:25.264" endtime="20240525 02:51:25.264"/>
</kw>
<status status="PASS" starttime="20240525 02:51:25.263" endtime="20240525 02:51:25.264"/>
</kw>
<kw name="Post Cadastrar" library="services">
<var>${RESPOSTA}</var>
<arg>/produtos</arg>
<arg>${headersAuth}</arg>
<arg>${bodyPostProd}</arg>
<kw name="POST" library="RequestsLibrary">
<var>${response}</var>
<arg>${base_url}${endpoint}</arg>
<arg>json=${body}</arg>
<arg>headers=${headers}</arg>
<arg>expected_status=any</arg>
<doc>Sends a POST request.</doc>
<msg timestamp="20240525 02:51:26.275" level="INFO">POST Request : url=https://serverest.dev/produtos 
 path_url=/produtos 
 headers={'User-Agent': 'python-requests/2.31.0', 'Accept-Encoding': 'gzip, deflate', 'Accept': '*/*', 'Connection': 'keep-alive', 'Authorization': 'Bearer eyJhbGciOiJIUzI1NiIsInR5cCI6IkpXVCJ9.eyJlbWFpbCI6InNhbmRyb3Rlc3RlQHFhLmNvbSIsInBhc3N3b3JkIjoidGVzdGVRQSIsImlhdCI6MTcxNjYxNjI3NywiZXhwIjoxNzE2NjE2ODc3fQ.7Px2XjFB-awYHjDi6xGh6ZMQbyKG0-PtNcMQyTxOX2U', 'Content-Length': '84', 'Content-Type': 'application/json'} 
 body=b'{"nome": "", "preco": "1010", "descricao": "Teste Automation", "quantidade": "1049"}' 
 </msg>
<msg timestamp="20240525 02:51:26.275" level="INFO">POST Response : url=https://serverest.dev/produtos 
 status=400, reason=Bad Request 
 headers={'access-control-allow-origin': '*', 'x-dns-prefetch-control': 'off', 'x-frame-options': 'SAMEORIGIN', 'strict-transport-security': 'max-age=15552000; includeSubDomains', 'x-download-options': 'noopen', 'x-content-type-options': 'nosniff', 'x-xss-protection': '1; mode=block', 'content-type': 'application/json; charset=utf-8', 'X-Cloud-Trace-Context': '18af20e049fd61b20616f45ceed23be1', 'Date': 'Sat, 25 May 2024 05:51:26 GMT', 'Server': 'Google Frontend', 'Content-Length': '48'} 
 body={
    "nome": "nome não pode ficar em branco"
} 
 </msg>
<msg timestamp="20240525 02:51:26.277" level="INFO">${response} = &lt;Response [400]&gt;</msg>
<status status="PASS" starttime="20240525 02:51:25.265" endtime="20240525 02:51:26.277"/>
</kw>
<msg timestamp="20240525 02:51:26.277" level="INFO">${RESPOSTA} = &lt;Response [400]&gt;</msg>
<status status="PASS" starttime="20240525 02:51:25.265" endtime="20240525 02:51:26.277"/>
</kw>
<kw name="Set Test Variable" library="BuiltIn">
<arg>${RESPOSTA}</arg>
<doc>Makes a variable available everywhere within the scope of the current test.</doc>
<msg timestamp="20240525 02:51:26.277" level="INFO">${RESPOSTA} = &lt;Response [400]&gt;</msg>
<status status="PASS" starttime="20240525 02:51:26.277" endtime="20240525 02:51:26.277"/>
</kw>
<kw name="Log" library="BuiltIn">
<arg>${RESPOSTA.json()}</arg>
<doc>Logs the given message with the given level.</doc>
<msg timestamp="20240525 02:51:26.278" level="INFO">{'nome': 'nome não pode ficar em branco'}</msg>
<status status="PASS" starttime="20240525 02:51:26.277" endtime="20240525 02:51:26.278"/>
</kw>
<status status="PASS" starttime="20240525 02:51:25.258" endtime="20240525 02:51:26.278"/>
</kw>
<kw name="Então ira visuazilar o Status Code" library="get_produtos">
<arg>400</arg>
<kw name="Should Be Equal As Strings" library="BuiltIn">
<arg>${RESPOSTA.status_code}</arg>
<arg>${statusCode}</arg>
<doc>Fails if objects are unequal after converting them to strings.</doc>
<msg timestamp="20240525 02:51:26.280" level="INFO">Argument types are:
&lt;class 'int'&gt;
&lt;class 'str'&gt;</msg>
<status status="PASS" starttime="20240525 02:51:26.279" endtime="20240525 02:51:26.280"/>
</kw>
<status status="PASS" starttime="20240525 02:51:26.279" endtime="20240525 02:51:26.280"/>
</kw>
<kw name="E verificar a mensagem de validação do campo" library="post_produtos">
<arg>nome</arg>
<arg>nome não pode ficar em branco</arg>
<kw name="Should Be Equal As Strings" library="BuiltIn">
<arg>${RESPOSTA.json()}[${campo}]</arg>
<arg>${mensagem}</arg>
<doc>Fails if objects are unequal after converting them to strings.</doc>
<status status="PASS" starttime="20240525 02:51:26.280" endtime="20240525 02:51:26.281"/>
</kw>
<status status="PASS" starttime="20240525 02:51:26.280" endtime="20240525 02:51:26.281"/>
</kw>
<status status="PASS" starttime="20240525 02:51:25.257" endtime="20240525 02:51:26.281"/>
</test>
<test id="s1-t6" name="Validar o campo Nome Obrigatório" line="37">
<kw name="Quando enviar uma requisição Post" library="post_produtos">
<arg>${token}</arg>
<arg>None</arg>
<arg>1010</arg>
<arg>Teste Automation</arg>
<arg>1049</arg>
<kw name="Factory New Produtos" library="produtos_fac">
<var>${bodyPostProd}</var>
<arg>cnome=${cnome}</arg>
<arg>cpreco=${cpreco}</arg>
<arg>cdescricao=${cdescricao}</arg>
<arg>cquantidade=${cquantidade}</arg>
<kw name="Create Dictionary" library="BuiltIn">
<var>${produtos}</var>
<doc>Creates and returns a dictionary based on the given ``items``.</doc>
<msg timestamp="20240525 02:51:26.284" level="INFO">${produtos} = {}</msg>
<status status="PASS" starttime="20240525 02:51:26.284" endtime="20240525 02:51:26.284"/>
</kw>
<kw name="Run Keyword If" library="BuiltIn">
<arg>"${cnome}" != 'None'</arg>
<arg>Set To Dictionary</arg>
<arg>${produtos}</arg>
<arg>nome</arg>
<arg>${cnome}</arg>
<doc>Runs the given keyword with the given arguments, if ``condition`` is true.</doc>
<status status="PASS" starttime="20240525 02:51:26.284" endtime="20240525 02:51:26.284"/>
</kw>
<kw name="Run Keyword If" library="BuiltIn">
<arg>"${cpreco}" != "None"</arg>
<arg>Set To Dictionary</arg>
<arg>${produtos}</arg>
<arg>preco</arg>
<arg>${cpreco}</arg>
<doc>Runs the given keyword with the given arguments, if ``condition`` is true.</doc>
<kw name="Set To Dictionary" library="Collections">
<arg>${produtos}</arg>
<arg>preco</arg>
<arg>${cpreco}</arg>
<doc>Adds the given ``key_value_pairs`` and/or ``items`` to the ``dictionary``.</doc>
<status status="PASS" starttime="20240525 02:51:26.285" endtime="20240525 02:51:26.285"/>
</kw>
<status status="PASS" starttime="20240525 02:51:26.284" endtime="20240525 02:51:26.285"/>
</kw>
<kw name="Run Keyword If" library="BuiltIn">
<arg>"${cdescricao}" != "None"</arg>
<arg>Set To Dictionary</arg>
<arg>${produtos}</arg>
<arg>descricao</arg>
<arg>${cdescricao}</arg>
<doc>Runs the given keyword with the given arguments, if ``condition`` is true.</doc>
<kw name="Set To Dictionary" library="Collections">
<arg>${produtos}</arg>
<arg>descricao</arg>
<arg>${cdescricao}</arg>
<doc>Adds the given ``key_value_pairs`` and/or ``items`` to the ``dictionary``.</doc>
<status status="PASS" starttime="20240525 02:51:26.285" endtime="20240525 02:51:26.286"/>
</kw>
<status status="PASS" starttime="20240525 02:51:26.285" endtime="20240525 02:51:26.286"/>
</kw>
<kw name="Run Keyword If" library="BuiltIn">
<arg>"${cquantidade}" != "None"</arg>
<arg>Set To Dictionary</arg>
<arg>${produtos}</arg>
<arg>quantidade</arg>
<arg>${cquantidade}</arg>
<doc>Runs the given keyword with the given arguments, if ``condition`` is true.</doc>
<kw name="Set To Dictionary" library="Collections">
<arg>${produtos}</arg>
<arg>quantidade</arg>
<arg>${cquantidade}</arg>
<doc>Adds the given ``key_value_pairs`` and/or ``items`` to the ``dictionary``.</doc>
<status status="PASS" starttime="20240525 02:51:26.286" endtime="20240525 02:51:26.286"/>
</kw>
<status status="PASS" starttime="20240525 02:51:26.286" endtime="20240525 02:51:26.286"/>
</kw>
<msg timestamp="20240525 02:51:26.287" level="INFO">${bodyPostProd} = {'preco': '1010', 'descricao': 'Teste Automation', 'quantidade': '1049'}</msg>
<status status="PASS" starttime="20240525 02:51:26.283" endtime="20240525 02:51:26.287"/>
</kw>
<kw name="Log" library="BuiltIn">
<arg>${bodyPostProd}</arg>
<doc>Logs the given message with the given level.</doc>
<msg timestamp="20240525 02:51:26.287" level="INFO">{'preco': '1010', 'descricao': 'Teste Automation', 'quantidade': '1049'}</msg>
<status status="PASS" starttime="20240525 02:51:26.287" endtime="20240525 02:51:26.287"/>
</kw>
<kw name="HeadersAuth" library="services">
<arg>${token}</arg>
<kw name="Create Dictionary" library="BuiltIn">
<var>${headersAuth}</var>
<arg>Authorization=${token}</arg>
<doc>Creates and returns a dictionary based on the given ``items``.</doc>
<msg timestamp="20240525 02:51:26.288" level="INFO">${headersAuth} = {'Authorization': 'Bearer eyJhbGciOiJIUzI1NiIsInR5cCI6IkpXVCJ9.eyJlbWFpbCI6InNhbmRyb3Rlc3RlQHFhLmNvbSIsInBhc3N3b3JkIjoidGVzdGVRQSIsImlhdCI6MTcxNjYxNjI3NywiZXhwIjoxNzE2NjE2ODc3fQ.7Px2XjFB-awYHjDi6xGh6Z...</msg>
<status status="PASS" starttime="20240525 02:51:26.287" endtime="20240525 02:51:26.288"/>
</kw>
<kw name="Set Test Variable" library="BuiltIn">
<arg>${headersAuth}</arg>
<doc>Makes a variable available everywhere within the scope of the current test.</doc>
<msg timestamp="20240525 02:51:26.288" level="INFO">${headersAuth} = {'Authorization': 'Bearer eyJhbGciOiJIUzI1NiIsInR5cCI6IkpXVCJ9.eyJlbWFpbCI6InNhbmRyb3Rlc3RlQHFhLmNvbSIsInBhc3N3b3JkIjoidGVzdGVRQSIsImlhdCI6MTcxNjYxNjI3NywiZXhwIjoxNzE2NjE2ODc3fQ.7Px2XjFB-awYHjDi6xGh6Z...</msg>
<status status="PASS" starttime="20240525 02:51:26.288" endtime="20240525 02:51:26.288"/>
</kw>
<status status="PASS" starttime="20240525 02:51:26.287" endtime="20240525 02:51:26.288"/>
</kw>
<kw name="Post Cadastrar" library="services">
<var>${RESPOSTA}</var>
<arg>/produtos</arg>
<arg>${headersAuth}</arg>
<arg>${bodyPostProd}</arg>
<kw name="POST" library="RequestsLibrary">
<var>${response}</var>
<arg>${base_url}${endpoint}</arg>
<arg>json=${body}</arg>
<arg>headers=${headers}</arg>
<arg>expected_status=any</arg>
<doc>Sends a POST request.</doc>
<msg timestamp="20240525 02:51:27.300" level="INFO">POST Request : url=https://serverest.dev/produtos 
 path_url=/produtos 
 headers={'User-Agent': 'python-requests/2.31.0', 'Accept-Encoding': 'gzip, deflate', 'Accept': '*/*', 'Connection': 'keep-alive', 'Authorization': 'Bearer eyJhbGciOiJIUzI1NiIsInR5cCI6IkpXVCJ9.eyJlbWFpbCI6InNhbmRyb3Rlc3RlQHFhLmNvbSIsInBhc3N3b3JkIjoidGVzdGVRQSIsImlhdCI6MTcxNjYxNjI3NywiZXhwIjoxNzE2NjE2ODc3fQ.7Px2XjFB-awYHjDi6xGh6ZMQbyKG0-PtNcMQyTxOX2U', 'Content-Length': '72', 'Content-Type': 'application/json'} 
 body=b'{"preco": "1010", "descricao": "Teste Automation", "quantidade": "1049"}' 
 </msg>
<msg timestamp="20240525 02:51:27.300" level="INFO">POST Response : url=https://serverest.dev/produtos 
 status=400, reason=Bad Request 
 headers={'access-control-allow-origin': '*', 'x-dns-prefetch-control': 'off', 'x-frame-options': 'SAMEORIGIN', 'strict-transport-security': 'max-age=15552000; includeSubDomains', 'x-download-options': 'noopen', 'x-content-type-options': 'nosniff', 'x-xss-protection': '1; mode=block', 'content-type': 'application/json; charset=utf-8', 'X-Cloud-Trace-Context': '4135f526ed36e28317b11e63a5c4e885;o=1', 'Date': 'Sat, 25 May 2024 05:51:27 GMT', 'Server': 'Google Frontend', 'Content-Length': '38'} 
 body={
    "nome": "nome é obrigatório"
} 
 </msg>
<msg timestamp="20240525 02:51:27.301" level="INFO">${response} = &lt;Response [400]&gt;</msg>
<status status="PASS" starttime="20240525 02:51:26.289" endtime="20240525 02:51:27.301"/>
</kw>
<msg timestamp="20240525 02:51:27.301" level="INFO">${RESPOSTA} = &lt;Response [400]&gt;</msg>
<status status="PASS" starttime="20240525 02:51:26.288" endtime="20240525 02:51:27.301"/>
</kw>
<kw name="Set Test Variable" library="BuiltIn">
<arg>${RESPOSTA}</arg>
<doc>Makes a variable available everywhere within the scope of the current test.</doc>
<msg timestamp="20240525 02:51:27.302" level="INFO">${RESPOSTA} = &lt;Response [400]&gt;</msg>
<status status="PASS" starttime="20240525 02:51:27.301" endtime="20240525 02:51:27.302"/>
</kw>
<kw name="Log" library="BuiltIn">
<arg>${RESPOSTA.json()}</arg>
<doc>Logs the given message with the given level.</doc>
<msg timestamp="20240525 02:51:27.303" level="INFO">{'nome': 'nome é obrigatório'}</msg>
<status status="PASS" starttime="20240525 02:51:27.302" endtime="20240525 02:51:27.303"/>
</kw>
<status status="PASS" starttime="20240525 02:51:26.283" endtime="20240525 02:51:27.303"/>
</kw>
<kw name="Então ira visuazilar o Status Code" library="get_produtos">
<arg>400</arg>
<kw name="Should Be Equal As Strings" library="BuiltIn">
<arg>${RESPOSTA.status_code}</arg>
<arg>${statusCode}</arg>
<doc>Fails if objects are unequal after converting them to strings.</doc>
<msg timestamp="20240525 02:51:27.306" level="INFO">Argument types are:
&lt;class 'int'&gt;
&lt;class 'str'&gt;</msg>
<status status="PASS" starttime="20240525 02:51:27.305" endtime="20240525 02:51:27.306"/>
</kw>
<status status="PASS" starttime="20240525 02:51:27.304" endtime="20240525 02:51:27.306"/>
</kw>
<kw name="E verificar a mensagem de validação do campo" library="post_produtos">
<arg>nome</arg>
<arg>nome é obrigatório</arg>
<kw name="Should Be Equal As Strings" library="BuiltIn">
<arg>${RESPOSTA.json()}[${campo}]</arg>
<arg>${mensagem}</arg>
<doc>Fails if objects are unequal after converting them to strings.</doc>
<status status="PASS" starttime="20240525 02:51:27.308" endtime="20240525 02:51:27.309"/>
</kw>
<status status="PASS" starttime="20240525 02:51:27.307" endtime="20240525 02:51:27.309"/>
</kw>
<status status="PASS" starttime="20240525 02:51:26.282" endtime="20240525 02:51:27.310"/>
</test>
<test id="s1-t7" name="Validar o campo Preço em Branco" line="42">
<kw name="Quando enviar uma requisição Post" library="post_produtos">
<arg>${token}</arg>
<arg>nome</arg>
<arg>${EMPTY}</arg>
<arg>descricao</arg>
<arg>quantidade</arg>
<kw name="Factory New Produtos" library="produtos_fac">
<var>${bodyPostProd}</var>
<arg>cnome=${cnome}</arg>
<arg>cpreco=${cpreco}</arg>
<arg>cdescricao=${cdescricao}</arg>
<arg>cquantidade=${cquantidade}</arg>
<kw name="Create Dictionary" library="BuiltIn">
<var>${produtos}</var>
<doc>Creates and returns a dictionary based on the given ``items``.</doc>
<msg timestamp="20240525 02:51:27.316" level="INFO">${produtos} = {}</msg>
<status status="PASS" starttime="20240525 02:51:27.316" endtime="20240525 02:51:27.316"/>
</kw>
<kw name="Run Keyword If" library="BuiltIn">
<arg>"${cnome}" != 'None'</arg>
<arg>Set To Dictionary</arg>
<arg>${produtos}</arg>
<arg>nome</arg>
<arg>${cnome}</arg>
<doc>Runs the given keyword with the given arguments, if ``condition`` is true.</doc>
<kw name="Set To Dictionary" library="Collections">
<arg>${produtos}</arg>
<arg>nome</arg>
<arg>${cnome}</arg>
<doc>Adds the given ``key_value_pairs`` and/or ``items`` to the ``dictionary``.</doc>
<status status="PASS" starttime="20240525 02:51:27.317" endtime="20240525 02:51:27.317"/>
</kw>
<status status="PASS" starttime="20240525 02:51:27.316" endtime="20240525 02:51:27.317"/>
</kw>
<kw name="Run Keyword If" library="BuiltIn">
<arg>"${cpreco}" != "None"</arg>
<arg>Set To Dictionary</arg>
<arg>${produtos}</arg>
<arg>preco</arg>
<arg>${cpreco}</arg>
<doc>Runs the given keyword with the given arguments, if ``condition`` is true.</doc>
<kw name="Set To Dictionary" library="Collections">
<arg>${produtos}</arg>
<arg>preco</arg>
<arg>${cpreco}</arg>
<doc>Adds the given ``key_value_pairs`` and/or ``items`` to the ``dictionary``.</doc>
<status status="PASS" starttime="20240525 02:51:27.318" endtime="20240525 02:51:27.319"/>
</kw>
<status status="PASS" starttime="20240525 02:51:27.318" endtime="20240525 02:51:27.319"/>
</kw>
<kw name="Run Keyword If" library="BuiltIn">
<arg>"${cdescricao}" != "None"</arg>
<arg>Set To Dictionary</arg>
<arg>${produtos}</arg>
<arg>descricao</arg>
<arg>${cdescricao}</arg>
<doc>Runs the given keyword with the given arguments, if ``condition`` is true.</doc>
<kw name="Set To Dictionary" library="Collections">
<arg>${produtos}</arg>
<arg>descricao</arg>
<arg>${cdescricao}</arg>
<doc>Adds the given ``key_value_pairs`` and/or ``items`` to the ``dictionary``.</doc>
<status status="PASS" starttime="20240525 02:51:27.320" endtime="20240525 02:51:27.320"/>
</kw>
<status status="PASS" starttime="20240525 02:51:27.319" endtime="20240525 02:51:27.320"/>
</kw>
<kw name="Run Keyword If" library="BuiltIn">
<arg>"${cquantidade}" != "None"</arg>
<arg>Set To Dictionary</arg>
<arg>${produtos}</arg>
<arg>quantidade</arg>
<arg>${cquantidade}</arg>
<doc>Runs the given keyword with the given arguments, if ``condition`` is true.</doc>
<kw name="Set To Dictionary" library="Collections">
<arg>${produtos}</arg>
<arg>quantidade</arg>
<arg>${cquantidade}</arg>
<doc>Adds the given ``key_value_pairs`` and/or ``items`` to the ``dictionary``.</doc>
<status status="PASS" starttime="20240525 02:51:27.321" endtime="20240525 02:51:27.321"/>
</kw>
<status status="PASS" starttime="20240525 02:51:27.320" endtime="20240525 02:51:27.321"/>
</kw>
<msg timestamp="20240525 02:51:27.322" level="INFO">${bodyPostProd} = {'nome': 'nome', 'preco': '', 'descricao': 'descricao', 'quantidade': 'quantidade'}</msg>
<status status="PASS" starttime="20240525 02:51:27.315" endtime="20240525 02:51:27.322"/>
</kw>
<kw name="Log" library="BuiltIn">
<arg>${bodyPostProd}</arg>
<doc>Logs the given message with the given level.</doc>
<msg timestamp="20240525 02:51:27.322" level="INFO">{'nome': 'nome', 'preco': '', 'descricao': 'descricao', 'quantidade': 'quantidade'}</msg>
<status status="PASS" starttime="20240525 02:51:27.322" endtime="20240525 02:51:27.322"/>
</kw>
<kw name="HeadersAuth" library="services">
<arg>${token}</arg>
<kw name="Create Dictionary" library="BuiltIn">
<var>${headersAuth}</var>
<arg>Authorization=${token}</arg>
<doc>Creates and returns a dictionary based on the given ``items``.</doc>
<msg timestamp="20240525 02:51:27.324" level="INFO">${headersAuth} = {'Authorization': 'Bearer eyJhbGciOiJIUzI1NiIsInR5cCI6IkpXVCJ9.eyJlbWFpbCI6InNhbmRyb3Rlc3RlQHFhLmNvbSIsInBhc3N3b3JkIjoidGVzdGVRQSIsImlhdCI6MTcxNjYxNjI3NywiZXhwIjoxNzE2NjE2ODc3fQ.7Px2XjFB-awYHjDi6xGh6Z...</msg>
<status status="PASS" starttime="20240525 02:51:27.323" endtime="20240525 02:51:27.324"/>
</kw>
<kw name="Set Test Variable" library="BuiltIn">
<arg>${headersAuth}</arg>
<doc>Makes a variable available everywhere within the scope of the current test.</doc>
[...]
</kw>
<kw name="Então ira visuazilar o Status Code" library="get_produtos">
<arg>400</arg>
<kw name="Should Be Equal As Strings" library="BuiltIn">
<arg>${RESPOSTA.status_code}</arg>
<arg>${statusCode}</arg>
<doc>Fails if objects are unequal after converting them to strings.</doc>
<msg timestamp="20240525 02:51:31.523" level="INFO">Argument types are:
&lt;class 'int'&gt;
&lt;class 'str'&gt;</msg>
<status status="PASS" starttime="20240525 02:51:31.522" endtime="20240525 02:51:31.524"/>
</kw>
<status status="PASS" starttime="20240525 02:51:31.521" endtime="20240525 02:51:31.524"/>
</kw>
<kw name="E verificar a mensagem de validação do campo" library="post_produtos">
<arg>descricao</arg>
<arg>descricao é obrigatório</arg>
<kw name="Should Be Equal As Strings" library="BuiltIn">
<arg>${RESPOSTA.json()}[${campo}]</arg>
<arg>${mensagem}</arg>
<doc>Fails if objects are unequal after converting them to strings.</doc>
<status status="PASS" starttime="20240525 02:51:31.525" endtime="20240525 02:51:31.527"/>
</kw>
<status status="PASS" starttime="20240525 02:51:31.525" endtime="20240525 02:51:31.527"/>
</kw>
<status status="PASS" starttime="20240525 02:51:30.597" endtime="20240525 02:51:31.528"/>
</test>
<test id="s1-t11" name="Validar o campo Quantidade em Branco" line="62">
<kw name="Quando enviar uma requisição Post" library="post_produtos">
<arg>${token}</arg>
<arg>nome</arg>
<arg>preco</arg>
<arg>descricao</arg>
<arg>${EMPTY}</arg>
<kw name="Factory New Produtos" library="produtos_fac">
<var>${bodyPostProd}</var>
<arg>cnome=${cnome}</arg>
<arg>cpreco=${cpreco}</arg>
<arg>cdescricao=${cdescricao}</arg>
<arg>cquantidade=${cquantidade}</arg>
<kw name="Create Dictionary" library="BuiltIn">
<var>${produtos}</var>
<doc>Creates and returns a dictionary based on the given ``items``.</doc>
<msg timestamp="20240525 02:51:31.536" level="INFO">${produtos} = {}</msg>
<status status="PASS" starttime="20240525 02:51:31.535" endtime="20240525 02:51:31.536"/>
</kw>
<kw name="Run Keyword If" library="BuiltIn">
<arg>"${cnome}" != 'None'</arg>
<arg>Set To Dictionary</arg>
<arg>${produtos}</arg>
<arg>nome</arg>
<arg>${cnome}</arg>
<doc>Runs the given keyword with the given arguments, if ``condition`` is true.</doc>
<kw name="Set To Dictionary" library="Collections">
<arg>${produtos}</arg>
<arg>nome</arg>
<arg>${cnome}</arg>
<doc>Adds the given ``key_value_pairs`` and/or ``items`` to the ``dictionary``.</doc>
<status status="PASS" starttime="20240525 02:51:31.537" endtime="20240525 02:51:31.537"/>
</kw>
<status status="PASS" starttime="20240525 02:51:31.536" endtime="20240525 02:51:31.537"/>
</kw>
<kw name="Run Keyword If" library="BuiltIn">
<arg>"${cpreco}" != "None"</arg>
<arg>Set To Dictionary</arg>
<arg>${produtos}</arg>
<arg>preco</arg>
<arg>${cpreco}</arg>
<doc>Runs the given keyword with the given arguments, if ``condition`` is true.</doc>
<kw name="Set To Dictionary" library="Collections">
<arg>${produtos}</arg>
<arg>preco</arg>
<arg>${cpreco}</arg>
<doc>Adds the given ``key_value_pairs`` and/or ``items`` to the ``dictionary``.</doc>
<status status="PASS" starttime="20240525 02:51:31.538" endtime="20240525 02:51:31.538"/>
</kw>
<status status="PASS" starttime="20240525 02:51:31.537" endtime="20240525 02:51:31.538"/>
</kw>
<kw name="Run Keyword If" library="BuiltIn">
<arg>"${cdescricao}" != "None"</arg>
<arg>Set To Dictionary</arg>
<arg>${produtos}</arg>
<arg>descricao</arg>
<arg>${cdescricao}</arg>
<doc>Runs the given keyword with the given arguments, if ``condition`` is true.</doc>
<kw name="Set To Dictionary" library="Collections">
<arg>${produtos}</arg>
<arg>descricao</arg>
<arg>${cdescricao}</arg>
<doc>Adds the given ``key_value_pairs`` and/or ``items`` to the ``dictionary``.</doc>
<status status="PASS" starttime="20240525 02:51:31.539" endtime="20240525 02:51:31.541"/>
</kw>
<status status="PASS" starttime="20240525 02:51:31.539" endtime="20240525 02:51:31.541"/>
</kw>
<kw name="Run Keyword If" library="BuiltIn">
<arg>"${cquantidade}" != "None"</arg>
<arg>Set To Dictionary</arg>
<arg>${produtos}</arg>
<arg>quantidade</arg>
<arg>${cquantidade}</arg>
<doc>Runs the given keyword with the given arguments, if ``condition`` is true.</doc>
<kw name="Set To Dictionary" library="Collections">
<arg>${produtos}</arg>
<arg>quantidade</arg>
<arg>${cquantidade}</arg>
<doc>Adds the given ``key_value_pairs`` and/or ``items`` to the ``dictionary``.</doc>
<status status="PASS" starttime="20240525 02:51:31.542" endtime="20240525 02:51:31.542"/>
</kw>
<status status="PASS" starttime="20240525 02:51:31.541" endtime="20240525 02:51:31.542"/>
</kw>
<msg timestamp="20240525 02:51:31.542" level="INFO">${bodyPostProd} = {'nome': 'nome', 'preco': 'preco', 'descricao': 'descricao', 'quantidade': ''}</msg>
<status status="PASS" starttime="20240525 02:51:31.535" endtime="20240525 02:51:31.542"/>
</kw>
<kw name="Log" library="BuiltIn">
<arg>${bodyPostProd}</arg>
<doc>Logs the given message with the given level.</doc>
<msg timestamp="20240525 02:51:31.542" level="INFO">{'nome': 'nome', 'preco': 'preco', 'descricao': 'descricao', 'quantidade': ''}</msg>
<status status="PASS" starttime="20240525 02:51:31.542" endtime="20240525 02:51:31.542"/>
</kw>
<kw name="HeadersAuth" library="services">
<arg>${token}</arg>
<kw name="Create Dictionary" library="BuiltIn">
<var>${headersAuth}</var>
<arg>Authorization=${token}</arg>
<doc>Creates and returns a dictionary based on the given ``items``.</doc>
<msg timestamp="20240525 02:51:31.544" level="INFO">${headersAuth} = {'Authorization': 'Bearer eyJhbGciOiJIUzI1NiIsInR5cCI6IkpXVCJ9.eyJlbWFpbCI6InNhbmRyb3Rlc3RlQHFhLmNvbSIsInBhc3N3b3JkIjoidGVzdGVRQSIsImlhdCI6MTcxNjYxNjI3NywiZXhwIjoxNzE2NjE2ODc3fQ.7Px2XjFB-awYHjDi6xGh6Z...</msg>
<status status="PASS" starttime="20240525 02:51:31.543" endtime="20240525 02:51:31.544"/>
</kw>
<kw name="Set Test Variable" library="BuiltIn">
<arg>${headersAuth}</arg>
<doc>Makes a variable available everywhere within the scope of the current test.</doc>
<msg timestamp="20240525 02:51:31.545" level="INFO">${headersAuth} = {'Authorization': 'Bearer eyJhbGciOiJIUzI1NiIsInR5cCI6IkpXVCJ9.eyJlbWFpbCI6InNhbmRyb3Rlc3RlQHFhLmNvbSIsInBhc3N3b3JkIjoidGVzdGVRQSIsImlhdCI6MTcxNjYxNjI3NywiZXhwIjoxNzE2NjE2ODc3fQ.7Px2XjFB-awYHjDi6xGh6Z...</msg>
<status status="PASS" starttime="20240525 02:51:31.544" endtime="20240525 02:51:31.545"/>
</kw>
<status status="PASS" starttime="20240525 02:51:31.543" endtime="20240525 02:51:31.545"/>
</kw>
<kw name="Post Cadastrar" library="services">
<var>${RESPOSTA}</var>
<arg>/produtos</arg>
<arg>${headersAuth}</arg>
<arg>${bodyPostProd}</arg>
<kw name="POST" library="RequestsLibrary">
<var>${response}</var>
<arg>${base_url}${endpoint}</arg>
<arg>json=${body}</arg>
<arg>headers=${headers}</arg>
<arg>expected_status=any</arg>
<doc>Sends a POST request.</doc>
<msg timestamp="20240525 02:51:32.523" level="INFO">POST Request : url=https://serverest.dev/produtos 
 path_url=/produtos 
 headers={'User-Agent': 'python-requests/2.31.0', 'Accept-Encoding': 'gzip, deflate', 'Accept': '*/*', 'Connection': 'keep-alive', 'Authorization': 'Bearer eyJhbGciOiJIUzI1NiIsInR5cCI6IkpXVCJ9.eyJlbWFpbCI6InNhbmRyb3Rlc3RlQHFhLmNvbSIsInBhc3N3b3JkIjoidGVzdGVRQSIsImlhdCI6MTcxNjYxNjI3NywiZXhwIjoxNzE2NjE2ODc3fQ.7Px2XjFB-awYHjDi6xGh6ZMQbyKG0-PtNcMQyTxOX2U', 'Content-Length': '78', 'Content-Type': 'application/json'} 
 body=b'{"nome": "nome", "preco": "preco", "descricao": "descricao", "quantidade": ""}' 
 </msg>
<msg timestamp="20240525 02:51:32.523" level="INFO">POST Response : url=https://serverest.dev/produtos 
 status=400, reason=Bad Request 
 headers={'access-control-allow-origin': '*', 'x-dns-prefetch-control': 'off', 'x-frame-options': 'SAMEORIGIN', 'strict-transport-security': 'max-age=15552000; includeSubDomains', 'x-download-options': 'noopen', 'x-content-type-options': 'nosniff', 'x-xss-protection': '1; mode=block', 'content-type': 'application/json; charset=utf-8', 'X-Cloud-Trace-Context': 'b2f051db0ddc455d28c97a5f2acf08e5', 'Date': 'Sat, 25 May 2024 05:51:32 GMT', 'Server': 'Google Frontend', 'Content-Length': '96'} 
 body={
    "preco": "preco deve ser um número",
    "quantidade": "quantidade deve ser um número"
} 
 </msg>
<msg timestamp="20240525 02:51:32.527" level="INFO">${response} = &lt;Response [400]&gt;</msg>
<status status="PASS" starttime="20240525 02:51:31.546" endtime="20240525 02:51:32.527"/>
</kw>
<msg timestamp="20240525 02:51:32.527" level="INFO">${RESPOSTA} = &lt;Response [400]&gt;</msg>
<status status="PASS" starttime="20240525 02:51:31.545" endtime="20240525 02:51:32.527"/>
</kw>
<kw name="Set Test Variable" library="BuiltIn">
<arg>${RESPOSTA}</arg>
<doc>Makes a variable available everywhere within the scope of the current test.</doc>
<msg timestamp="20240525 02:51:32.528" level="INFO">${RESPOSTA} = &lt;Response [400]&gt;</msg>
<status status="PASS" starttime="20240525 02:51:32.528" endtime="20240525 02:51:32.528"/>
</kw>
<kw name="Log" library="BuiltIn">
<arg>${RESPOSTA.json()}</arg>
<doc>Logs the given message with the given level.</doc>
<msg timestamp="20240525 02:51:32.530" level="INFO">{'preco': 'preco deve ser um número', 'quantidade': 'quantidade deve ser um número'}</msg>
<status status="PASS" starttime="20240525 02:51:32.528" endtime="20240525 02:51:32.530"/>
</kw>
<status status="PASS" starttime="20240525 02:51:31.532" endtime="20240525 02:51:32.530"/>
</kw>
<kw name="Então ira visuazilar o Status Code" library="get_produtos">
<arg>400</arg>
<kw name="Should Be Equal As Strings" library="BuiltIn">
<arg>${RESPOSTA.status_code}</arg>
<arg>${statusCode}</arg>
<doc>Fails if objects are unequal after converting them to strings.</doc>
<msg timestamp="20240525 02:51:32.533" level="INFO">Argument types are:
&lt;class 'int'&gt;
&lt;class 'str'&gt;</msg>
<status status="PASS" starttime="20240525 02:51:32.532" endtime="20240525 02:51:32.534"/>
</kw>
<status status="PASS" starttime="20240525 02:51:32.531" endtime="20240525 02:51:32.534"/>
</kw>
<kw name="E verificar a mensagem de validação do campo" library="post_produtos">
<arg>quantidade</arg>
<arg>quantidade deve ser um número</arg>
<kw name="Should Be Equal As Strings" library="BuiltIn">
<arg>${RESPOSTA.json()}[${campo}]</arg>
<arg>${mensagem}</arg>
<doc>Fails if objects are unequal after converting them to strings.</doc>
<status status="PASS" starttime="20240525 02:51:32.536" endtime="20240525 02:51:32.537"/>
</kw>
<status status="PASS" starttime="20240525 02:51:32.535" endtime="20240525 02:51:32.537"/>
</kw>
<status status="PASS" starttime="20240525 02:51:31.531" endtime="20240525 02:51:32.539"/>
</test>
<test id="s1-t12" name="Validar o campo Quantidade Obrigatório" line="67">
<kw name="Quando enviar uma requisição Post" library="post_produtos">
<arg>${token}</arg>
<arg>nome</arg>
<arg>preco</arg>
<arg>descricao</arg>
<arg>None</arg>
<kw name="Factory New Produtos" library="produtos_fac">
<var>${bodyPostProd}</var>
<arg>cnome=${cnome}</arg>
<arg>cpreco=${cpreco}</arg>
<arg>cdescricao=${cdescricao}</arg>
<arg>cquantidade=${cquantidade}</arg>
<kw name="Create Dictionary" library="BuiltIn">
<var>${produtos}</var>
<doc>Creates and returns a dictionary based on the given ``items``.</doc>
<msg timestamp="20240525 02:51:32.546" level="INFO">${produtos} = {}</msg>
<status status="PASS" starttime="20240525 02:51:32.545" endtime="20240525 02:51:32.546"/>
</kw>
<kw name="Run Keyword If" library="BuiltIn">
<arg>"${cnome}" != 'None'</arg>
<arg>Set To Dictionary</arg>
<arg>${produtos}</arg>
<arg>nome</arg>
<arg>${cnome}</arg>
<doc>Runs the given keyword with the given arguments, if ``condition`` is true.</doc>
<kw name="Set To Dictionary" library="Collections">
<arg>${produtos}</arg>
<arg>nome</arg>
<arg>${cnome}</arg>
<doc>Adds the given ``key_value_pairs`` and/or ``items`` to the ``dictionary``.</doc>
<status status="PASS" starttime="20240525 02:51:32.546" endtime="20240525 02:51:32.547"/>
</kw>
<status status="PASS" starttime="20240525 02:51:32.546" endtime="20240525 02:51:32.547"/>
</kw>
<kw name="Run Keyword If" library="BuiltIn">
<arg>"${cpreco}" != "None"</arg>
<arg>Set To Dictionary</arg>
<arg>${produtos}</arg>
<arg>preco</arg>
<arg>${cpreco}</arg>
<doc>Runs the given keyword with the given arguments, if ``condition`` is true.</doc>
<kw name="Set To Dictionary" library="Collections">
<arg>${produtos}</arg>
<arg>preco</arg>
<arg>${cpreco}</arg>
<doc>Adds the given ``key_value_pairs`` and/or ``items`` to the ``dictionary``.</doc>
<status status="PASS" starttime="20240525 02:51:32.548" endtime="20240525 02:51:32.548"/>
</kw>
<status status="PASS" starttime="20240525 02:51:32.547" endtime="20240525 02:51:32.548"/>
</kw>
<kw name="Run Keyword If" library="BuiltIn">
<arg>"${cdescricao}" != "None"</arg>
<arg>Set To Dictionary</arg>
<arg>${produtos}</arg>
<arg>descricao</arg>
<arg>${cdescricao}</arg>
<doc>Runs the given keyword with the given arguments, if ``condition`` is true.</doc>
<kw name="Set To Dictionary" library="Collections">
<arg>${produtos}</arg>
<arg>descricao</arg>
<arg>${cdescricao}</arg>
<doc>Adds the given ``key_value_pairs`` and/or ``items`` to the ``dictionary``.</doc>
<status status="PASS" starttime="20240525 02:51:32.549" endtime="20240525 02:51:32.550"/>
</kw>
<status status="PASS" starttime="20240525 02:51:32.549" endtime="20240525 02:51:32.550"/>
</kw>
<kw name="Run Keyword If" library="BuiltIn">
<arg>"${cquantidade}" != "None"</arg>
<arg>Set To Dictionary</arg>
<arg>${produtos}</arg>
<arg>quantidade</arg>
<arg>${cquantidade}</arg>
<doc>Runs the given keyword with the given arguments, if ``condition`` is true.</doc>
<status status="PASS" starttime="20240525 02:51:32.550" endtime="20240525 02:51:32.551"/>
</kw>
<msg timestamp="20240525 02:51:32.551" level="INFO">${bodyPostProd} = {'nome': 'nome', 'preco': 'preco', 'descricao': 'descricao'}</msg>
<status status="PASS" starttime="20240525 02:51:32.544" endtime="20240525 02:51:32.551"/>
</kw>
<kw name="Log" library="BuiltIn">
<arg>${bodyPostProd}</arg>
<doc>Logs the given message with the given level.</doc>
<msg timestamp="20240525 02:51:32.552" level="INFO">{'nome': 'nome', 'preco': 'preco', 'descricao': 'descricao'}</msg>
<status status="PASS" starttime="20240525 02:51:32.551" endtime="20240525 02:51:32.552"/>
</kw>
<kw name="HeadersAuth" library="services">
<arg>${token}</arg>
<kw name="Create Dictionary" library="BuiltIn">
<var>${headersAuth}</var>
<arg>Authorization=${token}</arg>
<doc>Creates and returns a dictionary based on the given ``items``.</doc>
<msg timestamp="20240525 02:51:32.554" level="INFO">${headersAuth} = {'Authorization': 'Bearer eyJhbGciOiJIUzI1NiIsInR5cCI6IkpXVCJ9.eyJlbWFpbCI6InNhbmRyb3Rlc3RlQHFhLmNvbSIsInBhc3N3b3JkIjoidGVzdGVRQSIsImlhdCI6MTcxNjYxNjI3NywiZXhwIjoxNzE2NjE2ODc3fQ.7Px2XjFB-awYHjDi6xGh6Z...</msg>
<status status="PASS" starttime="20240525 02:51:32.553" endtime="20240525 02:51:32.554"/>
</kw>
<kw name="Set Test Variable" library="BuiltIn">
<arg>${headersAuth}</arg>
<doc>Makes a variable available everywhere within the scope of the current test.</doc>
<msg timestamp="20240525 02:51:32.554" level="INFO">${headersAuth} = {'Authorization': 'Bearer eyJhbGciOiJIUzI1NiIsInR5cCI6IkpXVCJ9.eyJlbWFpbCI6InNhbmRyb3Rlc3RlQHFhLmNvbSIsInBhc3N3b3JkIjoidGVzdGVRQSIsImlhdCI6MTcxNjYxNjI3NywiZXhwIjoxNzE2NjE2ODc3fQ.7Px2XjFB-awYHjDi6xGh6Z...</msg>
<status status="PASS" starttime="20240525 02:51:32.554" endtime="20240525 02:51:32.555"/>
</kw>
<status status="PASS" starttime="20240525 02:51:32.552" endtime="20240525 02:51:32.555"/>
</kw>
<kw name="Post Cadastrar" library="services">
<var>${RESPOSTA}</var>
<arg>/produtos</arg>
<arg>${headersAuth}</arg>
<arg>${bodyPostProd}</arg>
<kw name="POST" library="RequestsLibrary">
<var>${response}</var>
<arg>${base_url}${endpoint}</arg>
<arg>json=${body}</arg>
<arg>headers=${headers}</arg>
<arg>expected_status=any</arg>
<doc>Sends a POST request.</doc>
<msg timestamp="20240525 02:51:33.649" level="INFO">POST Request : url=https://serverest.dev/produtos 
 path_url=/produtos 
 headers={'User-Agent': 'python-requests/2.31.0', 'Accept-Encoding': 'gzip, deflate', 'Accept': '*/*', 'Connection': 'keep-alive', 'Authorization': 'Bearer eyJhbGciOiJIUzI1NiIsInR5cCI6IkpXVCJ9.eyJlbWFpbCI6InNhbmRyb3Rlc3RlQHFhLmNvbSIsInBhc3N3b3JkIjoidGVzdGVRQSIsImlhdCI6MTcxNjYxNjI3NywiZXhwIjoxNzE2NjE2ODc3fQ.7Px2XjFB-awYHjDi6xGh6ZMQbyKG0-PtNcMQyTxOX2U', 'Content-Length': '60', 'Content-Type': 'application/json'} 
 body=b'{"nome": "nome", "preco": "preco", "descricao": "descricao"}' 
 </msg>
<msg timestamp="20240525 02:51:33.650" level="INFO">POST Response : url=https://serverest.dev/produtos 
 status=400, reason=Bad Request 
 headers={'access-control-allow-origin': '*', 'x-dns-prefetch-control': 'off', 'x-frame-options': 'SAMEORIGIN', 'strict-transport-security': 'max-age=15552000; includeSubDomains', 'x-download-options': 'noopen', 'x-content-type-options': 'nosniff', 'x-xss-protection': '1; mode=block', 'content-type': 'application/json; charset=utf-8', 'X-Cloud-Trace-Context': 'decaf9b5748d2ded544f288b2d8dbcc1', 'Date': 'Sat, 25 May 2024 05:51:33 GMT', 'Server': 'Google Frontend', 'Content-Length': '92'} 
 body={
    "preco": "preco deve ser um número",
    "quantidade": "quantidade é obrigatório"
} 
 </msg>
<msg timestamp="20240525 02:51:33.650" level="INFO">${response} = &lt;Response [400]&gt;</msg>
<status status="PASS" starttime="20240525 02:51:32.556" endtime="20240525 02:51:33.650"/>
</kw>
<msg timestamp="20240525 02:51:33.651" level="INFO">${RESPOSTA} = &lt;Response [400]&gt;</msg>
<status status="PASS" starttime="20240525 02:51:32.555" endtime="20240525 02:51:33.651"/>
</kw>
<kw name="Set Test Variable" library="BuiltIn">
<arg>${RESPOSTA}</arg>
<doc>Makes a variable available everywhere within the scope of the current test.</doc>
<msg timestamp="20240525 02:51:33.652" level="INFO">${RESPOSTA} = &lt;Response [400]&gt;</msg>
<status status="PASS" starttime="20240525 02:51:33.651" endtime="20240525 02:51:33.652"/>
</kw>
<kw name="Log" library="BuiltIn">
<arg>${RESPOSTA.json()}</arg>
<doc>Logs the given message with the given level.</doc>
<msg timestamp="20240525 02:51:33.654" level="INFO">{'preco': 'preco deve ser um número', 'quantidade': 'quantidade é obrigatório'}</msg>
<status status="PASS" starttime="20240525 02:51:33.652" endtime="20240525 02:51:33.654"/>
</kw>
<status status="PASS" starttime="20240525 02:51:32.543" endtime="20240525 02:51:33.654"/>
</kw>
<kw name="Então ira visuazilar o Status Code" library="get_produtos">
<arg>400</arg>
<kw name="Should Be Equal As Strings" library="BuiltIn">
<arg>${RESPOSTA.status_code}</arg>
<arg>${statusCode}</arg>
<doc>Fails if objects are unequal after converting them to strings.</doc>
<msg timestamp="20240525 02:51:33.657" level="INFO">Argument types are:
&lt;class 'int'&gt;
&lt;class 'str'&gt;</msg>
<status status="PASS" starttime="20240525 02:51:33.656" endtime="20240525 02:51:33.657"/>
</kw>
<status status="PASS" starttime="20240525 02:51:33.655" endtime="20240525 02:51:33.657"/>
</kw>
<kw name="E verificar a mensagem de validação do campo" library="post_produtos">
<arg>quantidade</arg>
<arg>quantidade é obrigatório</arg>
<kw name="Should Be Equal As Strings" library="BuiltIn">
<arg>${RESPOSTA.json()}[${campo}]</arg>
<arg>${mensagem}</arg>
<doc>Fails if objects are unequal after converting them to strings.</doc>
<status status="PASS" starttime="20240525 02:51:33.660" endtime="20240525 02:51:33.661"/>
</kw>
<status status="PASS" starttime="20240525 02:51:33.659" endtime="20240525 02:51:33.661"/>
</kw>
<status status="PASS" starttime="20240525 02:51:32.542" endtime="20240525 02:51:33.662"/>
</test>
<doc>Documentacao do POST da API: ServeRest</doc>
<status status="PASS" starttime="20240525 02:51:15.378" endtime="20240525 02:51:33.667"/>
</suite>
<statistics>
<total>
<stat pass="12" fail="0" skip="0">All Tests</stat>
</total>
<tag>
</tag>
<suite>
<stat pass="12" fail="0" skip="0" id="s1" name="03 - Post Produtos">03 - Post Produtos</stat>
</suite>
</statistics>
<errors>
</errors>
</robot>
